20200215 08:40:53 Errortrunk:0  
cannot open ../../apps/lua_test/scripts/main.lua: No such file or directory
20200215 08:40:53 DebugF:\Projects\unity\Moba\Server\apps\lua_test\TestLua.cpp:45  
服务器退出
20200215 10:24:33 DebugF:\Projects\unity\Moba\Server\apps\lua_test\TestLua.cpp:17  
F:\Projects\unity\Moba\Server\build\proj_win32\x64\Debug\MobaServer.exe
20200215 10:24:33 ErrorF:\Projects\unity\Moba\Server\netbus\protocol\CmdPackageProtocol.cpp:38  
使用protobuf但指定目录无效：invaild path
20200215 10:24:33 Debug../../apps/lua_test/scripts/gateway/gateway_server_main.lua:22  
Gateway Server [tcp] listen at: 	6080
20200215 10:24:33 Debug../../apps/lua_test/scripts/gateway/gateway_server_main.lua:30  
register Gateway Service:[1] service success
20200215 10:25:36 DebugF:\Projects\unity\Moba\Server\apps\lua_test\TestLua.cpp:14  
F:\Projects\unity\Moba\Server\build\proj_win32\x64\Debug\MobaServer.exe
20200215 10:25:36 DebugF:\Projects\unity\Moba\Server\apps\lua_test\TestLua.cpp:18  
F:\Projects\unity\Moba\Server\build\proj_win32\x64\Debug\MobaServer.exe
20200215 10:25:36 DebugF:\Projects\unity\Moba\Server\apps\lua_test\TestLua.cpp:20  
F:\Projects\unity\Moba\Server\build\proj_win32\x64\Debug\MobaServer.exe
20200215 10:25:36 DebugF:\Projects\unity\Moba\Server\apps\lua_test\TestLua.cpp:24  
F:\Projects\unity\Moba\Server\build\proj_win32\x64\Debug\MobaServer.exe
20200215 10:25:37 ErrorF:\Projects\unity\Moba\Server\netbus\protocol\CmdPackageProtocol.cpp:38  
使用protobuf但指定目录无效：invaild path
20200215 10:25:37 Debug../../apps/lua_test/scripts/gateway/gateway_server_main.lua:22  
Gateway Server [tcp] listen at: 	6080
20200215 10:25:37 Debug../../apps/lua_test/scripts/gateway/gateway_server_main.lua:30  
register Gateway Service:[1] service success
20200215 10:26:41 DebugF:\Projects\unity\Moba\Server\apps\lua_test\TestLua.cpp:14  
F:\Projects\unity\Moba\Server\build\proj_win32\x64\Debug\MobaServer.exe
20200215 10:26:41 DebugF:\Projects\unity\Moba\Server\apps\lua_test\TestLua.cpp:18  
F:\Projects\unity\Moba\Server\build\proj_win32\x64\Debug\MobaServer.exe
20200215 10:26:41 DebugF:\Projects\unity\Moba\Server\apps\lua_test\TestLua.cpp:20  
F:\Projects\unity\Moba\Server\build\proj_win32\x64\Debug\MobaServer.exe
20200215 10:26:41 DebugF:\Projects\unity\Moba\Server\apps\lua_test\TestLua.cpp:49  
服务器退出
20200215 13:21:43 Errortrunk:0  
../../apps/lua_test/scripts/gateway/gateway_server_main.lua:8: invalid escape sequence near '"F:\P'
20200215 13:21:43 DebugF:\Projects\unity\Moba\Server\apps\lua_test\TestLua.cpp:72  
服务器退出
20200215 13:22:23 Errortrunk:0  
../../apps/lua_test/scripts/gateway/gateway_server_main.lua:8: invalid escape sequence near '"F:\P'
20200215 13:22:23 DebugF:\Projects\unity\Moba\Server\apps\lua_test\TestLua.cpp:72  
服务器退出
20200215 13:25:09 Errortrunk:0  
../../apps/lua_test/scripts/gateway/gateway_server_main.lua:8: invalid escape sequence near '"F:\P'
20200215 13:25:09 DebugF:\Projects\unity\Moba\Server\apps\lua_test\TestLua.cpp:72  
服务器退出
20200215 13:26:13 Errortrunk:0  
../../apps/lua_test/scripts/gateway/gateway_server_main.lua:8: invalid escape sequence near '"F:\P'
20200215 13:26:13 DebugF:\Projects\unity\Moba\Server\apps\lua_test\TestLua.cpp:72  
服务器退出
20200215 13:27:26 Errortrunk:0  
../../apps/lua_test/scripts/gateway/gateway_server_main.lua:8: invalid escape sequence near '"F:\P'
20200215 21:36:03 Errortrunk:0  
../../apps/lua_test/scripts/ChatRoom/chat_room_main.lua:17: syntax error near 'Netbus'
20200215 21:36:03 DebugF:\Projects\unity\Moba\Server\apps\lua_test\TestLua.cpp:70  
服务器退出
20200215 21:37:00 Errortrunk:0  
../../apps/lua_test/scripts/ChatRoom/chat_room_main.lua:17: syntax error near 'Netbus'
20200215 21:37:00 DebugF:\Projects\unity\Moba\Server\apps\lua_test\TestLua.cpp:70  
服务器退出
20200215 21:38:22 Errortrunk:0  
../../apps/lua_test/scripts/ChatRoom/chat_room_main.lua:17: syntax error near 'Netbus'
20200215 21:38:22 DebugF:\Projects\unity\Moba\Server\apps\lua_test\TestLua.cpp:38  
???
20200215 21:38:22 DebugF:\Projects\unity\Moba\Server\apps\lua_test\TestLua.cpp:71  
服务器退出
20200215 21:39:16 DebugF:\Projects\unity\Moba\Server\apps\lua_test\TestLua.cpp:34  
12132131
20200215 21:39:16 Errortrunk:0  
../../apps/lua_test/scripts/ChatRoom/chat_room_main.lua:17: syntax error near 'Netbus'
20200215 21:39:16 DebugF:\Projects\unity\Moba\Server\apps\lua_test\TestLua.cpp:39  
???
20200215 21:39:16 DebugF:\Projects\unity\Moba\Server\apps\lua_test\TestLua.cpp:72  
服务器退出
20200215 21:40:04 DebugF:\Projects\unity\Moba\Server\apps\lua_test\TestLua.cpp:34  
12132131
20200215 21:40:04 Errortrunk:0  
../../apps/lua_test/scripts/ChatRoom/chat_room_main.lua:17: syntax error near 'Netbus'
20200215 21:40:04 DebugF:\Projects\unity\Moba\Server\apps\lua_test\TestLua.cpp:39  
???
20200215 21:40:04 DebugF:\Projects\unity\Moba\Server\apps\lua_test\TestLua.cpp:72  
服务器退出
20200215 21:41:45 DebugF:\Projects\unity\Moba\Server\apps\lua_test\TestLua.cpp:34  
12132131
20200215 21:41:45 Errortrunk:0  
../../apps/lua_test/scripts/ChatRoom/chat_room_main.lua:17: syntax error near 'Netbus'
20200215 21:41:45 DebugF:\Projects\unity\Moba\Server\apps\lua_test\TestLua.cpp:39  
???
20200215 21:41:45 DebugF:\Projects\unity\Moba\Server\apps\lua_test\TestLua.cpp:72  
服务器退出
20200215 21:43:00 Errortrunk:0  
../../apps/lua_test/scripts/ChatRoom/chat_room_main.lua:17: syntax error near 'Netbus'
20200215 21:43:00 DebugF:\Projects\unity\Moba\Server\apps\lua_test\TestLua.cpp:38  
???
20200215 21:43:00 DebugF:\Projects\unity\Moba\Server\apps\lua_test\TestLua.cpp:71  
服务器退出
