20200223 11:28:51 Debug../../apps/lua_test/scripts/logic/logic_server_main.lua:33  
Logic server [tcp] listen at: 	8002
20200223 11:28:51 Debug../../apps/lua_test/scripts/logic/logic_server_main.lua:39  
register Logic Service:[3] service success
20200223 11:28:51 Debug../../apps/lua_test/scripts/datebase/mysql_game.lua:20  
connect to mysql [ moba_game ] success
20200223 11:28:53 Debug../../apps/lua_test/scripts/logic/logic_server_main.lua:30  
new client come [127.0.0.1:50200]
20200223 11:28:53 Debug../../apps/lua_test/scripts/logic/GameMgr.lua:97  
gateway connect to logic
20200223 11:29:10 Debug../../apps/lua_test/scripts/logic/GameMgr.lua:56  
Player [ 1 ] come in
20200223 11:29:25 Debug../../apps/lua_test/scripts/logic/GameMgr.lua:109  
flag 1
20200223 11:29:25 Debug../../apps/lua_test/scripts/logic/GameMgr.lua:118  
flag 2
20200223 11:29:25 Error../../apps/lua_test/scripts/logic/GameMgr.lua:125  
msg.zoneId is null
20200223 11:29:30 Debug../../apps/lua_test/scripts/logic/GameMgr.lua:109  
flag 1
20200223 11:29:30 Debug../../apps/lua_test/scripts/logic/GameMgr.lua:118  
flag 2
20200223 11:29:30 Error../../apps/lua_test/scripts/logic/GameMgr.lua:125  
msg.zoneId is null
20200223 11:35:15 Debug../../apps/lua_test/scripts/logic/GameMgr.lua:109  
flag 1
20200223 11:35:15 Debug../../apps/lua_test/scripts/logic/GameMgr.lua:118  
flag 2
20200223 11:35:15 Error../../apps/lua_test/scripts/logic/GameMgr.lua:125  
msg.zoneId is null
20200223 12:28:24 Debug../../apps/lua_test/scripts/logic/logic_server_main.lua:33  
Logic server [tcp] listen at: 	8002
20200223 12:28:24 Debug../../apps/lua_test/scripts/logic/logic_server_main.lua:39  
register Logic Service:[3] service success
20200223 12:28:24 Debug../../apps/lua_test/scripts/datebase/mysql_game.lua:20  
connect to mysql [ moba_game ] success
20200223 12:28:26 Debug../../apps/lua_test/scripts/logic/logic_server_main.lua:30  
new client come [127.0.0.1:51447]
20200223 12:28:26 Debug../../apps/lua_test/scripts/logic/GameMgr.lua:97  
gateway connect to logic
20200223 12:28:46 Debug../../apps/lua_test/scripts/logic/GameMgr.lua:56  
Player [ 1 ] come in
20200223 12:29:36 Debug../../apps/lua_test/scripts/logic/GameMgr.lua:109  
flag 1
20200223 12:29:36 Debug../../apps/lua_test/scripts/logic/GameMgr.lua:123  
flag 2
20200223 12:31:15 Debug../../apps/lua_test/scripts/logic/GameMgr.lua:109  
flag 1
