20200303 19:58:47 Debug../../apps/lua_test/scripts/logic/logic_server_main.lua:35  
Logic server [tcp] listen at: 	8002
20200303 19:58:47 Debug../../apps/lua_test/scripts/logic/logic_server_main.lua:41  
register Logic Service:[3] service success
20200303 19:58:47 Debug../../apps/lua_test/scripts/datebase/mysql_center.lua:24  
connect to mysql [ auth_center_db ] success
20200303 19:58:47 Debug../../apps/lua_test/scripts/datebase/mysql_game.lua:25  
connect to mysql [ moba_game ] success
20200303 20:07:09 Debug../../apps/lua_test/scripts/logic/logic_server_main.lua:35  
Logic server [tcp] listen at: 	8002
20200303 20:07:09 Debug../../apps/lua_test/scripts/logic/logic_server_main.lua:41  
register Logic Service:[3] service success
20200303 20:07:09 Debug../../apps/lua_test/scripts/datebase/mysql_center.lua:24  
connect to mysql [ auth_center_db ] success
20200303 20:07:09 Debug../../apps/lua_test/scripts/datebase/mysql_game.lua:25  
connect to mysql [ moba_game ] success
20200303 20:07:14 Error../../apps/lua_test/scripts/datebase/redis_center.lua:19  
系统试图将驱动器合并到合并驱动器上的目录。
20200303 20:07:14 Error../../apps/lua_test/scripts/datebase/redis_game.lua:19  
Redis Connect Error	系统试图将驱动器合并到合并驱动器上的目录。
20200303 20:07:31 Debug../../apps/lua_test/scripts/logic/logic_server_main.lua:35  
Logic server [tcp] listen at: 	8002
20200303 20:07:31 Debug../../apps/lua_test/scripts/logic/logic_server_main.lua:41  
register Logic Service:[3] service success
20200303 20:07:31 Debug../../apps/lua_test/scripts/datebase/mysql_center.lua:24  
connect to mysql [ auth_center_db ] success
20200303 20:07:31 Debug../../apps/lua_test/scripts/datebase/mysql_game.lua:25  
connect to mysql [ moba_game ] success
20200303 20:07:36 Error../../apps/lua_test/scripts/datebase/redis_game.lua:19  
Redis Connect Error	系统试图将驱动器合并到合并驱动器上的目录。
20200303 20:07:36 Error../../apps/lua_test/scripts/datebase/redis_center.lua:19  
系统试图将驱动器合并到合并驱动器上的目录。
20200303 20:07:46 Error../../apps/lua_test/scripts/datebase/redis_game.lua:19  
Redis Connect Error	系统试图将驱动器合并到合并驱动器上的目录。
20200303 20:07:46 Error../../apps/lua_test/scripts/datebase/redis_center.lua:19  
系统试图将驱动器合并到合并驱动器上的目录。
20200303 20:07:56 Error../../apps/lua_test/scripts/datebase/redis_game.lua:19  
Redis Connect Error	系统试图将驱动器合并到合并驱动器上的目录。
