20200301 10:21:31 Debug../../apps/lua_test/scripts/logic/logic_server_main.lua:36  
Logic server [tcp] listen at: 	8002
20200301 10:21:31 Debug../../apps/lua_test/scripts/logic/logic_server_main.lua:42  
register Logic Service:[3] service success
20200301 10:21:31 Debug../../apps/lua_test/scripts/datebase/redis_game.lua:31  
connect to redis [ 2 ] success
20200301 10:21:31 Debug../../apps/lua_test/scripts/datebase/redis_center.lua:31  
connect to redis [ 1 ] success
20200301 10:21:31 Debug../../apps/lua_test/scripts/datebase/mysql_game.lua:25  
connect to mysql [ moba_game ] success
20200301 10:21:31 Debug../../apps/lua_test/scripts/datebase/mysql_center.lua:24  
connect to mysql [ auth_center_db ] success
20200301 10:21:35 Debug../../apps/lua_test/scripts/logic/logic_server_main.lua:32  
new client come [127.0.0.1:53847]
20200301 10:21:35 Debug../../apps/lua_test/scripts/logic/GameMgr.lua:293  
gateway connect to logic
20200301 10:21:49 Debug../../apps/lua_test/scripts/logic/LogicService.lua:14  
???
20200301 10:21:49 Debug../../apps/lua_test/scripts/logic/GameMgr.lua:231  
127.0.0.1	8888
20200301 10:21:49 Debug../../apps/lua_test/scripts/logic/GameMgr.lua:252  
Player [ 1 ] come in
20200301 10:22:02 Debug../../apps/lua_test/scripts/logic/LogicService.lua:14  
???
20200301 10:22:02 Debug../../apps/lua_test/scripts/logic/MatchMgr.lua:38  
room init 	1	1
20200301 10:22:02 Debug../../apps/lua_test/scripts/logic/GameMgr.lua:173  
create room	1
20200301 10:23:11 Debug../../apps/lua_test/scripts/logic/LogicService.lua:14  
???
20200301 10:23:11 Debug../../apps/lua_test/scripts/logic/GameMgr.lua:278  
Player [ 1 ] leave
20200301 10:23:15 Debug../../apps/lua_test/scripts/logic/LogicService.lua:24  
client [127.0.0.1:53847] leave
