20200302 07:59:23 Debug../../apps/lua_test/scripts/gateway/gateway_server_main.lua:28  
Gateway Server [tcp] listen at: 	6080
20200302 07:59:23 Debug../../apps/lua_test/scripts/gateway/gateway_server_main.lua:40  
register Gateway Service:[1] service success
20200302 07:59:23 Debug../../apps/lua_test/scripts/gateway/gateway_server_main.lua:40  
register Gateway Service:[2] service success
20200302 07:59:23 Debug../../apps/lua_test/scripts/gateway/gateway_server_main.lua:40  
register Gateway Service:[3] service success
20200302 07:59:25 Error../../apps/lua_test/scripts/gateway/GatewayService.lua:21  
connect to server [System Server]127.0.0.18001 failed, reconnecting...
20200302 07:59:25 Error../../apps/lua_test/scripts/gateway/GatewayService.lua:21  
connect to server [Auth Server]127.0.0.18000 failed, reconnecting...
20200302 07:59:25 Error../../apps/lua_test/scripts/gateway/GatewayService.lua:21  
connect to server [Logic Server]127.0.0.18002 failed, reconnecting...
20200302 07:59:30 Error../../apps/lua_test/scripts/gateway/GatewayService.lua:21  
connect to server [Auth Server]127.0.0.18000 failed, reconnecting...
20200302 07:59:30 Error../../apps/lua_test/scripts/gateway/GatewayService.lua:21  
connect to server [Logic Server]127.0.0.18002 failed, reconnecting...
20200302 07:59:30 Error../../apps/lua_test/scripts/gateway/GatewayService.lua:21  
connect to server [System Server]127.0.0.18001 failed, reconnecting...
20200302 07:59:35 Error../../apps/lua_test/scripts/gateway/GatewayService.lua:21  
connect to server [Auth Server]127.0.0.18000 failed, reconnecting...
20200302 07:59:35 Error../../apps/lua_test/scripts/gateway/GatewayService.lua:21  
connect to server [System Server]127.0.0.18001 failed, reconnecting...
20200302 07:59:35 Error../../apps/lua_test/scripts/gateway/GatewayService.lua:21  
connect to server [Logic Server]127.0.0.18002 failed, reconnecting...
20200302 07:59:40 Error../../apps/lua_test/scripts/gateway/GatewayService.lua:21  
connect to server [Auth Server]127.0.0.18000 failed, reconnecting...
20200302 07:59:40 Error../../apps/lua_test/scripts/gateway/GatewayService.lua:21  
connect to server [System Server]127.0.0.18001 failed, reconnecting...
20200302 07:59:40 Error../../apps/lua_test/scripts/gateway/GatewayService.lua:21  
connect to server [Logic Server]127.0.0.18002 failed, reconnecting...
20200302 07:59:45 Error../../apps/lua_test/scripts/gateway/GatewayService.lua:21  
connect to server [Auth Server]127.0.0.18000 failed, reconnecting...
20200302 07:59:45 Error../../apps/lua_test/scripts/gateway/GatewayService.lua:21  
connect to server [Logic Server]127.0.0.18002 failed, reconnecting...
20200302 07:59:45 Error../../apps/lua_test/scripts/gateway/GatewayService.lua:21  
connect to server [System Server]127.0.0.18001 failed, reconnecting...
20200302 07:59:50 Error../../apps/lua_test/scripts/gateway/GatewayService.lua:21  
connect to server [Auth Server]127.0.0.18000 failed, reconnecting...
20200302 07:59:50 Error../../apps/lua_test/scripts/gateway/GatewayService.lua:21  
connect to server [System Server]127.0.0.18001 failed, reconnecting...
20200302 07:59:50 Error../../apps/lua_test/scripts/gateway/GatewayService.lua:21  
connect to server [Logic Server]127.0.0.18002 failed, reconnecting...
20200302 07:59:55 Error../../apps/lua_test/scripts/gateway/GatewayService.lua:21  
connect to server [Auth Server]127.0.0.18000 failed, reconnecting...
20200302 07:59:55 Error../../apps/lua_test/scripts/gateway/GatewayService.lua:21  
connect to server [Logic Server]127.0.0.18002 failed, reconnecting...
20200302 07:59:55 Error../../apps/lua_test/scripts/gateway/GatewayService.lua:21  
connect to server [System Server]127.0.0.18001 failed, reconnecting...
20200302 08:00:00 Error../../apps/lua_test/scripts/gateway/GatewayService.lua:21  
connect to server [Auth Server]127.0.0.18000 failed, reconnecting...
20200302 08:00:00 Error../../apps/lua_test/scripts/gateway/GatewayService.lua:21  
connect to server [System Server]127.0.0.18001 failed, reconnecting...
20200302 08:00:00 Error../../apps/lua_test/scripts/gateway/GatewayService.lua:21  
connect to server [Logic Server]127.0.0.18002 failed, reconnecting...
20200302 08:00:05 Error../../apps/lua_test/scripts/gateway/GatewayService.lua:21  
connect to server [Auth Server]127.0.0.18000 failed, reconnecting...
20200302 08:00:05 Error../../apps/lua_test/scripts/gateway/GatewayService.lua:21  
connect to server [Logic Server]127.0.0.18002 failed, reconnecting...
20200302 08:00:05 Error../../apps/lua_test/scripts/gateway/GatewayService.lua:21  
connect to server [System Server]127.0.0.18001 failed, reconnecting...
