20200216 08:06:57 Debug../../apps/lua_test/scripts/gateway/gateway_server_main.lua:22  
Gateway Server [tcp] listen at: 	6080
20200216 08:06:57 Debug../../apps/lua_test/scripts/gateway/gateway_server_main.lua:30  
register Gateway Service:[1] service success
20200216 08:06:59 Error../../apps/lua_test/scripts/gateway/GatewayService.lua:17  
failed to connect to server [Auth Server]127.0.0.18000
20200216 08:06:59 Debug../../apps/lua_test/scripts/gateway/GatewayService.lua:105  
client removed
20200216 08:07:04 Error../../apps/lua_test/scripts/gateway/GatewayService.lua:17  
failed to connect to server [Auth Server]127.0.0.18000
20200216 08:07:04 Debug../../apps/lua_test/scripts/gateway/GatewayService.lua:105  
client removed
20200216 08:07:09 Error../../apps/lua_test/scripts/gateway/GatewayService.lua:17  
failed to connect to server [Auth Server]127.0.0.18000
20200216 08:07:09 Debug../../apps/lua_test/scripts/gateway/GatewayService.lua:105  
client removed
20200216 08:07:14 Error../../apps/lua_test/scripts/gateway/GatewayService.lua:17  
failed to connect to server [Auth Server]127.0.0.18000
20200216 08:07:14 Debug../../apps/lua_test/scripts/gateway/GatewayService.lua:105  
client removed
20200216 08:07:19 Error../../apps/lua_test/scripts/gateway/GatewayService.lua:17  
failed to connect to server [Auth Server]127.0.0.18000
20200216 08:07:19 Debug../../apps/lua_test/scripts/gateway/GatewayService.lua:105  
client removed
20200216 08:52:04 Debug../../apps/lua_test/scripts/gateway/gateway_server_main.lua:22  
Gateway Server [tcp] listen at: 	6080
20200216 08:52:04 Debug../../apps/lua_test/scripts/gateway/gateway_server_main.lua:30  
register Gateway Service:[1] service success
20200216 08:52:05 Debug../../apps/lua_test/scripts/gateway/GatewayService.lua:21  
success to connect to server [Auth Server]127.0.0.18000
20200216 08:52:18 DebugF:\Projects\unity\Moba\Server\netbus\Netbus.cpp:171  
new client comming:	127.0.0.1:50213
20200216 08:52:22 DebugF:\Projects\unity\Moba\Server\netbus\Netbus.cpp:240  
client command!!
20200216 08:52:22 Debug../../apps/lua_test/scripts/gateway/GatewayService.lua:61  
recv raw
20200216 08:52:22 DebugF:\Projects\unity\Moba\Server\netbus\session\TcpSession.cpp:64  
write success
20200216 08:52:22 DebugF:\Projects\unity\Moba\Server\netbus\Netbus.cpp:240  
client command!!
20200216 08:52:22 Debug../../apps/lua_test/scripts/gateway/GatewayService.lua:61  
recv raw
20200216 08:52:22 Debug../../apps/lua_test/scripts/gateway/GatewayService.lua:63  
resend to client
20200216 08:52:22 Debug../../apps/lua_test/scripts/gateway/GatewayService.lua:82  
really resend to client
20200216 08:52:22 DebugF:\Projects\unity\Moba\Server\netbus\session\TcpSession.cpp:64  
write success
20200216 08:52:31 Debug../../apps/lua_test/scripts/gateway/GatewayService.lua:128  
client removed
20200216 08:52:31 DebugF:\Projects\unity\Moba\Server\netbus\session\TcpSession.cpp:47  
用户断开链接
20200216 08:52:40 DebugF:\Projects\unity\Moba\Server\netbus\Netbus.cpp:171  
new client comming:	127.0.0.1:50231
20200216 08:52:44 DebugF:\Projects\unity\Moba\Server\netbus\Netbus.cpp:240  
client command!!
20200216 08:52:44 Debug../../apps/lua_test/scripts/gateway/GatewayService.lua:61  
recv raw
20200216 08:52:44 DebugF:\Projects\unity\Moba\Server\netbus\session\TcpSession.cpp:64  
write success
20200216 08:52:44 DebugF:\Projects\unity\Moba\Server\netbus\Netbus.cpp:240  
client command!!
20200216 08:52:44 Debug../../apps/lua_test/scripts/gateway/GatewayService.lua:61  
recv raw
20200216 08:52:44 Debug../../apps/lua_test/scripts/gateway/GatewayService.lua:63  
resend to client
20200216 08:52:44 Debug../../apps/lua_test/scripts/gateway/GatewayService.lua:82  
really resend to client
20200216 08:52:44 DebugF:\Projects\unity\Moba\Server\netbus\session\TcpSession.cpp:64  
write success
20200216 08:52:49 Debug../../apps/lua_test/scripts/gateway/GatewayService.lua:128  
client removed
20200216 08:52:49 DebugF:\Projects\unity\Moba\Server\netbus\session\TcpSession.cpp:47  
用户断开链接
20200216 08:52:57 DebugF:\Projects\unity\Moba\Server\netbus\Netbus.cpp:171  
new client comming:	127.0.0.1:50242
20200216 08:53:00 DebugF:\Projects\unity\Moba\Server\netbus\Netbus.cpp:240  
client command!!
20200216 08:53:00 Debug../../apps/lua_test/scripts/gateway/GatewayService.lua:61  
recv raw
20200216 08:53:00 DebugF:\Projects\unity\Moba\Server\netbus\session\TcpSession.cpp:64  
write success
20200216 08:53:00 DebugF:\Projects\unity\Moba\Server\netbus\Netbus.cpp:240  
client command!!
20200216 08:53:00 Debug../../apps/lua_test/scripts/gateway/GatewayService.lua:61  
recv raw
20200216 08:53:00 Debug../../apps/lua_test/scripts/gateway/GatewayService.lua:63  
resend to client
20200216 08:53:00 Debug../../apps/lua_test/scripts/gateway/GatewayService.lua:82  
really resend to client
20200216 08:53:00 DebugF:\Projects\unity\Moba\Server\netbus\session\TcpSession.cpp:64  
write success
20200216 08:53:04 Debug../../apps/lua_test/scripts/gateway/GatewayService.lua:128  
client removed
20200216 08:53:04 DebugF:\Projects\unity\Moba\Server\netbus\session\TcpSession.cpp:47  
用户断开链接
20200216 14:50:21 Debug../../apps/lua_test/scripts/gateway/gateway_server_main.lua:22  
Gateway Server [tcp] listen at: 	6080
20200216 14:50:21 Debug../../apps/lua_test/scripts/gateway/gateway_server_main.lua:30  
register Gateway Service:[1] service success
20200216 14:50:21 Debug../../apps/lua_test/scripts/gateway/GatewayService.lua:21  
success to connect to server [Auth Server]127.0.0.18000
20200216 14:50:52 DebugF:\Projects\unity\Moba\Server\netbus\Netbus.cpp:171  
new client comming:	127.0.0.1:53217
20200216 14:50:55 DebugF:\Projects\unity\Moba\Server\netbus\Netbus.cpp:240  
client command!!
20200216 14:50:55 Debug../../apps/lua_test/scripts/gateway/GatewayService.lua:61  
recv raw
20200216 14:50:55 DebugF:\Projects\unity\Moba\Server\netbus\session\TcpSession.cpp:64  
write success
20200216 14:50:55 Debug../../apps/lua_test/scripts/gateway/GatewayService.lua:128  
client removed
20200216 14:50:55 DebugF:\Projects\unity\Moba\Server\netbus\session\TcpSession.cpp:47  
用户断开链接
20200216 14:50:56 DebugF:\Projects\unity\Moba\Server\netbus\Netbus.cpp:240  
client command!!
20200216 14:50:56 Debug../../apps/lua_test/scripts/gateway/GatewayService.lua:61  
recv raw
20200216 14:56:28 Debug../../apps/lua_test/scripts/gateway/gateway_server_main.lua:22  
Gateway Server [tcp] listen at: 	6080
20200216 14:56:28 Debug../../apps/lua_test/scripts/gateway/gateway_server_main.lua:30  
register Gateway Service:[1] service success
20200216 14:56:30 Error../../apps/lua_test/scripts/gateway/GatewayService.lua:17  
failed to connect to server [Auth Server]127.0.0.18000
20200216 14:56:30 Debug../../apps/lua_test/scripts/gateway/GatewayService.lua:128  
client removed
20200216 14:56:35 Error../../apps/lua_test/scripts/gateway/GatewayService.lua:17  
failed to connect to server [Auth Server]127.0.0.18000
20200216 14:56:35 Debug../../apps/lua_test/scripts/gateway/GatewayService.lua:128  
client removed
20200216 14:56:39 Debug../../apps/lua_test/scripts/gateway/GatewayService.lua:21  
success to connect to server [Auth Server]127.0.0.18000
20200216 14:57:06 DebugF:\Projects\unity\Moba\Server\netbus\Netbus.cpp:171  
new client comming:	127.0.0.1:53364
20200216 14:57:10 DebugF:\Projects\unity\Moba\Server\netbus\Netbus.cpp:240  
client command!!
20200216 14:57:10 Debug../../apps/lua_test/scripts/gateway/GatewayService.lua:61  
recv raw
20200216 14:57:10 DebugF:\Projects\unity\Moba\Server\netbus\session\TcpSession.cpp:64  
write success
20200216 14:57:10 Debug../../apps/lua_test/scripts/gateway/GatewayService.lua:128  
client removed
20200216 14:57:10 DebugF:\Projects\unity\Moba\Server\netbus\session\TcpSession.cpp:47  
用户断开链接
20200216 14:57:10 DebugF:\Projects\unity\Moba\Server\netbus\Netbus.cpp:240  
client command!!
20200216 14:57:10 Debug../../apps/lua_test/scripts/gateway/GatewayService.lua:61  
recv raw
20200216 18:33:41 Debug../../apps/lua_test/scripts/gateway/gateway_server_main.lua:22  
Gateway Server [tcp] listen at: 	6080
20200216 18:33:41 Debug../../apps/lua_test/scripts/gateway/gateway_server_main.lua:30  
register Gateway Service:[1] service success
20200216 18:33:42 Debug../../apps/lua_test/scripts/gateway/GatewayService.lua:21  
success to connect to server [Auth Server]127.0.0.18000
20200216 20:05:39 Debug../../apps/lua_test/scripts/gateway/gateway_server_main.lua:22  
Gateway Server [tcp] listen at: 	6080
20200216 20:05:39 Debug../../apps/lua_test/scripts/gateway/gateway_server_main.lua:30  
register Gateway Service:[1] service success
20200216 20:05:41 Error../../apps/lua_test/scripts/gateway/GatewayService.lua:17  
failed to connect to server [Auth Server]127.0.0.18000
20200216 20:05:41 Debug../../apps/lua_test/scripts/gateway/GatewayService.lua:128  
client removed
20200216 20:05:46 Error../../apps/lua_test/scripts/gateway/GatewayService.lua:17  
failed to connect to server [Auth Server]127.0.0.18000
20200216 20:05:46 Debug../../apps/lua_test/scripts/gateway/GatewayService.lua:128  
client removed
20200216 20:05:51 Error../../apps/lua_test/scripts/gateway/GatewayService.lua:17  
failed to connect to server [Auth Server]127.0.0.18000
20200216 20:05:51 Debug../../apps/lua_test/scripts/gateway/GatewayService.lua:128  
client removed
20200216 20:05:55 Debug../../apps/lua_test/scripts/gateway/GatewayService.lua:21  
success to connect to server [Auth Server]127.0.0.18000
20200216 20:06:20 DebugF:\Projects\unity\Moba\Server\netbus\Netbus.cpp:171  
new client comming:	127.0.0.1:58887
20200216 20:06:25 DebugF:\Projects\unity\Moba\Server\netbus\Netbus.cpp:240  
client command!!
20200216 20:06:52 Debug../../apps/lua_test/scripts/gateway/GatewayService.lua:109  
flag _3
20200216 20:07:01 DebugF:\Projects\unity\Moba\Server\netbus\session\TcpSession.cpp:64  
write success
20200216 20:08:03 Debug../../apps/lua_test/scripts/gateway/GatewayService.lua:128  
client removed
20200216 20:08:04 DebugF:\Projects\unity\Moba\Server\netbus\session\TcpSession.cpp:47  
用户断开链接
20200216 20:10:09 Debug../../apps/lua_test/scripts/gateway/gateway_server_main.lua:22  
Gateway Server [tcp] listen at: 	6080
20200216 20:10:09 Debug../../apps/lua_test/scripts/gateway/gateway_server_main.lua:30  
register Gateway Service:[1] service success
20200216 20:10:10 Debug../../apps/lua_test/scripts/gateway/GatewayService.lua:21  
success to connect to server [Auth Server]127.0.0.18000
20200216 20:11:29 DebugF:\Projects\unity\Moba\Server\netbus\Netbus.cpp:171  
new client comming:	127.0.0.1:58934
20200216 20:11:40 DebugF:\Projects\unity\Moba\Server\netbus\Netbus.cpp:240  
client command!!
20200216 20:12:03 Debug../../apps/lua_test/scripts/gateway/GatewayService.lua:109  
flag _3
20200216 20:12:22 DebugF:\Projects\unity\Moba\Server\netbus\session\TcpSession.cpp:64  
write success
20200216 20:12:22 Debug../../apps/lua_test/scripts/gateway/GatewayService.lua:128  
client removed
20200216 20:12:22 DebugF:\Projects\unity\Moba\Server\netbus\session\TcpSession.cpp:47  
用户断开链接
20200216 20:14:13 Debug../../apps/lua_test/scripts/gateway/GatewayService.lua:128  
client removed
20200216 20:15:57 Debug../../apps/lua_test/scripts/gateway/gateway_server_main.lua:22  
Gateway Server [tcp] listen at: 	6080
20200216 20:15:57 Debug../../apps/lua_test/scripts/gateway/gateway_server_main.lua:30  
register Gateway Service:[1] service success
20200216 20:15:58 Debug../../apps/lua_test/scripts/gateway/GatewayService.lua:21  
success to connect to server [Auth Server]127.0.0.18000
20200216 20:16:57 Debug../../apps/lua_test/scripts/gateway/gateway_server_main.lua:22  
Gateway Server [tcp] listen at: 	6080
20200216 20:16:57 Debug../../apps/lua_test/scripts/gateway/gateway_server_main.lua:30  
register Gateway Service:[1] service success
20200216 20:16:58 Debug../../apps/lua_test/scripts/gateway/GatewayService.lua:21  
success to connect to server [Auth Server]127.0.0.18000
20200216 20:17:20 DebugF:\Projects\unity\Moba\Server\netbus\Netbus.cpp:171  
new client comming:	127.0.0.1:59004
20200216 20:17:25 DebugF:\Projects\unity\Moba\Server\netbus\Netbus.cpp:240  
client command!!
20200216 20:17:28 Debug../../apps/lua_test/scripts/gateway/GatewayService.lua:109  
flag _3
20200216 20:17:31 DebugF:\Projects\unity\Moba\Server\netbus\session\TcpSession.cpp:64  
write success
20200216 20:17:31 Debug../../apps/lua_test/scripts/gateway/GatewayService.lua:128  
client removed
20200216 20:17:31 DebugF:\Projects\unity\Moba\Server\netbus\session\TcpSession.cpp:47  
用户断开链接
20200216 20:27:34 Debug../../apps/lua_test/scripts/gateway/gateway_server_main.lua:22  
Gateway Server [tcp] listen at: 	6080
20200216 20:27:34 Debug../../apps/lua_test/scripts/gateway/gateway_server_main.lua:30  
register Gateway Service:[1] service success
20200216 20:27:36 Error../../apps/lua_test/scripts/gateway/GatewayService.lua:17  
failed to connect to server [Auth Server]127.0.0.18000
20200216 20:27:36 Debug../../apps/lua_test/scripts/gateway/GatewayService.lua:128  
client removed
20200216 20:27:41 Error../../apps/lua_test/scripts/gateway/GatewayService.lua:17  
failed to connect to server [Auth Server]127.0.0.18000
20200216 20:27:41 Debug../../apps/lua_test/scripts/gateway/GatewayService.lua:128  
client removed
20200216 20:27:53 Debug../../apps/lua_test/scripts/gateway/gateway_server_main.lua:22  
Gateway Server [tcp] listen at: 	6080
20200216 20:27:53 Debug../../apps/lua_test/scripts/gateway/gateway_server_main.lua:30  
register Gateway Service:[1] service success
20200216 20:27:54 Debug../../apps/lua_test/scripts/gateway/GatewayService.lua:21  
success to connect to server [Auth Server]127.0.0.18000
20200216 20:28:05 DebugF:\Projects\unity\Moba\Server\netbus\Netbus.cpp:171  
new client comming:	127.0.0.1:59261
20200216 20:28:08 DebugF:\Projects\unity\Moba\Server\netbus\Netbus.cpp:240  
client command!!
20200216 20:28:16 Debug../../apps/lua_test/scripts/gateway/GatewayService.lua:109  
flag _3
20200216 20:28:16 DebugF:\Projects\unity\Moba\Server\netbus\session\TcpSession.cpp:64  
write success
20200216 20:28:16 Debug../../apps/lua_test/scripts/gateway/GatewayService.lua:128  
client removed
20200216 20:28:16 DebugF:\Projects\unity\Moba\Server\netbus\session\TcpSession.cpp:47  
用户断开链接
20200216 20:28:32 Debug../../apps/lua_test/scripts/gateway/GatewayService.lua:128  
client removed
20200216 20:28:32 DebugF:\Projects\unity\Moba\Server\netbus\session\TcpSession.cpp:47  
用户断开链接
20200216 21:47:45 Debug../../apps/lua_test/scripts/gateway/gateway_server_main.lua:22  
Gateway Server [tcp] listen at: 	6080
20200216 21:47:45 Debug../../apps/lua_test/scripts/gateway/gateway_server_main.lua:34  
register Gateway Service:[1] service success
20200216 21:47:47 Error../../apps/lua_test/scripts/gateway/GatewayService.lua:17  
failed to connect to server [Auth Server]127.0.0.18000
20200216 21:47:47 Debug../../apps/lua_test/scripts/gateway/GatewayService.lua:128  
client removed
20200216 21:47:52 Error../../apps/lua_test/scripts/gateway/GatewayService.lua:17  
failed to connect to server [Auth Server]127.0.0.18000
20200216 21:47:52 Debug../../apps/lua_test/scripts/gateway/GatewayService.lua:128  
client removed
20200216 21:47:56 Debug../../apps/lua_test/scripts/gateway/GatewayService.lua:21  
success to connect to server [Auth Server]127.0.0.18000
20200216 21:48:11 DebugF:\Projects\unity\Moba\Server\netbus\Netbus.cpp:171  
new client comming:	127.0.0.1:61253
20200216 21:48:16 DebugF:\Projects\unity\Moba\Server\netbus\Netbus.cpp:240  
client command!!
20200216 21:48:16 Debug../../apps/lua_test/scripts/gateway/GatewayService.lua:109  
flag _3
20200216 21:48:16 DebugF:\Projects\unity\Moba\Server\netbus\session\TcpSession.cpp:64  
write success
20200216 21:50:31 Debug../../apps/lua_test/scripts/gateway/GatewayService.lua:128  
client removed
20200216 21:50:31 DebugF:\Projects\unity\Moba\Server\netbus\session\TcpSession.cpp:47  
用户断开链接
20200216 21:50:38 Debug../../apps/lua_test/scripts/gateway/GatewayService.lua:128  
client removed
20200216 21:50:38 DebugF:\Projects\unity\Moba\Server\netbus\session\TcpSession.cpp:47  
用户断开链接
20200216 22:22:43 Debug../../apps/lua_test/scripts/gateway/gateway_server_main.lua:22  
Gateway Server [tcp] listen at: 	6080
20200216 22:22:43 Debug../../apps/lua_test/scripts/gateway/gateway_server_main.lua:34  
register Gateway Service:[1] service success
20200216 22:22:45 Error../../apps/lua_test/scripts/gateway/GatewayService.lua:17  
connect to server [Auth Server]127.0.0.18000 failed
20200216 22:23:04 Debug../../apps/lua_test/scripts/gateway/GatewayService.lua:112  
server leave
20200216 22:23:09 Error../../apps/lua_test/scripts/gateway/GatewayService.lua:17  
connect to server [Auth Server]127.0.0.18000 failed
20200216 22:23:27 Debug../../apps/lua_test/scripts/gateway/GatewayService.lua:112  
server leave
20200216 22:23:31 Debug../../apps/lua_test/scripts/gateway/GatewayService.lua:21  
connect to server [Auth Server]127.0.0.18000 success
20200216 22:23:44 Debug../../apps/lua_test/scripts/gateway/GatewayService.lua:112  
server leave
20200216 22:23:44 Debug../../apps/lua_test/scripts/gateway/GatewayService.lua:116  
GatewayServer disconnected from: [Auth Server]
20200216 22:23:44 DebugF:\Projects\unity\Moba\Server\netbus\session\TcpSession.cpp:47  
用户断开链接
20200216 22:23:45 Error../../apps/lua_test/scripts/gateway/GatewayService.lua:17  
connect to server [Auth Server]127.0.0.18000 failed
20200216 22:23:53 Debug../../apps/lua_test/scripts/gateway/GatewayService.lua:112  
server leave
20200216 22:23:58 Error../../apps/lua_test/scripts/gateway/GatewayService.lua:17  
connect to server [Auth Server]127.0.0.18000 failed
20200216 22:23:58 Debug../../apps/lua_test/scripts/gateway/GatewayService.lua:112  
server leave
20200216 22:24:03 Error../../apps/lua_test/scripts/gateway/GatewayService.lua:17  
connect to server [Auth Server]127.0.0.18000 failed
20200216 22:24:03 Debug../../apps/lua_test/scripts/gateway/GatewayService.lua:112  
server leave
20200216 22:26:18 Debug../../apps/lua_test/scripts/gateway/gateway_server_main.lua:22  
Gateway Server [tcp] listen at: 	6080
20200216 22:26:18 Debug../../apps/lua_test/scripts/gateway/gateway_server_main.lua:34  
register Gateway Service:[1] service success
20200216 22:26:20 Error../../apps/lua_test/scripts/gateway/GatewayService.lua:17  
connect to server [Auth Server]127.0.0.18000 failed, reconnecting...
20200216 22:26:25 Error../../apps/lua_test/scripts/gateway/GatewayService.lua:17  
connect to server [Auth Server]127.0.0.18000 failed, reconnecting...
20200216 22:26:30 Error../../apps/lua_test/scripts/gateway/GatewayService.lua:17  
connect to server [Auth Server]127.0.0.18000 failed, reconnecting...
20200216 22:26:35 Error../../apps/lua_test/scripts/gateway/GatewayService.lua:17  
connect to server [Auth Server]127.0.0.18000 failed, reconnecting...
20200216 22:26:39 Debug../../apps/lua_test/scripts/gateway/GatewayService.lua:21  
connect to server [Auth Server]127.0.0.18000 success
20200216 22:26:48 Error../../apps/lua_test/scripts/gateway/GatewayService.lua:115  
disconnected from: [Auth Server], reconnecting...
20200216 22:26:48 DebugF:\Projects\unity\Moba\Server\netbus\session\TcpSession.cpp:47  
用户断开链接
20200216 22:26:50 Error../../apps/lua_test/scripts/gateway/GatewayService.lua:17  
connect to server [Auth Server]127.0.0.18000 failed, reconnecting...
20200216 22:26:55 Error../../apps/lua_test/scripts/gateway/GatewayService.lua:17  
connect to server [Auth Server]127.0.0.18000 failed, reconnecting...
20200216 22:33:14 Debug../../apps/lua_test/scripts/gateway/gateway_server_main.lua:22  
Gateway Server [tcp] listen at: 	6080
20200216 22:33:14 Debug../../apps/lua_test/scripts/gateway/gateway_server_main.lua:34  
register Gateway Service:[1] service success
20200216 22:33:16 Error../../apps/lua_test/scripts/gateway/GatewayService.lua:17  
connect to server [Auth Server]127.0.0.18000 failed, reconnecting...
20200216 22:33:16 Debug../../apps/lua_test/scripts/gateway/GatewayService.lua:114  
server [127.0.0.1:8000] leave
20200216 22:33:37 Debug../../apps/lua_test/scripts/gateway/gateway_server_main.lua:22  
Gateway Server [tcp] listen at: 	6080
20200216 22:33:37 Debug../../apps/lua_test/scripts/gateway/gateway_server_main.lua:34  
register Gateway Service:[1] service success
20200216 22:33:39 Error../../apps/lua_test/scripts/gateway/GatewayService.lua:17  
connect to server [Auth Server]127.0.0.18000 failed, reconnecting...
20200216 22:33:39 Debug../../apps/lua_test/scripts/gateway/GatewayService.lua:114  
server [127.0.0.1:8000] leave
20200216 22:33:44 Error../../apps/lua_test/scripts/gateway/GatewayService.lua:17  
connect to server [Auth Server]127.0.0.18000 failed, reconnecting...
20200216 22:33:44 Debug../../apps/lua_test/scripts/gateway/GatewayService.lua:114  
server [127.0.0.1:8000] leave
20200216 22:33:49 Error../../apps/lua_test/scripts/gateway/GatewayService.lua:17  
connect to server [Auth Server]127.0.0.18000 failed, reconnecting...
20200216 22:34:39 Debug../../apps/lua_test/scripts/gateway/gateway_server_main.lua:22  
Gateway Server [tcp] listen at: 	6080
20200216 22:34:39 Debug../../apps/lua_test/scripts/gateway/gateway_server_main.lua:34  
register Gateway Service:[1] service success
20200216 22:34:41 Error../../apps/lua_test/scripts/gateway/GatewayService.lua:17  
connect to server [Auth Server]127.0.0.18000 failed, reconnecting...
20200216 22:34:41 Debug../../apps/lua_test/scripts/gateway/GatewayService.lua:114  
server [127.0.0.1:8000] leave
20200216 22:34:46 Error../../apps/lua_test/scripts/gateway/GatewayService.lua:17  
connect to server [Auth Server]127.0.0.18000 failed, reconnecting...
20200216 22:34:46 Debug../../apps/lua_test/scripts/gateway/GatewayService.lua:114  
server [127.0.0.1:8000] leave
20200216 22:34:51 Error../../apps/lua_test/scripts/gateway/GatewayService.lua:17  
connect to server [Auth Server]127.0.0.18000 failed, reconnecting...
20200216 22:34:51 Debug../../apps/lua_test/scripts/gateway/GatewayService.lua:114  
server [127.0.0.1:8000] leave
20200216 22:34:56 Error../../apps/lua_test/scripts/gateway/GatewayService.lua:17  
connect to server [Auth Server]127.0.0.18000 failed, reconnecting...
20200216 22:34:56 Debug../../apps/lua_test/scripts/gateway/GatewayService.lua:114  
server [127.0.0.1:8000] leave
20200216 22:35:01 Error../../apps/lua_test/scripts/gateway/GatewayService.lua:17  
connect to server [Auth Server]127.0.0.18000 failed, reconnecting...
20200216 22:35:01 Debug../../apps/lua_test/scripts/gateway/GatewayService.lua:114  
server [127.0.0.1:8000] leave
20200216 22:35:06 Error../../apps/lua_test/scripts/gateway/GatewayService.lua:17  
connect to server [Auth Server]127.0.0.18000 failed, reconnecting...
20200216 22:35:06 Debug../../apps/lua_test/scripts/gateway/GatewayService.lua:114  
server [127.0.0.1:8000] leave
20200216 22:35:37 Debug../../apps/lua_test/scripts/gateway/gateway_server_main.lua:22  
Gateway Server [tcp] listen at: 	6080
20200216 22:35:37 Debug../../apps/lua_test/scripts/gateway/gateway_server_main.lua:34  
register Gateway Service:[1] service success
20200216 22:35:39 Error../../apps/lua_test/scripts/gateway/GatewayService.lua:17  
connect to server [Auth Server]127.0.0.18000 failed, reconnecting...
20200216 22:35:44 Error../../apps/lua_test/scripts/gateway/GatewayService.lua:17  
connect to server [Auth Server]127.0.0.18000 failed, reconnecting...
20200216 22:35:49 Error../../apps/lua_test/scripts/gateway/GatewayService.lua:17  
connect to server [Auth Server]127.0.0.18000 failed, reconnecting...
20200216 22:35:52 DebugF:\Projects\unity\Moba\Server\netbus\Netbus.cpp:171  
new client comming:	127.0.0.1:61825
20200216 22:35:54 Error../../apps/lua_test/scripts/gateway/GatewayService.lua:17  
connect to server [Auth Server]127.0.0.18000 failed, reconnecting...
20200216 22:35:58 DebugF:\Projects\unity\Moba\Server\netbus\Netbus.cpp:240  
client command!!
20200216 22:35:58 Debug../../apps/lua_test/scripts/gateway/GatewayService.lua:87  
server is null, sType:1
20200216 22:35:59 Error../../apps/lua_test/scripts/gateway/GatewayService.lua:17  
connect to server [Auth Server]127.0.0.18000 failed, reconnecting...
20200216 22:36:04 Error../../apps/lua_test/scripts/gateway/GatewayService.lua:17  
connect to server [Auth Server]127.0.0.18000 failed, reconnecting...
20200216 22:36:09 Error../../apps/lua_test/scripts/gateway/GatewayService.lua:17  
connect to server [Auth Server]127.0.0.18000 failed, reconnecting...
20200216 22:36:12 DebugF:\Projects\unity\Moba\Server\netbus\Netbus.cpp:240  
client command!!
20200216 22:36:12 Debug../../apps/lua_test/scripts/gateway/GatewayService.lua:87  
server is null, sType:1
20200216 22:36:14 Error../../apps/lua_test/scripts/gateway/GatewayService.lua:17  
connect to server [Auth Server]127.0.0.18000 failed, reconnecting...
20200216 22:36:19 Error../../apps/lua_test/scripts/gateway/GatewayService.lua:17  
connect to server [Auth Server]127.0.0.18000 failed, reconnecting...
20200216 22:36:24 Error../../apps/lua_test/scripts/gateway/GatewayService.lua:17  
connect to server [Auth Server]127.0.0.18000 failed, reconnecting...
20200216 22:36:29 Error../../apps/lua_test/scripts/gateway/GatewayService.lua:17  
connect to server [Auth Server]127.0.0.18000 failed, reconnecting...
20200216 22:36:33 Debug../../apps/lua_test/scripts/gateway/GatewayService.lua:21  
connect to server [Auth Server]127.0.0.18000 success
20200216 22:36:35 DebugF:\Projects\unity\Moba\Server\netbus\Netbus.cpp:240  
client command!!
20200216 22:36:42 Error../../apps/lua_test/scripts/gateway/GatewayService.lua:115  
disconnected from: [Auth Server]
20200216 22:36:44 Error../../apps/lua_test/scripts/gateway/GatewayService.lua:17  
connect to server [Auth Server]127.0.0.18000 failed, reconnecting...
20200216 22:36:49 Error../../apps/lua_test/scripts/gateway/GatewayService.lua:17  
connect to server [Auth Server]127.0.0.18000 failed, reconnecting...
20200216 22:36:49 DebugF:\Projects\unity\Moba\Server\netbus\Netbus.cpp:240  
client command!!
20200216 22:36:49 Debug../../apps/lua_test/scripts/gateway/GatewayService.lua:87  
server is null, sType:1
20200216 22:38:29 Debug../../apps/lua_test/scripts/gateway/gateway_server_main.lua:22  
Gateway Server [tcp] listen at: 	6080
20200216 22:38:29 Debug../../apps/lua_test/scripts/gateway/gateway_server_main.lua:34  
register Gateway Service:[1] service success
20200216 22:38:31 Error../../apps/lua_test/scripts/gateway/GatewayService.lua:17  
connect to server [Auth Server]127.0.0.18000 failed, reconnecting...
20200216 22:38:36 Error../../apps/lua_test/scripts/gateway/GatewayService.lua:17  
connect to server [Auth Server]127.0.0.18000 failed, reconnecting...
20200216 22:38:38 DebugF:\Projects\unity\Moba\Server\netbus\Netbus.cpp:171  
new client comming:	127.0.0.1:61889
20200216 22:38:41 Error../../apps/lua_test/scripts/gateway/GatewayService.lua:17  
connect to server [Auth Server]127.0.0.18000 failed, reconnecting...
20200216 22:38:46 Error../../apps/lua_test/scripts/gateway/GatewayService.lua:17  
connect to server [Auth Server]127.0.0.18000 failed, reconnecting...
20200216 22:38:49 Debug../../apps/lua_test/scripts/gateway/GatewayService.lua:124  
client [127.0.0.1:61889] leave
20200216 22:38:51 Error../../apps/lua_test/scripts/gateway/GatewayService.lua:17  
connect to server [Auth Server]127.0.0.18000 failed, reconnecting...
20200216 22:38:56 Error../../apps/lua_test/scripts/gateway/GatewayService.lua:17  
connect to server [Auth Server]127.0.0.18000 failed, reconnecting...
20200216 22:39:01 Error../../apps/lua_test/scripts/gateway/GatewayService.lua:17  
connect to server [Auth Server]127.0.0.18000 failed, reconnecting...
20200216 22:39:06 Error../../apps/lua_test/scripts/gateway/GatewayService.lua:17  
connect to server [Auth Server]127.0.0.18000 failed, reconnecting...
20200216 23:12:46 Debug../../apps/lua_test/scripts/gateway/gateway_server_main.lua:25  
Gateway Server [tcp] listen at: 	6080
20200216 23:12:46 Debug../../apps/lua_test/scripts/gateway/gateway_server_main.lua:37  
register Gateway Service:[1] service success
20200216 23:12:48 Error../../apps/lua_test/scripts/gateway/GatewayService.lua:17  
connect to server [Auth Server]127.0.0.18000 failed, reconnecting...
20200216 23:12:53 Error../../apps/lua_test/scripts/gateway/GatewayService.lua:17  
connect to server [Auth Server]127.0.0.18000 failed, reconnecting...
20200216 23:12:54 Debug../../apps/lua_test/scripts/gateway/gateway_server_main.lua:23  
new client come [127.0.0.1:62276]
20200216 23:12:58 Error../../apps/lua_test/scripts/gateway/GatewayService.lua:17  
connect to server [Auth Server]127.0.0.18000 failed, reconnecting...
20200216 23:20:24 Debug../../apps/lua_test/scripts/gateway/gateway_server_main.lua:25  
Gateway Server [tcp] listen at: 	6080
20200216 23:20:24 Debug../../apps/lua_test/scripts/gateway/gateway_server_main.lua:37  
register Gateway Service:[1] service success
20200216 23:20:26 Error../../apps/lua_test/scripts/gateway/GatewayService.lua:17  
connect to server [Auth Server]127.0.0.18000 failed, reconnecting...
20200216 23:20:31 Error../../apps/lua_test/scripts/gateway/GatewayService.lua:17  
connect to server [Auth Server]127.0.0.18000 failed, reconnecting...
20200216 23:20:36 Error../../apps/lua_test/scripts/gateway/GatewayService.lua:17  
connect to server [Auth Server]127.0.0.18000 failed, reconnecting...
20200216 23:20:43 Debug../../apps/lua_test/scripts/gateway/gateway_server_main.lua:25  
Gateway Server [tcp] listen at: 	6080
20200216 23:20:43 Debug../../apps/lua_test/scripts/gateway/gateway_server_main.lua:37  
register Gateway Service:[1] service success
20200216 23:20:45 Error../../apps/lua_test/scripts/gateway/GatewayService.lua:17  
connect to server [Auth Server]127.0.0.18000 failed, reconnecting...
20200216 23:20:50 Error../../apps/lua_test/scripts/gateway/GatewayService.lua:17  
connect to server [Auth Server]127.0.0.18000 failed, reconnecting...
20200216 23:20:55 Error../../apps/lua_test/scripts/gateway/GatewayService.lua:17  
connect to server [Auth Server]127.0.0.18000 failed, reconnecting...
20200216 23:21:00 Error../../apps/lua_test/scripts/gateway/GatewayService.lua:17  
connect to server [Auth Server]127.0.0.18000 failed, reconnecting...
20200216 23:21:05 Error../../apps/lua_test/scripts/gateway/GatewayService.lua:17  
connect to server [Auth Server]127.0.0.18000 failed, reconnecting...
20200216 23:21:17 Debug../../apps/lua_test/scripts/gateway/gateway_server_main.lua:25  
Gateway Server [tcp] listen at: 	6080
20200216 23:21:17 Debug../../apps/lua_test/scripts/gateway/gateway_server_main.lua:37  
register Gateway Service:[1] service success
20200216 23:21:19 Error../../apps/lua_test/scripts/gateway/GatewayService.lua:17  
connect to server [Auth Server]127.0.0.18000 failed, reconnecting...
20200216 23:21:24 Error../../apps/lua_test/scripts/gateway/GatewayService.lua:17  
connect to server [Auth Server]127.0.0.18000 failed, reconnecting...
20200216 23:21:29 Error../../apps/lua_test/scripts/gateway/GatewayService.lua:17  
connect to server [Auth Server]127.0.0.18000 failed, reconnecting...
20200216 23:22:04 Debug../../apps/lua_test/scripts/gateway/gateway_server_main.lua:25  
Gateway Server [tcp] listen at: 	6080
20200216 23:22:04 Debug../../apps/lua_test/scripts/gateway/gateway_server_main.lua:37  
register Gateway Service:[1] service success
20200216 23:22:06 Error../../apps/lua_test/scripts/gateway/GatewayService.lua:17  
connect to server [Auth Server]127.0.0.18000 failed, reconnecting...
20200216 23:22:11 Error../../apps/lua_test/scripts/gateway/GatewayService.lua:17  
connect to server [Auth Server]127.0.0.18000 failed, reconnecting...
20200216 23:22:16 Error../../apps/lua_test/scripts/gateway/GatewayService.lua:17  
connect to server [Auth Server]127.0.0.18000 failed, reconnecting...
20200216 23:22:21 Error../../apps/lua_test/scripts/gateway/GatewayService.lua:17  
connect to server [Auth Server]127.0.0.18000 failed, reconnecting...
20200216 23:22:26 Error../../apps/lua_test/scripts/gateway/GatewayService.lua:17  
connect to server [Auth Server]127.0.0.18000 failed, reconnecting...
20200216 23:22:31 Error../../apps/lua_test/scripts/gateway/GatewayService.lua:17  
connect to server [Auth Server]127.0.0.18000 failed, reconnecting...
20200216 23:23:02 DebugF:\Projects\unity\Moba\Server\lua_wrapper\netbus_export_to_lua.cpp:65  
stack top: 2
20200216 23:31:17 Debug../../apps/lua_test/scripts/gateway/gateway_server_main.lua:25  
Gateway Server [tcp] listen at: 	6080
20200216 23:31:17 Debug../../apps/lua_test/scripts/gateway/gateway_server_main.lua:37  
register Gateway Service:[1] service success
20200216 23:31:19 Error../../apps/lua_test/scripts/gateway/GatewayService.lua:17  
connect to server [Auth Server]127.0.0.18000 failed, reconnecting...
20200216 23:31:24 Error../../apps/lua_test/scripts/gateway/GatewayService.lua:17  
connect to server [Auth Server]127.0.0.18000 failed, reconnecting...
20200216 23:33:37 Debug../../apps/lua_test/scripts/gateway/gateway_server_main.lua:26  
Gateway Server [tcp] listen at: 	6080
20200216 23:33:37 Debug../../apps/lua_test/scripts/gateway/gateway_server_main.lua:38  
register Gateway Service:[1] service success
20200216 23:33:39 Error../../apps/lua_test/scripts/gateway/GatewayService.lua:17  
connect to server [Auth Server]127.0.0.18000 failed, reconnecting...
20200216 23:33:44 Error../../apps/lua_test/scripts/gateway/GatewayService.lua:17  
connect to server [Auth Server]127.0.0.18000 failed, reconnecting...
20200216 23:33:49 Error../../apps/lua_test/scripts/gateway/GatewayService.lua:17  
connect to server [Auth Server]127.0.0.18000 failed, reconnecting...
20200216 23:33:54 Error../../apps/lua_test/scripts/gateway/GatewayService.lua:17  
connect to server [Auth Server]127.0.0.18000 failed, reconnecting...
20200216 23:33:58 Debug../../apps/lua_test/scripts/gateway/GatewayService.lua:21  
connect to server [Auth Server]127.0.0.18000 success
20200216 23:34:01 Error../../apps/lua_test/scripts/gateway/GatewayService.lua:115  
disconnected from: [Auth Server]
20200216 23:36:04 Debug../../apps/lua_test/scripts/gateway/gateway_server_main.lua:26  
Gateway Server [tcp] listen at: 	6080
20200216 23:36:04 Debug../../apps/lua_test/scripts/gateway/gateway_server_main.lua:38  
register Gateway Service:[1] service success
20200216 23:36:06 Error../../apps/lua_test/scripts/gateway/GatewayService.lua:17  
connect to server [Auth Server]127.0.0.18000 failed, reconnecting...
20200216 23:36:11 Error../../apps/lua_test/scripts/gateway/GatewayService.lua:17  
connect to server [Auth Server]127.0.0.18000 failed, reconnecting...
20200216 23:36:16 Error../../apps/lua_test/scripts/gateway/GatewayService.lua:17  
connect to server [Auth Server]127.0.0.18000 failed, reconnecting...
20200216 23:36:21 Error../../apps/lua_test/scripts/gateway/GatewayService.lua:17  
connect to server [Auth Server]127.0.0.18000 failed, reconnecting...
