20200215 08:02:05 Errortrunk:0  
../../apps/lua_test/scripts/gateway/gateway_server_main.lua:18: module 'GameConfig.lua' not found:
	no field package.preload['GameConfig.lua']
	no file 'F:\Projects\unity\Moba\Server\build\bin\lua\GameConfig\lua.lua'
	no file 'F:\Projects\unity\Moba\Server\build\bin\lua\GameConfig\lua\init.lua'
	no file 'F:\Projects\unity\Moba\Server\build\bin\GameConfig\lua.lua'
	no file 'F:\Projects\unity\Moba\Server\build\bin\GameConfig\lua\init.lua'
	no file 'F:\Projects\unity\Moba\Server\build\bin\..\share\lua\5.3\GameConfig\lua.lua'
	no file 'F:\Projects\unity\Moba\Server\build\bin\..\share\lua\5.3\GameConfig\lua\init.lua'
	no file '.\GameConfig\lua.lua'
	no file '.\GameConfig\lua\init.lua'
	no file '../../apps/lua_test/scripts/GameConfig\lua.lua'
	no file '../../apps/lua_test/scripts/GameConfig\lua/init.lua'
	no file 'F:\Projects\unity\Moba\Server\build\bin\GameConfig\lua.dll'
	no file 'F:\Projects\unity\Moba\Server\build\bin\..\lib\lua\5.3\GameConfig\lua.dll'
	no file 'F:\Projects\unity\Moba\Server\build\bin\loadall.dll'
	no file '.\GameConfig\lua.dll'
	no file 'F:\Projects\unity\Moba\Server\build\bin\GameConfig.dll'
	no file 'F:\Projects\unity\Moba\Server\build\bin\..\lib\lua\5.3\GameConfig.dll'
	no file 'F:\Projects\unity\Moba\Server\build\bin\loadall.dll'
	no file '.\GameConfig.dll'
20200215 08:02:05 DebugF:\Projects\unity\Moba\Server\apps\lua_test\TestLua.cpp:45  
∑˛ŒÒ∆˜ÕÀ≥ˆ
20200215 08:03:25 Errortrunk:0  
../../apps/lua_test/scripts/gateway/gateway_server_main.lua:18: module 'gateway/GameConfig.lua' not found:
	no field package.preload['gateway/GameConfig.lua']
	no file 'F:\Projects\unity\Moba\Server\build\bin\lua\gateway/GameConfig\lua.lua'
	no file 'F:\Projects\unity\Moba\Server\build\bin\lua\gateway/GameConfig\lua\init.lua'
	no file 'F:\Projects\unity\Moba\Server\build\bin\gateway/GameConfig\lua.lua'
	no file 'F:\Projects\unity\Moba\Server\build\bin\gateway/GameConfig\lua\init.lua'
	no file 'F:\Projects\unity\Moba\Server\build\bin\..\share\lua\5.3\gateway/GameConfig\lua.lua'
	no file 'F:\Projects\unity\Moba\Server\build\bin\..\share\lua\5.3\gateway/GameConfig\lua\init.lua'
	no file '.\gateway/GameConfig\lua.lua'
	no file '.\gateway/GameConfig\lua\init.lua'
	no file '../../apps/lua_test/scripts/gateway/GameConfig\lua.lua'
	no file '../../apps/lua_test/scripts/gateway/GameConfig\lua/init.lua'
	no file 'F:\Projects\unity\Moba\Server\build\bin\gateway/GameConfig\lua.dll'
	no file 'F:\Projects\unity\Moba\Server\build\bin\..\lib\lua\5.3\gateway/GameConfig\lua.dll'
	no file 'F:\Projects\unity\Moba\Server\build\bin\loadall.dll'
	no file '.\gateway/GameConfig\lua.dll'
	no file 'F:\Projects\unity\Moba\Server\build\bin\gateway/GameConfig.dll'
	no file 'F:\Projects\unity\Moba\Server\build\bin\..\lib\lua\5.3\gateway/GameConfig.dll'
	no file 'F:\Projects\unity\Moba\Server\build\bin\loadall.dll'
	no file '.\gateway/GameConfig.dll'
20200215 08:03:25 DebugF:\Projects\unity\Moba\Server\apps\lua_test\TestLua.cpp:45  
∑˛ŒÒ∆˜ÕÀ≥ˆ
20200215 08:14:00 Errortrunk:0  
../../apps/lua_test/scripts/gateway/gateway_server_main.lua:18: module 'GameConfig.lua' not found:
	no field package.preload['GameConfig.lua']
	no file 'F:\Projects\unity\Moba\Server\build\bin\lua\GameConfig\lua.lua'
	no file 'F:\Projects\unity\Moba\Server\build\bin\lua\GameConfig\lua\init.lua'
	no file 'F:\Projects\unity\Moba\Server\build\bin\GameConfig\lua.lua'
	no file 'F:\Projects\unity\Moba\Server\build\bin\GameConfig\lua\init.lua'
	no file 'F:\Projects\unity\Moba\Server\build\bin\..\share\lua\5.3\GameConfig\lua.lua'
	no file 'F:\Projects\unity\Moba\Server\build\bin\..\share\lua\5.3\GameConfig\lua\init.lua'
	no file '.\GameConfig\lua.lua'
	no file '.\GameConfig\lua\init.lua'
	no file '../../apps/lua_test/scripts/GameConfig\lua.lua'
	no file '../../apps/lua_test/scripts/GameConfig\lua/init.lua'
	no file 'F:\Projects\unity\Moba\Server\build\bin\GameConfig\lua.dll'
	no file 'F:\Projects\unity\Moba\Server\build\bin\..\lib\lua\5.3\GameConfig\lua.dll'
	no file 'F:\Projects\unity\Moba\Server\build\bin\loadall.dll'
	no file '.\GameConfig\lua.dll'
	no file 'F:\Projects\unity\Moba\Server\build\bin\GameConfig.dll'
	no file 'F:\Projects\unity\Moba\Server\build\bin\..\lib\lua\5.3\GameConfig.dll'
	no file 'F:\Projects\unity\Moba\Server\build\bin\loadall.dll'
	no file '.\GameConfig.dll'
20200215 08:14:00 DebugF:\Projects\unity\Moba\Server\apps\lua_test\TestLua.cpp:45  
∑˛ŒÒ∆˜ÕÀ≥ˆ
20200215 08:14:53 DebugF:\Projects\unity\Moba\Server\netbus\Netbus.cpp:419  
Tcp ∑˛ŒÒ∆˜“—ø™ª˙ 6080
20200215 08:14:53 Errortrunk:0  
../../apps/lua_test/scripts/gateway/gateway_server_main.lua:25: module 'gateway/gw_services.lua' not found:
	no field package.preload['gateway/gw_services.lua']
	no file 'F:\Projects\unity\Moba\Server\build\bin\lua\gateway/gw_services\lua.lua'
	no file 'F:\Projects\unity\Moba\Server\build\bin\lua\gateway/gw_services\lua\init.lua'
	no file 'F:\Projects\unity\Moba\Server\build\bin\gateway/gw_services\lua.lua'
	no file 'F:\Projects\unity\Moba\Server\build\bin\gateway/gw_services\lua\init.lua'
	no file 'F:\Projects\unity\Moba\Server\build\bin\..\share\lua\5.3\gateway/gw_services\lua.lua'
	no file 'F:\Projects\unity\Moba\Server\build\bin\..\share\lua\5.3\gateway/gw_services\lua\init.lua'
	no file '.\gateway/gw_services\lua.lua'
	no file '.\gateway/gw_services\lua\init.lua'
	no file '../../apps/lua_test/scripts/gateway/gw_services\lua.lua'
	no file '../../apps/lua_test/scripts/gateway/gw_services\lua/init.lua'
	no file 'F:\Projects\unity\Moba\Server\build\bin\gateway/gw_services\lua.dll'
	no file 'F:\Projects\unity\Moba\Server\build\bin\..\lib\lua\5.3\gateway/gw_services\lua.dll'
	no file 'F:\Projects\unity\Moba\Server\build\bin\loadall.dll'
	no file '.\gateway/gw_services\lua.dll'
	no file 'F:\Projects\unity\Moba\Server\build\bin\gateway/gw_services.dll'
	no file 'F:\Projects\unity\Moba\Server\build\bin\..\lib\lua\5.3\gateway/gw_services.dll'
	no file 'F:\Projects\unity\Moba\Server\build\bin\loadall.dll'
	no file '.\gateway/gw_services.dll'
20200215 08:15:07 DebugF:\Projects\unity\Moba\Server\netbus\Netbus.cpp:419  
Tcp ∑˛ŒÒ∆˜“—ø™ª˙ 6080
20200215 08:15:07 Debug../../apps/lua_test/scripts/gateway/gateway_server_main.lua:29  
register gw_service:[1] service success
20200215 08:16:52 DebugF:\Projects\unity\Moba\Server\netbus\Netbus.cpp:419  
Tcp ∑˛ŒÒ∆˜“—ø™ª˙ 6080
20200215 08:16:52 Debug../../apps/lua_test/scripts/gateway/gateway_server_main.lua:29  
register gw_service:[1] service success
20200215 08:16:52 Debug../../apps/lua_test/scripts/gateway/gateway_server_main.lua:34  
Ë°å‰πàÔºü
20200215 08:38:33 DebugF:\Projects\unity\Moba\Server\netbus\Netbus.cpp:419  
Tcp ∑˛ŒÒ∆˜“—ø™ª˙ 6080
20200215 08:38:33 Debug../../apps/lua_test/scripts/gateway/gateway_server_main.lua:22  
Start Gateway Server at: 	6080
20200215 08:38:33 Debug../../apps/lua_test/scripts/gateway/gateway_server_main.lua:30  
register Gateway Service:[1] service success
20200215 08:41:54 Debug../../apps/lua_test/scripts/gateway/gateway_server_main.lua:22  
Start Gateway Server at: 	6080
20200215 08:41:54 Debug../../apps/lua_test/scripts/gateway/gateway_server_main.lua:30  
register Gateway Service:[1] service success
20200215 08:47:23 Debug../../apps/lua_test/scripts/gateway/gateway_server_main.lua:22  
Gateway Server [tcp] listen at: 	6080
20200215 08:47:23 Debug../../apps/lua_test/scripts/gateway/gateway_server_main.lua:30  
register Gateway Service:[1] service success
20200215 13:13:19 Debug../../apps/lua_test/scripts/gateway/gateway_server_main.lua:22  
Gateway Server [tcp] listen at: 	6080
20200215 13:13:19 Debug../../apps/lua_test/scripts/gateway/gateway_server_main.lua:30  
register Gateway Service:[1] service success
20200215 13:13:19 DebugF:\Projects\unity\Moba\Server\apps\lua_test\TestLua.cpp:72  
∑˛ŒÒ∆˜ÕÀ≥ˆ
20200215 13:13:55 Debug../../apps/lua_test/scripts/gateway/gateway_server_main.lua:22  
Gateway Server [tcp] listen at: 	6080
20200215 13:13:55 Debug../../apps/lua_test/scripts/gateway/gateway_server_main.lua:30  
register Gateway Service:[1] service success
20200215 13:16:26 Debug../../apps/lua_test/scripts/gateway/gateway_server_main.lua:22  
Gateway Server [tcp] listen at: 	6080
20200215 13:16:26 Debug../../apps/lua_test/scripts/gateway/gateway_server_main.lua:30  
register Gateway Service:[1] service success
20200215 13:18:07 Debug../../apps/lua_test/scripts/gateway/gateway_server_main.lua:22  
Gateway Server [tcp] listen at: 	6080
20200215 13:18:07 Debug../../apps/lua_test/scripts/gateway/gateway_server_main.lua:30  
register Gateway Service:[1] service success
20200215 13:18:27 DebugF:\Projects\unity\Moba\Server\lua_wrapper\cmd_package_proto_export_to_lua.cpp:31  
..\protos
20200215 13:18:27 DebugF:\Projects\unity\Moba\Server\netbus\protocol\CmdPackageProtocol.cpp:36  
protobuf
20200215 13:18:27 ErrorF:\Projects\unity\Moba\Server\netbus\protocol\CmdPackageProtocol.cpp:40  
 π”√protobufµ´÷∏∂®ƒø¬ºŒﬁ–ß£∫..\protos
20200215 13:18:28 Debug../../apps/lua_test/scripts/gateway/gateway_server_main.lua:22  
Gateway Server [tcp] listen at: 	6080
20200215 13:18:28 Debug../../apps/lua_test/scripts/gateway/gateway_server_main.lua:30  
register Gateway Service:[1] service success
20200215 13:19:10 DebugF:\Projects\unity\Moba\Server\lua_wrapper\cmd_package_proto_export_to_lua.cpp:31  
..\protos
20200215 13:19:10 DebugF:\Projects\unity\Moba\Server\netbus\protocol\CmdPackageProtocol.cpp:36  
protobuf
20200215 13:19:10 DebugF:\Projects\unity\Moba\Server\netbus\protocol\CmdPackageProtocol.cpp:43  
search: ..\protos
20200215 13:19:10 Debug../../apps/lua_test/scripts/gateway/gateway_server_main.lua:22  
Gateway Server [tcp] listen at: 	6080
20200215 13:19:10 Debug../../apps/lua_test/scripts/gateway/gateway_server_main.lua:30  
register Gateway Service:[1] service success
20200215 13:31:32 Errortrunk:0  
../../apps/lua_test/scripts/gateway/gateway_server_main.lua:8: bad argument #2 to 'Init' (string expected, got no value)
20200215 13:31:32 DebugF:\Projects\unity\Moba\Server\apps\lua_test\TestLua.cpp:72  
∑˛ŒÒ∆˜ÕÀ≥ˆ
20200215 13:32:33 Errortrunk:0  
../../apps/lua_test/scripts/gateway/gateway_server_main.lua:8: bad argument #2 to 'Init' (string expected, got no value)
20200215 13:32:33 DebugF:\Projects\unity\Moba\Server\apps\lua_test\TestLua.cpp:72  
∑˛ŒÒ∆˜ÕÀ≥ˆ
20200215 13:33:39 DebugF:\Projects\unity\Moba\Server\lua_wrapper\cmd_package_proto_export_to_lua.cpp:34  
F:\Projects\unity\Moba\Server\build\proj_win32\x64\Debug\protos
20200215 13:33:39 DebugF:\Projects\unity\Moba\Server\netbus\protocol\CmdPackageProtocol.cpp:36  
protobuf
20200215 13:33:39 DebugF:\Projects\unity\Moba\Server\netbus\protocol\CmdPackageProtocol.cpp:49  
search: F:\Projects\unity\Moba\Server\build\proj_win32\x64\Debug\protos
20200215 13:33:39 DebugF:\Projects\unity\Moba\Server\netbus\protocol\CmdPackageProtocol.cpp:53  
-1624608400 1230025568
20200215 13:33:39 Debug../../apps/lua_test/scripts/gateway/gateway_server_main.lua:22  
Gateway Server [tcp] listen at: 	6080
20200215 13:33:39 Debug../../apps/lua_test/scripts/gateway/gateway_server_main.lua:30  
register Gateway Service:[1] service success
20200215 13:34:52 DebugF:\Projects\unity\Moba\Server\lua_wrapper\cmd_package_proto_export_to_lua.cpp:34  
F:\Projects\unity\Moba\Server\build\proj_win32\x64\Debug\protos
20200215 13:34:52 DebugF:\Projects\unity\Moba\Server\netbus\protocol\CmdPackageProtocol.cpp:36  
protobuf
20200215 13:34:52 DebugF:\Projects\unity\Moba\Server\netbus\protocol\CmdPackageProtocol.cpp:49  
search: F:\Projects\unity\Moba\Server\build\proj_win32\x64\Debug\protos
20200215 13:34:52 DebugF:\Projects\unity\Moba\Server\netbus\protocol\CmdPackageProtocol.cpp:53  
F:\Projects\unity\Moba\Server\build\proj_win32\x64\Debug\protos\ game.proto
20200215 13:34:52 Debug../../apps/lua_test/scripts/gateway/gateway_server_main.lua:22  
Gateway Server [tcp] listen at: 	6080
20200215 13:34:52 Debug../../apps/lua_test/scripts/gateway/gateway_server_main.lua:30  
register Gateway Service:[1] service success
20200215 13:38:18 DebugF:\Projects\unity\Moba\Server\lua_wrapper\cmd_package_proto_export_to_lua.cpp:34  
F:\Projects\unity\Moba\Server\build\proj_win32\x64\Debug\protos
20200215 13:38:18 DebugF:\Projects\unity\Moba\Server\netbus\protocol\CmdPackageProtocol.cpp:36  
protobuf
20200215 13:38:18 DebugF:\Projects\unity\Moba\Server\netbus\protocol\CmdPackageProtocol.cpp:49  
search: F:\Projects\unity\Moba\Server\build\proj_win32\x64\Debug\protos
20200215 13:38:18 DebugF:\Projects\unity\Moba\Server\netbus\protocol\CmdPackageProtocol.cpp:53  
F:\Projects\unity\Moba\Server\build\proj_win32\x64\Debug\protos\ game.proto
20200215 13:38:18 Debug../../apps/lua_test/scripts/gateway/gateway_server_main.lua:22  
Gateway Server [tcp] listen at: 	6080
20200215 13:38:18 Debug../../apps/lua_test/scripts/gateway/gateway_server_main.lua:30  
register Gateway Service:[1] service success
20200215 13:39:34 Debug../../apps/lua_test/scripts/gateway/gateway_server_main.lua:22  
Gateway Server [tcp] listen at: 	6080
20200215 13:39:34 Debug../../apps/lua_test/scripts/gateway/gateway_server_main.lua:30  
register Gateway Service:[1] service success
20200215 15:59:12 Debug../../apps/lua_test/scripts/gateway/gateway_server_main.lua:22  
Gateway Server [tcp] listen at: 	6080
20200215 15:59:12 Debug../../apps/lua_test/scripts/gateway/gateway_server_main.lua:30  
register Gateway Service:[1] service success
20200215 15:59:14 Error../../apps/lua_test/scripts/gateway/GatewayService.lua:17  
failed to connect to server [Auth Server]127.0.0.18000
20200215 16:00:25 Debug../../apps/lua_test/scripts/gateway/gateway_server_main.lua:22  
Gateway Server [tcp] listen at: 	6080
20200215 16:00:25 Debug../../apps/lua_test/scripts/gateway/gateway_server_main.lua:30  
register Gateway Service:[1] service success
20200215 16:00:59 Debug../../apps/lua_test/scripts/gateway/gateway_server_main.lua:22  
Gateway Server [tcp] listen at: 	6080
20200215 16:00:59 Debug../../apps/lua_test/scripts/gateway/gateway_server_main.lua:30  
register Gateway Service:[1] service success
20200215 16:01:44 Debug../../apps/lua_test/scripts/gateway/gateway_server_main.lua:22  
Gateway Server [tcp] listen at: 	6080
20200215 16:01:44 Debug../../apps/lua_test/scripts/gateway/gateway_server_main.lua:30  
register Gateway Service:[1] service success
20200215 16:01:46 Error../../apps/lua_test/scripts/gateway/GatewayService.lua:17  
failed to connect to server [Auth Server]127.0.0.18000
20200215 16:02:57 Debug../../apps/lua_test/scripts/gateway/gateway_server_main.lua:22  
Gateway Server [tcp] listen at: 	6080
20200215 16:02:57 Debug../../apps/lua_test/scripts/gateway/gateway_server_main.lua:30  
register Gateway Service:[1] service success
20200215 16:02:59 Error../../apps/lua_test/scripts/gateway/GatewayService.lua:17  
failed to connect to server [Auth Server]127.0.0.18000
20200215 16:04:20 Debug../../apps/lua_test/scripts/gateway/gateway_server_main.lua:22  
Gateway Server [tcp] listen at: 	6080
20200215 16:04:20 Debug../../apps/lua_test/scripts/gateway/gateway_server_main.lua:30  
register Gateway Service:[1] service success
20200215 16:04:22 Error../../apps/lua_test/scripts/gateway/GatewayService.lua:17  
failed to connect to server [Auth Server]127.0.0.18000
20200215 16:06:36 Debug../../apps/lua_test/scripts/gateway/gateway_server_main.lua:22  
Gateway Server [tcp] listen at: 	6080
20200215 16:06:36 Debug../../apps/lua_test/scripts/gateway/gateway_server_main.lua:30  
register Gateway Service:[1] service success
20200215 16:11:34 Error../../apps/lua_test/scripts/gateway/GatewayService.lua:17  
failed to connect to server [Auth Server]127.0.0.18000
20200215 16:19:32 Debug../../apps/lua_test/scripts/gateway/gateway_server_main.lua:22  
Gateway Server [tcp] listen at: 	6080
20200215 16:19:32 Debug../../apps/lua_test/scripts/gateway/gateway_server_main.lua:30  
register Gateway Service:[1] service success
20200215 16:19:34 Error../../apps/lua_test/scripts/gateway/GatewayService.lua:17  
failed to connect to server [Auth Server]127.0.0.18000
20200215 16:34:31 Debug../../apps/lua_test/scripts/gateway/gateway_server_main.lua:22  
Gateway Server [tcp] listen at: 	6080
20200215 16:34:31 Debug../../apps/lua_test/scripts/gateway/gateway_server_main.lua:30  
register Gateway Service:[1] service success
20200215 16:34:33 Error../../apps/lua_test/scripts/gateway/GatewayService.lua:17  
failed to connect to server [Auth Server]127.0.0.18000
20200215 16:35:25 Debug../../apps/lua_test/scripts/gateway/gateway_server_main.lua:22  
Gateway Server [tcp] listen at: 	6080
20200215 16:35:25 Debug../../apps/lua_test/scripts/gateway/gateway_server_main.lua:30  
register Gateway Service:[1] service success
20200215 16:35:27 Error../../apps/lua_test/scripts/gateway/GatewayService.lua:17  
failed to connect to server [Auth Server]127.0.0.18000
20200215 16:41:21 Debug../../apps/lua_test/scripts/gateway/gateway_server_main.lua:22  
Gateway Server [tcp] listen at: 	6080
20200215 16:41:21 Debug../../apps/lua_test/scripts/gateway/gateway_server_main.lua:30  
register Gateway Service:[1] service success
20200215 16:42:18 Debug../../apps/lua_test/scripts/gateway/gateway_server_main.lua:22  
Gateway Server [tcp] listen at: 	6080
20200215 16:42:18 Debug../../apps/lua_test/scripts/gateway/gateway_server_main.lua:30  
register Gateway Service:[1] service success
20200215 16:42:20 Error../../apps/lua_test/scripts/gateway/GatewayService.lua:17  
failed to connect to server [Auth Server]127.0.0.18000
20200215 16:42:55 Debug../../apps/lua_test/scripts/gateway/gateway_server_main.lua:22  
Gateway Server [tcp] listen at: 	6080
20200215 16:42:55 Debug../../apps/lua_test/scripts/gateway/gateway_server_main.lua:30  
register Gateway Service:[1] service success
20200215 16:43:42 Debug../../apps/lua_test/scripts/gateway/gateway_server_main.lua:22  
Gateway Server [tcp] listen at: 	6080
20200215 16:43:42 Debug../../apps/lua_test/scripts/gateway/gateway_server_main.lua:30  
register Gateway Service:[1] service success
20200215 16:45:35 Debug../../apps/lua_test/scripts/gateway/gateway_server_main.lua:22  
Gateway Server [tcp] listen at: 	6080
20200215 16:45:35 Debug../../apps/lua_test/scripts/gateway/gateway_server_main.lua:30  
register Gateway Service:[1] service success
20200215 16:45:37 Error../../apps/lua_test/scripts/gateway/GatewayService.lua:17  
failed to connect to server [Auth Server]127.0.0.18000
20200215 16:45:42 Error../../apps/lua_test/scripts/gateway/GatewayService.lua:17  
failed to connect to server [Auth Server]127.0.0.18000
20200215 16:45:47 Error../../apps/lua_test/scripts/gateway/GatewayService.lua:17  
failed to connect to server [Auth Server]127.0.0.18000
20200215 16:45:52 Error../../apps/lua_test/scripts/gateway/GatewayService.lua:17  
failed to connect to server [Auth Server]127.0.0.18000
20200215 16:45:57 Error../../apps/lua_test/scripts/gateway/GatewayService.lua:17  
failed to connect to server [Auth Server]127.0.0.18000
20200215 16:46:38 Debug../../apps/lua_test/scripts/gateway/gateway_server_main.lua:22  
Gateway Server [tcp] listen at: 	6080
20200215 16:46:38 Debug../../apps/lua_test/scripts/gateway/gateway_server_main.lua:30  
register Gateway Service:[1] service success
20200215 16:46:40 Error../../apps/lua_test/scripts/gateway/GatewayService.lua:17  
failed to connect to server [Auth Server]127.0.0.18000
20200215 16:50:01 Debug../../apps/lua_test/scripts/gateway/gateway_server_main.lua:22  
Gateway Server [tcp] listen at: 	6080
20200215 16:50:01 Debug../../apps/lua_test/scripts/gateway/gateway_server_main.lua:30  
register Gateway Service:[1] service success
20200215 16:50:03 Error../../apps/lua_test/scripts/gateway/GatewayService.lua:17  
failed to connect to server [Auth Server]127.0.0.18000
20200215 16:50:59 Debug../../apps/lua_test/scripts/gateway/gateway_server_main.lua:22  
Gateway Server [tcp] listen at: 	6080
20200215 16:50:59 Debug../../apps/lua_test/scripts/gateway/gateway_server_main.lua:30  
register Gateway Service:[1] service success
20200215 16:51:01 Error../../apps/lua_test/scripts/gateway/GatewayService.lua:17  
failed to connect to server [Auth Server]127.0.0.18000
20200215 16:52:44 Debug../../apps/lua_test/scripts/gateway/gateway_server_main.lua:22  
Gateway Server [tcp] listen at: 	6080
20200215 16:52:44 Debug../../apps/lua_test/scripts/gateway/gateway_server_main.lua:30  
register Gateway Service:[1] service success
20200215 16:56:08 Debug../../apps/lua_test/scripts/gateway/gateway_server_main.lua:22  
Gateway Server [tcp] listen at: 	6080
20200215 16:56:08 Debug../../apps/lua_test/scripts/gateway/gateway_server_main.lua:30  
register Gateway Service:[1] service success
20200215 16:56:43 Debug../../apps/lua_test/scripts/gateway/gateway_server_main.lua:22  
Gateway Server [tcp] listen at: 	6080
20200215 16:56:43 Debug../../apps/lua_test/scripts/gateway/gateway_server_main.lua:30  
register Gateway Service:[1] service success
20200215 17:47:50 Debug../../apps/lua_test/scripts/gateway/gateway_server_main.lua:22  
Gateway Server [tcp] listen at: 	6080
20200215 17:47:50 Debug../../apps/lua_test/scripts/gateway/gateway_server_main.lua:30  
register Gateway Service:[1] service success
20200215 17:52:43 Debug../../apps/lua_test/scripts/gateway/gateway_server_main.lua:22  
Gateway Server [tcp] listen at: 	6080
20200215 17:52:43 Debug../../apps/lua_test/scripts/gateway/gateway_server_main.lua:30  
register Gateway Service:[1] service success
20200215 17:53:49 Debug../../apps/lua_test/scripts/gateway/gateway_server_main.lua:22  
Gateway Server [tcp] listen at: 	6080
20200215 17:53:49 Debug../../apps/lua_test/scripts/gateway/gateway_server_main.lua:30  
register Gateway Service:[1] service success
20200215 17:55:00 Debug../../apps/lua_test/scripts/gateway/gateway_server_main.lua:22  
Gateway Server [tcp] listen at: 	6080
20200215 17:55:00 Debug../../apps/lua_test/scripts/gateway/gateway_server_main.lua:30  
register Gateway Service:[1] service success
20200215 17:55:02 Error../../apps/lua_test/scripts/gateway/GatewayService.lua:17  
failed to connect to server [Auth Server]127.0.0.18000
20200215 17:55:07 Error../../apps/lua_test/scripts/gateway/GatewayService.lua:17  
failed to connect to server [Auth Server]127.0.0.18000
20200215 17:55:12 Error../../apps/lua_test/scripts/gateway/GatewayService.lua:17  
failed to connect to server [Auth Server]127.0.0.18000
20200215 17:55:17 Error../../apps/lua_test/scripts/gateway/GatewayService.lua:17  
failed to connect to server [Auth Server]127.0.0.18000
20200215 17:55:22 Error../../apps/lua_test/scripts/gateway/GatewayService.lua:17  
failed to connect to server [Auth Server]127.0.0.18000
20200215 17:55:27 Error../../apps/lua_test/scripts/gateway/GatewayService.lua:17  
failed to connect to server [Auth Server]127.0.0.18000
20200215 17:55:32 Error../../apps/lua_test/scripts/gateway/GatewayService.lua:17  
failed to connect to server [Auth Server]127.0.0.18000
20200215 17:56:05 Debug../../apps/lua_test/scripts/gateway/gateway_server_main.lua:22  
Gateway Server [tcp] listen at: 	6080
20200215 17:56:05 Debug../../apps/lua_test/scripts/gateway/gateway_server_main.lua:30  
register Gateway Service:[1] service success
20200215 17:56:07 Error../../apps/lua_test/scripts/gateway/GatewayService.lua:17  
failed to connect to server [Auth Server]127.0.0.18000
20200215 17:56:12 Error../../apps/lua_test/scripts/gateway/GatewayService.lua:17  
failed to connect to server [Auth Server]127.0.0.18000
20200215 17:56:17 Error../../apps/lua_test/scripts/gateway/GatewayService.lua:17  
failed to connect to server [Auth Server]127.0.0.18000
20200215 17:56:22 Error../../apps/lua_test/scripts/gateway/GatewayService.lua:17  
failed to connect to server [Auth Server]127.0.0.18000
20200215 17:56:27 Error../../apps/lua_test/scripts/gateway/GatewayService.lua:17  
failed to connect to server [Auth Server]127.0.0.18000
20200215 17:56:32 Error../../apps/lua_test/scripts/gateway/GatewayService.lua:17  
failed to connect to server [Auth Server]127.0.0.18000
20200215 17:56:37 Error../../apps/lua_test/scripts/gateway/GatewayService.lua:17  
failed to connect to server [Auth Server]127.0.0.18000
20200215 17:56:42 Error../../apps/lua_test/scripts/gateway/GatewayService.lua:17  
failed to connect to server [Auth Server]127.0.0.18000
20200215 17:56:47 Error../../apps/lua_test/scripts/gateway/GatewayService.lua:17  
failed to connect to server [Auth Server]127.0.0.18000
20200215 17:56:52 Error../../apps/lua_test/scripts/gateway/GatewayService.lua:17  
failed to connect to server [Auth Server]127.0.0.18000
20200215 17:56:57 Error../../apps/lua_test/scripts/gateway/GatewayService.lua:17  
failed to connect to server [Auth Server]127.0.0.18000
20200215 17:57:02 Error../../apps/lua_test/scripts/gateway/GatewayService.lua:17  
failed to connect to server [Auth Server]127.0.0.18000
20200215 17:57:07 Error../../apps/lua_test/scripts/gateway/GatewayService.lua:17  
failed to connect to server [Auth Server]127.0.0.18000
20200215 17:57:12 Error../../apps/lua_test/scripts/gateway/GatewayService.lua:17  
failed to connect to server [Auth Server]127.0.0.18000
20200215 17:57:17 Error../../apps/lua_test/scripts/gateway/GatewayService.lua:17  
failed to connect to server [Auth Server]127.0.0.18000
20200215 17:57:22 Error../../apps/lua_test/scripts/gateway/GatewayService.lua:17  
failed to connect to server [Auth Server]127.0.0.18000
20200215 17:57:27 Error../../apps/lua_test/scripts/gateway/GatewayService.lua:17  
failed to connect to server [Auth Server]127.0.0.18000
20200215 17:57:32 Error../../apps/lua_test/scripts/gateway/GatewayService.lua:17  
failed to connect to server [Auth Server]127.0.0.18000
20200215 17:57:37 Error../../apps/lua_test/scripts/gateway/GatewayService.lua:17  
failed to connect to server [Auth Server]127.0.0.18000
20200215 17:57:42 Error../../apps/lua_test/scripts/gateway/GatewayService.lua:17  
failed to connect to server [Auth Server]127.0.0.18000
20200215 17:57:47 Error../../apps/lua_test/scripts/gateway/GatewayService.lua:17  
failed to connect to server [Auth Server]127.0.0.18000
20200215 17:57:52 Error../../apps/lua_test/scripts/gateway/GatewayService.lua:17  
failed to connect to server [Auth Server]127.0.0.18000
20200215 17:57:57 Error../../apps/lua_test/scripts/gateway/GatewayService.lua:17  
failed to connect to server [Auth Server]127.0.0.18000
20200215 17:58:02 Error../../apps/lua_test/scripts/gateway/GatewayService.lua:17  
failed to connect to server [Auth Server]127.0.0.18000
20200215 17:58:07 Error../../apps/lua_test/scripts/gateway/GatewayService.lua:17  
failed to connect to server [Auth Server]127.0.0.18000
20200215 17:58:12 Error../../apps/lua_test/scripts/gateway/GatewayService.lua:17  
failed to connect to server [Auth Server]127.0.0.18000
20200215 17:58:17 Error../../apps/lua_test/scripts/gateway/GatewayService.lua:17  
failed to connect to server [Auth Server]127.0.0.18000
20200215 17:58:22 Error../../apps/lua_test/scripts/gateway/GatewayService.lua:17  
failed to connect to server [Auth Server]127.0.0.18000
20200215 17:58:27 Error../../apps/lua_test/scripts/gateway/GatewayService.lua:17  
failed to connect to server [Auth Server]127.0.0.18000
20200215 17:58:32 Error../../apps/lua_test/scripts/gateway/GatewayService.lua:17  
failed to connect to server [Auth Server]127.0.0.18000
20200215 17:58:37 Error../../apps/lua_test/scripts/gateway/GatewayService.lua:17  
failed to connect to server [Auth Server]127.0.0.18000
20200215 17:58:42 Error../../apps/lua_test/scripts/gateway/GatewayService.lua:17  
failed to connect to server [Auth Server]127.0.0.18000
20200215 17:58:47 Error../../apps/lua_test/scripts/gateway/GatewayService.lua:17  
failed to connect to server [Auth Server]127.0.0.18000
20200215 17:58:52 Error../../apps/lua_test/scripts/gateway/GatewayService.lua:17  
failed to connect to server [Auth Server]127.0.0.18000
20200215 17:58:57 Error../../apps/lua_test/scripts/gateway/GatewayService.lua:17  
failed to connect to server [Auth Server]127.0.0.18000
20200215 17:59:02 Error../../apps/lua_test/scripts/gateway/GatewayService.lua:17  
failed to connect to server [Auth Server]127.0.0.18000
20200215 17:59:07 Error../../apps/lua_test/scripts/gateway/GatewayService.lua:17  
failed to connect to server [Auth Server]127.0.0.18000
20200215 17:59:12 Error../../apps/lua_test/scripts/gateway/GatewayService.lua:17  
failed to connect to server [Auth Server]127.0.0.18000
20200215 17:59:17 Error../../apps/lua_test/scripts/gateway/GatewayService.lua:17  
failed to connect to server [Auth Server]127.0.0.18000
20200215 17:59:22 Error../../apps/lua_test/scripts/gateway/GatewayService.lua:17  
failed to connect to server [Auth Server]127.0.0.18000
20200215 18:38:59 Debug../../apps/lua_test/scripts/gateway/gateway_server_main.lua:22  
Gateway Server [tcp] listen at: 	6080
20200215 18:38:59 Debug../../apps/lua_test/scripts/gateway/gateway_server_main.lua:30  
register Gateway Service:[1] service success
20200215 18:39:01 Error../../apps/lua_test/scripts/gateway/GatewayService.lua:17  
failed to connect to server [Auth Server]127.0.0.18000
20200215 18:39:06 Error../../apps/lua_test/scripts/gateway/GatewayService.lua:17  
failed to connect to server [Auth Server]127.0.0.18000
20200215 18:39:11 Error../../apps/lua_test/scripts/gateway/GatewayService.lua:17  
failed to connect to server [Auth Server]127.0.0.18000
20200215 18:39:16 Error../../apps/lua_test/scripts/gateway/GatewayService.lua:17  
failed to connect to server [Auth Server]127.0.0.18000
20200215 18:39:21 Error../../apps/lua_test/scripts/gateway/GatewayService.lua:17  
failed to connect to server [Auth Server]127.0.0.18000
20200215 18:39:26 Error../../apps/lua_test/scripts/gateway/GatewayService.lua:17  
failed to connect to server [Auth Server]127.0.0.18000
20200215 18:39:31 Error../../apps/lua_test/scripts/gateway/GatewayService.lua:17  
failed to connect to server [Auth Server]127.0.0.18000
20200215 18:39:36 Error../../apps/lua_test/scripts/gateway/GatewayService.lua:17  
failed to connect to server [Auth Server]127.0.0.18000
20200215 18:39:41 Error../../apps/lua_test/scripts/gateway/GatewayService.lua:17  
failed to connect to server [Auth Server]127.0.0.18000
20200215 18:39:46 Error../../apps/lua_test/scripts/gateway/GatewayService.lua:17  
failed to connect to server [Auth Server]127.0.0.18000
20200215 18:39:51 Error../../apps/lua_test/scripts/gateway/GatewayService.lua:17  
failed to connect to server [Auth Server]127.0.0.18000
20200215 18:39:56 Error../../apps/lua_test/scripts/gateway/GatewayService.lua:17  
failed to connect to server [Auth Server]127.0.0.18000
20200215 18:40:01 Error../../apps/lua_test/scripts/gateway/GatewayService.lua:17  
failed to connect to server [Auth Server]127.0.0.18000
20200215 18:40:06 Error../../apps/lua_test/scripts/gateway/GatewayService.lua:17  
failed to connect to server [Auth Server]127.0.0.18000
20200215 18:40:11 Error../../apps/lua_test/scripts/gateway/GatewayService.lua:17  
failed to connect to server [Auth Server]127.0.0.18000
20200215 18:40:16 Error../../apps/lua_test/scripts/gateway/GatewayService.lua:17  
failed to connect to server [Auth Server]127.0.0.18000
20200215 18:40:21 Error../../apps/lua_test/scripts/gateway/GatewayService.lua:17  
failed to connect to server [Auth Server]127.0.0.18000
20200215 18:40:26 Error../../apps/lua_test/scripts/gateway/GatewayService.lua:17  
failed to connect to server [Auth Server]127.0.0.18000
20200215 18:40:31 Error../../apps/lua_test/scripts/gateway/GatewayService.lua:17  
failed to connect to server [Auth Server]127.0.0.18000
20200215 18:40:36 Error../../apps/lua_test/scripts/gateway/GatewayService.lua:17  
failed to connect to server [Auth Server]127.0.0.18000
20200215 18:44:35 Debug../../apps/lua_test/scripts/gateway/gateway_server_main.lua:22  
Gateway Server [tcp] listen at: 	6080
20200215 18:44:35 Debug../../apps/lua_test/scripts/gateway/gateway_server_main.lua:30  
register Gateway Service:[1] service success
20200215 18:44:36 DebugF:\Projects\unity\Moba\Server\netbus\Netbus.cpp:389  
success
20200215 18:44:36 Debug../../apps/lua_test/scripts/gateway/GatewayService.lua:21  
success to connect to server [Auth Server]127.0.0.18000
20200215 18:45:11 Debug../../apps/lua_test/scripts/gateway/gateway_server_main.lua:22  
Gateway Server [tcp] listen at: 	6080
20200215 18:45:11 Debug../../apps/lua_test/scripts/gateway/gateway_server_main.lua:30  
register Gateway Service:[1] service success
20200215 18:45:13 Error../../apps/lua_test/scripts/gateway/GatewayService.lua:17  
failed to connect to server [Auth Server]127.0.0.18000
20200215 18:45:18 Error../../apps/lua_test/scripts/gateway/GatewayService.lua:17  
failed to connect to server [Auth Server]127.0.0.18000
20200215 18:45:23 Error../../apps/lua_test/scripts/gateway/GatewayService.lua:17  
failed to connect to server [Auth Server]127.0.0.18000
20200215 18:45:27 DebugF:\Projects\unity\Moba\Server\netbus\Netbus.cpp:389  
success
20200215 18:45:27 Debug../../apps/lua_test/scripts/gateway/GatewayService.lua:21  
success to connect to server [Auth Server]127.0.0.18000
20200215 20:06:30 Debug../../apps/lua_test/scripts/gateway/gateway_server_main.lua:22  
Gateway Server [tcp] listen at: 	6080
20200215 20:06:30 Debug../../apps/lua_test/scripts/gateway/gateway_server_main.lua:30  
register Gateway Service:[1] service success
20200215 20:06:31 Debug../../apps/lua_test/scripts/gateway/GatewayService.lua:21  
success to connect to server [Auth Server]127.0.0.18000
20200215 20:06:57 DebugF:\Projects\unity\Moba\Server\netbus\Netbus.cpp:171  
new client comming:	127.0.0.1:62889
20200215 20:07:01 DebugF:\Projects\unity\Moba\Server\netbus\Netbus.cpp:240  
client command!!
20200215 20:07:01 Debug../../apps/lua_test/scripts/gateway/GatewayService.lua:63  
resend to server: 
20200215 20:13:33 Debug../../apps/lua_test/scripts/gateway/gateway_server_main.lua:22  
Gateway Server [tcp] listen at: 	6080
20200215 20:13:33 Debug../../apps/lua_test/scripts/gateway/gateway_server_main.lua:30  
register Gateway Service:[1] service success
20200215 20:13:35 Error../../apps/lua_test/scripts/gateway/GatewayService.lua:17  
failed to connect to server [Auth Server]127.0.0.18000
20200215 20:13:40 Error../../apps/lua_test/scripts/gateway/GatewayService.lua:17  
failed to connect to server [Auth Server]127.0.0.18000
20200215 20:13:45 Error../../apps/lua_test/scripts/gateway/GatewayService.lua:17  
failed to connect to server [Auth Server]127.0.0.18000
20200215 20:13:49 Debug../../apps/lua_test/scripts/gateway/GatewayService.lua:21  
success to connect to server [Auth Server]127.0.0.18000
20200215 20:14:10 DebugF:\Projects\unity\Moba\Server\netbus\Netbus.cpp:171  
new client comming:	127.0.0.1:63032
20200215 20:14:14 DebugF:\Projects\unity\Moba\Server\netbus\Netbus.cpp:240  
client command!!
20200215 20:14:14 Debug../../apps/lua_test/scripts/gateway/GatewayService.lua:91  
resend to client
20200215 20:23:58 Debug../../apps/lua_test/scripts/gateway/gateway_server_main.lua:22  
Gateway Server [tcp] listen at: 	6080
20200215 20:23:58 Debug../../apps/lua_test/scripts/gateway/gateway_server_main.lua:30  
register Gateway Service:[1] service success
20200215 20:24:00 Error../../apps/lua_test/scripts/gateway/GatewayService.lua:17  
failed to connect to server [Auth Server]127.0.0.18000
20200215 20:24:05 Error../../apps/lua_test/scripts/gateway/GatewayService.lua:17  
failed to connect to server [Auth Server]127.0.0.18000
20200215 20:24:09 Debug../../apps/lua_test/scripts/gateway/GatewayService.lua:21  
success to connect to server [Auth Server]127.0.0.18000
20200215 20:24:20 DebugF:\Projects\unity\Moba\Server\netbus\Netbus.cpp:171  
new client comming:	127.0.0.1:63402
20200215 20:24:40 DebugF:\Projects\unity\Moba\Server\netbus\session\TcpSession.cpp:105  
÷˜∂Øπÿª˙
20200215 20:24:40 DebugF:\Projects\unity\Moba\Server\netbus\session\TcpSession.cpp:47  
”√ªß∂œø™¡¥Ω”
20200215 20:24:57 DebugF:\Projects\unity\Moba\Server\netbus\Netbus.cpp:171  
new client comming:	127.0.0.1:63407
20200215 20:25:00 DebugF:\Projects\unity\Moba\Server\netbus\Netbus.cpp:240  
client command!!
20200215 20:25:00 Debug../../apps/lua_test/scripts/gateway/GatewayService.lua:92  
resend to client
20200215 20:25:09 DebugF:\Projects\unity\Moba\Server\netbus\session\TcpSession.cpp:105  
÷˜∂Øπÿª˙
20200215 20:25:09 DebugF:\Projects\unity\Moba\Server\netbus\session\TcpSession.cpp:47  
”√ªß∂œø™¡¥Ω”
20200215 20:26:56 Debug../../apps/lua_test/scripts/gateway/gateway_server_main.lua:22  
Gateway Server [tcp] listen at: 	6080
20200215 20:26:56 Debug../../apps/lua_test/scripts/gateway/gateway_server_main.lua:30  
register Gateway Service:[1] service success
20200215 20:26:57 Debug../../apps/lua_test/scripts/gateway/GatewayService.lua:21  
success to connect to server [Auth Server]127.0.0.18000
20200215 20:27:09 DebugF:\Projects\unity\Moba\Server\netbus\Netbus.cpp:171  
new client comming:	127.0.0.1:63426
20200215 20:27:12 DebugF:\Projects\unity\Moba\Server\netbus\Netbus.cpp:240  
client command!!
20200215 20:27:12 Debug../../apps/lua_test/scripts/gateway/GatewayService.lua:67  
ÂèëÁªôÊúçÂä°Âô®	1	1	0
20200215 20:31:39 Debug../../apps/lua_test/scripts/gateway/gateway_server_main.lua:22  
Gateway Server [tcp] listen at: 	6080
20200215 20:31:39 Debug../../apps/lua_test/scripts/gateway/gateway_server_main.lua:30  
register Gateway Service:[1] service success
20200215 20:31:39 Debug../../apps/lua_test/scripts/gateway/GatewayService.lua:21  
success to connect to server [Auth Server]127.0.0.18000
20200215 20:31:58 DebugF:\Projects\unity\Moba\Server\netbus\Netbus.cpp:171  
new client comming:	127.0.0.1:63465
20200215 20:32:01 DebugF:\Projects\unity\Moba\Server\netbus\Netbus.cpp:240  
client command!!
20200215 20:32:01 Debug../../apps/lua_test/scripts/gateway/GatewayService.lua:67  
resend to server	1	1	0
20200215 20:34:53 Debug../../apps/lua_test/scripts/gateway/gateway_server_main.lua:22  
Gateway Server [tcp] listen at: 	6080
20200215 20:34:53 Debug../../apps/lua_test/scripts/gateway/gateway_server_main.lua:30  
register Gateway Service:[1] service success
20200215 20:34:54 Debug../../apps/lua_test/scripts/gateway/GatewayService.lua:21  
success to connect to server [Auth Server]127.0.0.18000
20200215 20:35:10 DebugF:\Projects\unity\Moba\Server\netbus\Netbus.cpp:171  
new client comming:	127.0.0.1:63477
20200215 20:35:13 DebugF:\Projects\unity\Moba\Server\netbus\Netbus.cpp:240  
client command!!
20200215 20:35:13 Debug../../apps/lua_test/scripts/gateway/GatewayService.lua:67  
resend to server	1	1	0
20200215 20:35:13 Debug../../apps/lua_test/scripts/gateway/GatewayService.lua:84  
s.uTag: 	1
20200215 20:59:51 Debug../../apps/lua_test/scripts/gateway/gateway_server_main.lua:22  
Gateway Server [tcp] listen at: 	6080
20200215 20:59:51 Debug../../apps/lua_test/scripts/gateway/gateway_server_main.lua:30  
register Gateway Service:[1] service success
20200215 20:59:52 Debug../../apps/lua_test/scripts/gateway/GatewayService.lua:21  
success to connect to server [Auth Server]127.0.0.18000
20200215 21:00:10 DebugF:\Projects\unity\Moba\Server\netbus\Netbus.cpp:171  
new client comming:	127.0.0.1:63680
20200215 21:00:14 DebugF:\Projects\unity\Moba\Server\netbus\Netbus.cpp:240  
client command!!
20200215 21:00:14 Debug../../apps/lua_test/scripts/gateway/GatewayService.lua:67  
resend to server	1	1	0
20200215 21:00:14 Debug../../apps/lua_test/scripts/gateway/GatewayService.lua:84  
s.uTag: 	1
20200215 21:06:37 Debug../../apps/lua_test/scripts/gateway/gateway_server_main.lua:22  
Gateway Server [tcp] listen at: 	6080
20200215 21:06:37 Debug../../apps/lua_test/scripts/gateway/gateway_server_main.lua:30  
register Gateway Service:[1] service success
20200215 21:06:39 Error../../apps/lua_test/scripts/gateway/GatewayService.lua:17  
failed to connect to server [Auth Server]127.0.0.18000
20200215 21:06:44 Error../../apps/lua_test/scripts/gateway/GatewayService.lua:17  
failed to connect to server [Auth Server]127.0.0.18000
20200215 21:06:48 Debug../../apps/lua_test/scripts/gateway/GatewayService.lua:21  
success to connect to server [Auth Server]127.0.0.18000
20200215 21:06:58 DebugF:\Projects\unity\Moba\Server\netbus\Netbus.cpp:171  
new client comming:	127.0.0.1:63815
20200215 21:07:02 DebugF:\Projects\unity\Moba\Server\netbus\Netbus.cpp:240  
client command!!
20200215 21:07:02 Debug../../apps/lua_test/scripts/gateway/GatewayService.lua:67  
resend to server	1	1	0
20200215 21:07:02 Debug../../apps/lua_test/scripts/gateway/GatewayService.lua:84  
s.uTag: 	1
20200215 21:22:26 Debug../../apps/lua_test/scripts/gateway/gateway_server_main.lua:22  
Gateway Server [tcp] listen at: 	6080
20200215 21:22:26 Debug../../apps/lua_test/scripts/gateway/gateway_server_main.lua:30  
register Gateway Service:[1] service success
20200215 21:22:28 Error../../apps/lua_test/scripts/gateway/GatewayService.lua:17  
failed to connect to server [Auth Server]127.0.0.18000
20200215 21:22:33 Error../../apps/lua_test/scripts/gateway/GatewayService.lua:17  
failed to connect to server [Auth Server]127.0.0.18000
20200215 21:22:38 Error../../apps/lua_test/scripts/gateway/GatewayService.lua:17  
failed to connect to server [Auth Server]127.0.0.18000
20200215 21:22:42 Debug../../apps/lua_test/scripts/gateway/GatewayService.lua:21  
success to connect to server [Auth Server]127.0.0.18000
20200215 21:22:55 DebugF:\Projects\unity\Moba\Server\netbus\Netbus.cpp:171  
new client comming:	127.0.0.1:64136
20200215 21:22:58 DebugF:\Projects\unity\Moba\Server\netbus\Netbus.cpp:240  
client command!!
20200215 21:25:50 Debug../../apps/lua_test/scripts/gateway/GatewayService.lua:67  
resend to server	1	1	0
20200215 21:25:50 Debug../../apps/lua_test/scripts/gateway/GatewayService.lua:84  
s.uTag: 	1
20200215 21:28:55 Debug../../apps/lua_test/scripts/gateway/gateway_server_main.lua:22  
Gateway Server [tcp] listen at: 	6080
20200215 21:28:55 Debug../../apps/lua_test/scripts/gateway/gateway_server_main.lua:30  
register Gateway Service:[1] service success
20200215 21:28:56 Debug../../apps/lua_test/scripts/gateway/GatewayService.lua:21  
success to connect to server [Auth Server]127.0.0.18000
20200215 21:29:02 DebugF:\Projects\unity\Moba\Server\netbus\Netbus.cpp:171  
new client comming:	127.0.0.1:64184
20200215 21:29:05 DebugF:\Projects\unity\Moba\Server\netbus\Netbus.cpp:240  
client command!!
20200215 21:30:09 Debug../../apps/lua_test/scripts/gateway/GatewayService.lua:67  
resend to server	1	1	0
20200215 21:30:09 Debug../../apps/lua_test/scripts/gateway/GatewayService.lua:84  
s.uTag: 	1
20200215 22:04:19 Debug../../apps/lua_test/scripts/gateway/gateway_server_main.lua:22  
Gateway Server [tcp] listen at: 	6080
20200215 22:04:19 Debug../../apps/lua_test/scripts/gateway/gateway_server_main.lua:30  
register Gateway Service:[1] service success
20200215 22:16:19 Debug../../apps/lua_test/scripts/gateway/gateway_server_main.lua:22  
Gateway Server [tcp] listen at: 	6080
20200215 22:16:19 Debug../../apps/lua_test/scripts/gateway/gateway_server_main.lua:30  
register Gateway Service:[1] service success
20200215 22:21:25 Debug../../apps/lua_test/scripts/gateway/gateway_server_main.lua:22  
Gateway Server [tcp] listen at: 	6080
20200215 22:21:25 Debug../../apps/lua_test/scripts/gateway/gateway_server_main.lua:30  
register Gateway Service:[1] service success
20200215 22:26:32 Debug../../apps/lua_test/scripts/gateway/gateway_server_main.lua:22  
Gateway Server [tcp] listen at: 	6080
20200215 22:26:32 Debug../../apps/lua_test/scripts/gateway/gateway_server_main.lua:30  
register Gateway Service:[1] service success
20200215 22:39:40 Debug../../apps/lua_test/scripts/gateway/gateway_server_main.lua:22  
Gateway Server [tcp] listen at: 	6080
20200215 22:39:40 Debug../../apps/lua_test/scripts/gateway/gateway_server_main.lua:30  
register Gateway Service:[1] service success
20200215 22:40:23 Error../../apps/lua_test/scripts/gateway/GatewayService.lua:17  
failed to connect to server [Auth Server]127.0.0.18000
20200215 22:41:09 Debug../../apps/lua_test/scripts/gateway/gateway_server_main.lua:22  
Gateway Server [tcp] listen at: 	6080
20200215 22:41:09 Debug../../apps/lua_test/scripts/gateway/gateway_server_main.lua:30  
register Gateway Service:[1] service success
20200215 22:41:11 Error../../apps/lua_test/scripts/gateway/GatewayService.lua:17  
failed to connect to server [Auth Server]127.0.0.18000
20200215 22:41:16 Error../../apps/lua_test/scripts/gateway/GatewayService.lua:17  
failed to connect to server [Auth Server]127.0.0.18000
20200215 22:41:21 Error../../apps/lua_test/scripts/gateway/GatewayService.lua:17  
failed to connect to server [Auth Server]127.0.0.18000
20200215 22:41:26 Error../../apps/lua_test/scripts/gateway/GatewayService.lua:17  
failed to connect to server [Auth Server]127.0.0.18000
20200215 22:41:31 Error../../apps/lua_test/scripts/gateway/GatewayService.lua:17  
failed to connect to server [Auth Server]127.0.0.18000
20200215 22:42:25 Debug../../apps/lua_test/scripts/gateway/gateway_server_main.lua:22  
Gateway Server [tcp] listen at: 	6080
20200215 22:42:25 Debug../../apps/lua_test/scripts/gateway/gateway_server_main.lua:30  
register Gateway Service:[1] service success
20200215 22:42:27 Error../../apps/lua_test/scripts/gateway/GatewayService.lua:17  
failed to connect to server [Auth Server]127.0.0.18000
20200215 22:42:31 Debug../../apps/lua_test/scripts/gateway/GatewayService.lua:21  
success to connect to server [Auth Server]127.0.0.18000
20200215 22:42:48 DebugF:\Projects\unity\Moba\Server\netbus\Netbus.cpp:171  
new client comming:	127.0.0.1:64862
20200215 22:42:52 DebugF:\Projects\unity\Moba\Server\netbus\Netbus.cpp:240  
client command!!
20200215 22:42:52 Debug../../apps/lua_test/scripts/gateway/GatewayService.lua:67  
resend to server	1	1	0
20200215 22:42:52 Debug../../apps/lua_test/scripts/gateway/GatewayService.lua:84  
s.uTag: 	1
20200215 22:43:07 Debug../../apps/lua_test/scripts/gateway/GatewayService.lua:93  
after send to auth
20200215 22:43:07 DebugF:\Projects\unity\Moba\Server\netbus\session\TcpSession.cpp:64  
write success
20200215 22:43:20 DebugF:\Projects\unity\Moba\Server\netbus\session\TcpSession.cpp:105  
÷˜∂Øπÿª˙
20200215 22:43:20 Debug../../apps/lua_test/scripts/gateway/GatewayService.lua:109  
client removed
20200215 22:43:20 DebugF:\Projects\unity\Moba\Server\netbus\session\TcpSession.cpp:47  
”√ªß∂œø™¡¥Ω”
20200215 22:44:46 Debug../../apps/lua_test/scripts/gateway/gateway_server_main.lua:22  
Gateway Server [tcp] listen at: 	6080
20200215 22:44:46 Debug../../apps/lua_test/scripts/gateway/gateway_server_main.lua:30  
register Gateway Service:[1] service success
20200215 22:44:48 Error../../apps/lua_test/scripts/gateway/GatewayService.lua:17  
failed to connect to server [Auth Server]127.0.0.18000
20200215 22:44:48 DebugF:\Projects\unity\Moba\Server\netbus\session\TcpSession.cpp:105  
÷˜∂Øπÿª˙
20200215 22:44:53 Error../../apps/lua_test/scripts/gateway/GatewayService.lua:17  
failed to connect to server [Auth Server]127.0.0.18000
20200215 22:44:53 DebugF:\Projects\unity\Moba\Server\netbus\session\TcpSession.cpp:105  
÷˜∂Øπÿª˙
20200215 22:44:58 Error../../apps/lua_test/scripts/gateway/GatewayService.lua:17  
failed to connect to server [Auth Server]127.0.0.18000
20200215 22:44:58 DebugF:\Projects\unity\Moba\Server\netbus\session\TcpSession.cpp:105  
÷˜∂Øπÿª˙
20200215 22:45:03 Error../../apps/lua_test/scripts/gateway/GatewayService.lua:17  
failed to connect to server [Auth Server]127.0.0.18000
20200215 22:45:03 DebugF:\Projects\unity\Moba\Server\netbus\session\TcpSession.cpp:105  
÷˜∂Øπÿª˙
20200215 22:45:08 Error../../apps/lua_test/scripts/gateway/GatewayService.lua:17  
failed to connect to server [Auth Server]127.0.0.18000
20200215 22:45:08 DebugF:\Projects\unity\Moba\Server\netbus\session\TcpSession.cpp:105  
÷˜∂Øπÿª˙
20200215 22:45:13 Error../../apps/lua_test/scripts/gateway/GatewayService.lua:17  
failed to connect to server [Auth Server]127.0.0.18000
20200215 22:45:13 DebugF:\Projects\unity\Moba\Server\netbus\session\TcpSession.cpp:105  
÷˜∂Øπÿª˙
20200215 22:45:18 Error../../apps/lua_test/scripts/gateway/GatewayService.lua:17  
failed to connect to server [Auth Server]127.0.0.18000
20200215 22:45:18 DebugF:\Projects\unity\Moba\Server\netbus\session\TcpSession.cpp:105  
÷˜∂Øπÿª˙
20200215 22:45:23 Error../../apps/lua_test/scripts/gateway/GatewayService.lua:17  
failed to connect to server [Auth Server]127.0.0.18000
20200215 22:45:23 DebugF:\Projects\unity\Moba\Server\netbus\session\TcpSession.cpp:105  
÷˜∂Øπÿª˙
20200215 22:45:27 Debug../../apps/lua_test/scripts/gateway/GatewayService.lua:21  
success to connect to server [Auth Server]127.0.0.18000
20200215 22:45:41 DebugF:\Projects\unity\Moba\Server\netbus\Netbus.cpp:171  
new client comming:	127.0.0.1:64910
20200215 22:45:44 DebugF:\Projects\unity\Moba\Server\netbus\Netbus.cpp:240  
client command!!
20200215 22:45:44 Debug../../apps/lua_test/scripts/gateway/GatewayService.lua:67  
resend to server	1	1	0
20200215 22:45:44 Debug../../apps/lua_test/scripts/gateway/GatewayService.lua:84  
s.uTag: 	1
20200215 22:45:44 Debug../../apps/lua_test/scripts/gateway/GatewayService.lua:93  
after send to auth
20200215 22:45:44 DebugF:\Projects\unity\Moba\Server\netbus\session\TcpSession.cpp:64  
write success
