20200223 11:10:45 Debug../../apps/lua_test/scripts/gateway/gateway_server_main.lua:28  
Gateway Server [tcp] listen at: 	6080
20200223 11:10:45 Debug../../apps/lua_test/scripts/gateway/gateway_server_main.lua:40  
register Gateway Service:[1] service success
20200223 11:10:45 Debug../../apps/lua_test/scripts/gateway/gateway_server_main.lua:40  
register Gateway Service:[2] service success
20200223 11:10:45 Debug../../apps/lua_test/scripts/gateway/gateway_server_main.lua:40  
register Gateway Service:[3] service success
20200223 11:10:46 Debug../../apps/lua_test/scripts/gateway/GatewayService.lua:21  
connect to server [Auth Server]127.0.0.18000 success
20200223 11:10:46 Debug../../apps/lua_test/scripts/gateway/GatewayService.lua:21  
connect to server [System Server]127.0.0.18001 success
20200223 11:10:46 Debug../../apps/lua_test/scripts/gateway/GatewayService.lua:21  
connect to server [Logic Server]127.0.0.18002 success
20200223 11:10:54 Debug../../apps/lua_test/scripts/gateway/gateway_server_main.lua:26  
new client come [127.0.0.1:49854]
20200223 11:10:57 ErrorF:\Projects\unity\Moba\Server\lua_wrapper\service_export_to_lua.cpp:403  
OnSessionRecvCmdPackage£ºluaRecvRawPackageHandle==0
20200223 11:10:57 Debug../../apps/lua_test/scripts/gateway/GatewayService.lua:199  
client [127.0.0.1:49854] leave
20200223 11:10:57 Debug../../apps/lua_test/scripts/gateway/GatewayService.lua:199  
client [127.0.0.1:49854] leave
20200223 11:10:57 Debug../../apps/lua_test/scripts/gateway/GatewayService.lua:199  
client [127.0.0.1:49854] leave
20200223 11:13:29 Debug../../apps/lua_test/scripts/gateway/gateway_server_main.lua:28  
Gateway Server [tcp] listen at: 	6080
20200223 11:14:52 Debug../../apps/lua_test/scripts/gateway/gateway_server_main.lua:28  
Gateway Server [tcp] listen at: 	6080
20200223 11:14:52 Debug../../apps/lua_test/scripts/gateway/gateway_server_main.lua:40  
register Gateway Service:[1] service success
20200223 11:14:52 Debug../../apps/lua_test/scripts/gateway/gateway_server_main.lua:40  
register Gateway Service:[2] service success
20200223 11:14:52 Debug../../apps/lua_test/scripts/gateway/gateway_server_main.lua:40  
register Gateway Service:[3] service success
20200223 11:14:53 Debug../../apps/lua_test/scripts/gateway/GatewayService.lua:21  
connect to server [Auth Server]127.0.0.18000 success
20200223 11:14:53 Debug../../apps/lua_test/scripts/gateway/GatewayService.lua:21  
connect to server [System Server]127.0.0.18001 success
20200223 11:14:53 Debug../../apps/lua_test/scripts/gateway/GatewayService.lua:21  
connect to server [Logic Server]127.0.0.18002 success
20200223 11:15:05 Debug../../apps/lua_test/scripts/gateway/gateway_server_main.lua:26  
new client come [127.0.0.1:49918]
