20200217 08:40:28 Debug../../apps/lua_test/scripts/gateway/gateway_server_main.lua:26  
Gateway Server [tcp] listen at: 	6080
20200217 08:40:28 Debug../../apps/lua_test/scripts/gateway/gateway_server_main.lua:38  
register Gateway Service:[1] service success
20200217 08:40:30 Error../../apps/lua_test/scripts/gateway/GatewayService.lua:17  
connect to server [Auth Server]127.0.0.18000 failed, reconnecting...
20200217 08:40:35 Error../../apps/lua_test/scripts/gateway/GatewayService.lua:17  
connect to server [Auth Server]127.0.0.18000 failed, reconnecting...
20200217 08:40:40 Error../../apps/lua_test/scripts/gateway/GatewayService.lua:17  
connect to server [Auth Server]127.0.0.18000 failed, reconnecting...
20200217 08:40:44 Debug../../apps/lua_test/scripts/gateway/GatewayService.lua:21  
connect to server [Auth Server]127.0.0.18000 success
20200217 08:40:52 Error../../apps/lua_test/scripts/gateway/GatewayService.lua:115  
disconnected from: [Auth Server]
20200217 08:40:55 Error../../apps/lua_test/scripts/gateway/GatewayService.lua:17  
connect to server [Auth Server]127.0.0.18000 failed, reconnecting...
20200217 08:41:00 Error../../apps/lua_test/scripts/gateway/GatewayService.lua:17  
connect to server [Auth Server]127.0.0.18000 failed, reconnecting...
20200217 08:41:05 Error../../apps/lua_test/scripts/gateway/GatewayService.lua:17  
connect to server [Auth Server]127.0.0.18000 failed, reconnecting...
20200217 08:41:10 Error../../apps/lua_test/scripts/gateway/GatewayService.lua:17  
connect to server [Auth Server]127.0.0.18000 failed, reconnecting...
20200217 08:41:15 Error../../apps/lua_test/scripts/gateway/GatewayService.lua:17  
connect to server [Auth Server]127.0.0.18000 failed, reconnecting...
20200217 08:41:20 Error../../apps/lua_test/scripts/gateway/GatewayService.lua:17  
connect to server [Auth Server]127.0.0.18000 failed, reconnecting...
20200217 08:41:24 Debug../../apps/lua_test/scripts/gateway/GatewayService.lua:21  
connect to server [Auth Server]127.0.0.18000 success
20200217 08:41:44 Error../../apps/lua_test/scripts/gateway/GatewayService.lua:115  
disconnected from: [Auth Server]
20200217 08:41:45 Error../../apps/lua_test/scripts/gateway/GatewayService.lua:17  
connect to server [Auth Server]127.0.0.18000 failed, reconnecting...
20200217 08:41:50 Error../../apps/lua_test/scripts/gateway/GatewayService.lua:17  
connect to server [Auth Server]127.0.0.18000 failed, reconnecting...
20200217 08:41:55 Error../../apps/lua_test/scripts/gateway/GatewayService.lua:17  
connect to server [Auth Server]127.0.0.18000 failed, reconnecting...
20200217 08:42:00 Error../../apps/lua_test/scripts/gateway/GatewayService.lua:17  
connect to server [Auth Server]127.0.0.18000 failed, reconnecting...
20200217 08:42:05 Error../../apps/lua_test/scripts/gateway/GatewayService.lua:17  
connect to server [Auth Server]127.0.0.18000 failed, reconnecting...
20200217 08:42:10 Error../../apps/lua_test/scripts/gateway/GatewayService.lua:17  
connect to server [Auth Server]127.0.0.18000 failed, reconnecting...
20200217 08:42:15 Error../../apps/lua_test/scripts/gateway/GatewayService.lua:17  
connect to server [Auth Server]127.0.0.18000 failed, reconnecting...
20200217 08:42:20 Error../../apps/lua_test/scripts/gateway/GatewayService.lua:17  
connect to server [Auth Server]127.0.0.18000 failed, reconnecting...
20200217 08:42:25 Error../../apps/lua_test/scripts/gateway/GatewayService.lua:17  
connect to server [Auth Server]127.0.0.18000 failed, reconnecting...
20200217 08:42:30 Error../../apps/lua_test/scripts/gateway/GatewayService.lua:17  
connect to server [Auth Server]127.0.0.18000 failed, reconnecting...
20200217 08:42:35 Error../../apps/lua_test/scripts/gateway/GatewayService.lua:17  
connect to server [Auth Server]127.0.0.18000 failed, reconnecting...
20200217 08:42:40 Error../../apps/lua_test/scripts/gateway/GatewayService.lua:17  
connect to server [Auth Server]127.0.0.18000 failed, reconnecting...
20200217 08:42:45 Debug../../apps/lua_test/scripts/gateway/GatewayService.lua:21  
connect to server [Auth Server]127.0.0.18000 success
20200217 08:43:07 Error../../apps/lua_test/scripts/gateway/GatewayService.lua:115  
disconnected from: [Auth Server]
20200217 08:43:10 Error../../apps/lua_test/scripts/gateway/GatewayService.lua:17  
connect to server [Auth Server]127.0.0.18000 failed, reconnecting...
20200217 08:43:15 Error../../apps/lua_test/scripts/gateway/GatewayService.lua:17  
connect to server [Auth Server]127.0.0.18000 failed, reconnecting...
20200217 08:43:20 Error../../apps/lua_test/scripts/gateway/GatewayService.lua:17  
connect to server [Auth Server]127.0.0.18000 failed, reconnecting...
20200217 08:43:25 Error../../apps/lua_test/scripts/gateway/GatewayService.lua:17  
connect to server [Auth Server]127.0.0.18000 failed, reconnecting...
20200217 08:43:30 Error../../apps/lua_test/scripts/gateway/GatewayService.lua:17  
connect to server [Auth Server]127.0.0.18000 failed, reconnecting...
20200217 08:43:34 Debug../../apps/lua_test/scripts/gateway/GatewayService.lua:21  
connect to server [Auth Server]127.0.0.18000 success
20200217 08:43:50 Error../../apps/lua_test/scripts/gateway/GatewayService.lua:115  
disconnected from: [Auth Server]
20200217 13:28:01 Debug../../apps/lua_test/scripts/gateway/gateway_server_main.lua:22  
Gateway Server [tcp] listen at: 	6080
20200217 13:28:01 Debug../../apps/lua_test/scripts/gateway/gateway_server_main.lua:34  
register Gateway Service:[1] service success
20200217 13:28:48 Debug../../apps/lua_test/scripts/gateway/gateway_server_main.lua:22  
Gateway Server [tcp] listen at: 	6080
20200217 13:28:48 Debug../../apps/lua_test/scripts/gateway/gateway_server_main.lua:34  
register Gateway Service:[1] service success
20200217 13:28:59 Debug../../apps/lua_test/scripts/gateway/GatewayService.lua:21  
connect to server [Auth Server]127.0.0.18000 success
20200217 13:29:57 Debug../../apps/lua_test/scripts/gateway/gateway_server_main.lua:20  
new client come [127.0.0.1:62215]
20200217 13:30:34 Debug../../apps/lua_test/scripts/gateway/GatewayService.lua:124  
client [127.0.0.1:62215] leave
20200217 13:34:14 Debug../../apps/lua_test/scripts/gateway/gateway_server_main.lua:22  
Gateway Server [tcp] listen at: 	6080
20200217 13:34:14 Debug../../apps/lua_test/scripts/gateway/gateway_server_main.lua:34  
register Gateway Service:[1] service success
20200217 13:34:27 Debug../../apps/lua_test/scripts/gateway/GatewayService.lua:21  
connect to server [Auth Server]127.0.0.18000 success
20200217 13:34:39 Error../../apps/lua_test/scripts/gateway/GatewayService.lua:115  
disconnected from: [Auth Server]
20200217 13:34:43 Error../../apps/lua_test/scripts/gateway/GatewayService.lua:17  
connect to server [Auth Server]127.0.0.18000 failed, reconnecting...
20200217 13:34:48 Error../../apps/lua_test/scripts/gateway/GatewayService.lua:17  
connect to server [Auth Server]127.0.0.18000 failed, reconnecting...
20200217 13:34:52 Debug../../apps/lua_test/scripts/gateway/GatewayService.lua:21  
connect to server [Auth Server]127.0.0.18000 success
20200217 13:34:59 Debug../../apps/lua_test/scripts/gateway/gateway_server_main.lua:20  
new client come [127.0.0.1:62348]
20200217 13:35:02 Debug../../apps/lua_test/scripts/gateway/GatewayService.lua:124  
client [127.0.0.1:62348] leave
20200217 13:35:08 Debug../../apps/lua_test/scripts/gateway/gateway_server_main.lua:20  
new client come [127.0.0.1:62351]
20200217 13:35:10 Debug../../apps/lua_test/scripts/gateway/GatewayService.lua:124  
client [127.0.0.1:62351] leave
20200217 13:35:15 Debug../../apps/lua_test/scripts/gateway/gateway_server_main.lua:20  
new client come [127.0.0.1:62356]
20200217 13:35:20 DebugF:\Projects\unity\Moba\Server\netbus\Netbus.cpp:237  
client command!!
20200217 13:37:42 Debug../../apps/lua_test/scripts/gateway/gateway_server_main.lua:22  
Gateway Server [tcp] listen at: 	6080
20200217 13:37:42 Debug../../apps/lua_test/scripts/gateway/gateway_server_main.lua:34  
register Gateway Service:[1] service success
20200217 13:37:44 Error../../apps/lua_test/scripts/gateway/GatewayService.lua:17  
connect to server [Auth Server]127.0.0.18000 failed, reconnecting...
20200217 13:37:49 Error../../apps/lua_test/scripts/gateway/GatewayService.lua:17  
connect to server [Auth Server]127.0.0.18000 failed, reconnecting...
20200217 13:37:53 Debug../../apps/lua_test/scripts/gateway/GatewayService.lua:21  
connect to server [Auth Server]127.0.0.18000 success
20200217 13:38:00 Debug../../apps/lua_test/scripts/gateway/gateway_server_main.lua:20  
new client come [127.0.0.1:62401]
20200217 13:39:17 Debug../../apps/lua_test/scripts/gateway/gateway_server_main.lua:22  
Gateway Server [tcp] listen at: 	6080
20200217 13:39:17 Debug../../apps/lua_test/scripts/gateway/gateway_server_main.lua:34  
register Gateway Service:[1] service success
20200217 13:39:19 Error../../apps/lua_test/scripts/gateway/GatewayService.lua:17  
connect to server [Auth Server]127.0.0.18000 failed, reconnecting...
20200217 13:39:23 Debug../../apps/lua_test/scripts/gateway/GatewayService.lua:21  
connect to server [Auth Server]127.0.0.18000 success
20200217 13:39:48 Error../../apps/lua_test/scripts/gateway/GatewayService.lua:115  
disconnected from: [Auth Server]
20200217 13:39:54 Error../../apps/lua_test/scripts/gateway/GatewayService.lua:17  
connect to server [Auth Server]127.0.0.18000 failed, reconnecting...
20200217 19:25:27 Debug../../apps/lua_test/scripts/gateway/gateway_server_main.lua:28  
Gateway Server [tcp] listen at: 	6080
20200217 19:25:27 Debug../../apps/lua_test/scripts/gateway/gateway_server_main.lua:40  
register Gateway Service:[1] service success
20200217 19:25:29 Error../../apps/lua_test/scripts/gateway/GatewayService.lua:17  
connect to server [Auth Server]127.0.0.18000 failed, reconnecting...
20200217 19:25:34 Error../../apps/lua_test/scripts/gateway/GatewayService.lua:17  
connect to server [Auth Server]127.0.0.18000 failed, reconnecting...
20200217 19:25:39 Error../../apps/lua_test/scripts/gateway/GatewayService.lua:17  
connect to server [Auth Server]127.0.0.18000 failed, reconnecting...
20200217 19:25:44 Error../../apps/lua_test/scripts/gateway/GatewayService.lua:17  
connect to server [Auth Server]127.0.0.18000 failed, reconnecting...
20200217 19:25:49 Error../../apps/lua_test/scripts/gateway/GatewayService.lua:17  
connect to server [Auth Server]127.0.0.18000 failed, reconnecting...
20200217 19:25:53 Debug../../apps/lua_test/scripts/gateway/GatewayService.lua:21  
connect to server [Auth Server]127.0.0.18000 success
20200217 19:26:26 Debug../../apps/lua_test/scripts/gateway/gateway_server_main.lua:26  
new client come [127.0.0.1:54250]
20200217 19:27:38 Debug../../apps/lua_test/scripts/gateway/GatewayService.lua:176  
client [127.0.0.1:54250] leave
20200217 19:27:43 Debug../../apps/lua_test/scripts/gateway/gateway_server_main.lua:26  
new client come [127.0.0.1:54275]
20200217 19:51:24 Debug../../apps/lua_test/scripts/gateway/gateway_server_main.lua:28  
Gateway Server [tcp] listen at: 	6080
20200217 19:51:24 Debug../../apps/lua_test/scripts/gateway/gateway_server_main.lua:40  
register Gateway Service:[1] service success
20200217 19:51:25 Debug../../apps/lua_test/scripts/gateway/GatewayService.lua:21  
connect to server [Auth Server]127.0.0.18000 success
20200217 19:51:55 Debug../../apps/lua_test/scripts/gateway/gateway_server_main.lua:28  
Gateway Server [tcp] listen at: 	6080
20200217 19:51:55 Debug../../apps/lua_test/scripts/gateway/gateway_server_main.lua:40  
register Gateway Service:[1] service success
20200217 19:51:56 Debug../../apps/lua_test/scripts/gateway/GatewayService.lua:21  
connect to server [Auth Server]127.0.0.18000 success
20200217 19:52:05 Debug../../apps/lua_test/scripts/gateway/gateway_server_main.lua:26  
new client come [127.0.0.1:54665]
20200217 19:52:08 Debug../../apps/lua_test/scripts/gateway/GatewayService.lua:153  
is loginRequest
20200217 19:52:08 Debug../../apps/lua_test/scripts/gateway/GatewayService.lua:170  
client tag: 1 send to server
20200217 19:56:39 Debug../../apps/lua_test/scripts/gateway/gateway_server_main.lua:28  
Gateway Server [tcp] listen at: 	6080
20200217 19:56:39 Debug../../apps/lua_test/scripts/gateway/gateway_server_main.lua:40  
register Gateway Service:[1] service success
20200217 19:56:40 Debug../../apps/lua_test/scripts/gateway/GatewayService.lua:21  
connect to server [Auth Server]127.0.0.18000 success
20200217 19:56:46 Debug../../apps/lua_test/scripts/gateway/gateway_server_main.lua:26  
new client come [127.0.0.1:54725]
20200217 19:56:48 Debug../../apps/lua_test/scripts/gateway/GatewayService.lua:155  
is loginRequest
20200217 19:56:48 Debug../../apps/lua_test/scripts/gateway/GatewayService.lua:172  
client tag: 1 send to server
20200217 20:01:20 Debug../../apps/lua_test/scripts/gateway/gateway_server_main.lua:28  
Gateway Server [tcp] listen at: 	6080
20200217 20:01:20 Debug../../apps/lua_test/scripts/gateway/gateway_server_main.lua:40  
register Gateway Service:[1] service success
20200217 20:01:22 Error../../apps/lua_test/scripts/gateway/GatewayService.lua:17  
connect to server [Auth Server]127.0.0.18000 failed, reconnecting...
20200217 20:01:27 Error../../apps/lua_test/scripts/gateway/GatewayService.lua:17  
connect to server [Auth Server]127.0.0.18000 failed, reconnecting...
20200217 20:01:32 Error../../apps/lua_test/scripts/gateway/GatewayService.lua:17  
connect to server [Auth Server]127.0.0.18000 failed, reconnecting...
20200217 20:01:37 Error../../apps/lua_test/scripts/gateway/GatewayService.lua:17  
connect to server [Auth Server]127.0.0.18000 failed, reconnecting...
20200217 20:01:41 Debug../../apps/lua_test/scripts/gateway/GatewayService.lua:21  
connect to server [Auth Server]127.0.0.18000 success
20200217 20:01:46 Debug../../apps/lua_test/scripts/gateway/gateway_server_main.lua:26  
new client come [127.0.0.1:54783]
20200217 20:01:51 Debug../../apps/lua_test/scripts/gateway/GatewayService.lua:155  
is loginRequest
20200217 20:01:51 Debug../../apps/lua_test/scripts/gateway/GatewayService.lua:172  
client tag: 1 send to server
20200217 20:01:51 Debug../../apps/lua_test/scripts/gateway/GatewayService.lua:84  
AAA
20200217 20:01:51 Debug../../apps/lua_test/scripts/gateway/GatewayService.lua:98  
responce is not ok
20200217 20:04:36 Debug../../apps/lua_test/scripts/gateway/gateway_server_main.lua:28  
Gateway Server [tcp] listen at: 	6080
20200217 20:04:36 Debug../../apps/lua_test/scripts/gateway/gateway_server_main.lua:40  
register Gateway Service:[1] service success
20200217 20:04:38 Error../../apps/lua_test/scripts/gateway/GatewayService.lua:17  
connect to server [Auth Server]127.0.0.18000 failed, reconnecting...
20200217 20:04:43 Error../../apps/lua_test/scripts/gateway/GatewayService.lua:17  
connect to server [Auth Server]127.0.0.18000 failed, reconnecting...
20200217 20:04:47 Debug../../apps/lua_test/scripts/gateway/GatewayService.lua:21  
connect to server [Auth Server]127.0.0.18000 success
20200217 20:04:56 Debug../../apps/lua_test/scripts/gateway/gateway_server_main.lua:26  
new client come [127.0.0.1:54819]
20200217 20:05:00 Debug../../apps/lua_test/scripts/gateway/GatewayService.lua:155  
is loginRequest
20200217 20:05:00 Debug../../apps/lua_test/scripts/gateway/GatewayService.lua:172  
client tag: 1 send to server
20200217 20:05:00 Debug../../apps/lua_test/scripts/gateway/GatewayService.lua:84  
AAA
20200217 20:05:00 Debug../../apps/lua_test/scripts/gateway/GatewayService.lua:98  
responce is not ok	0
20200217 20:43:14 Debug../../apps/lua_test/scripts/gateway/gateway_server_main.lua:28  
Gateway Server [tcp] listen at: 	6080
20200217 20:43:14 Debug../../apps/lua_test/scripts/gateway/gateway_server_main.lua:40  
register Gateway Service:[1] service success
20200217 20:43:15 Debug../../apps/lua_test/scripts/gateway/GatewayService.lua:21  
connect to server [Auth Server]127.0.0.18000 success
20200217 20:43:36 Debug../../apps/lua_test/scripts/gateway/gateway_server_main.lua:26  
new client come [127.0.0.1:55296]
20200217 20:43:39 Debug../../apps/lua_test/scripts/gateway/GatewayService.lua:156  
is loginRequest
20200217 20:43:39 Debug../../apps/lua_test/scripts/gateway/GatewayService.lua:173  
client tag: 1 send to server
20200217 20:43:39 Debug../../apps/lua_test/scripts/gateway/GatewayService.lua:84  
AAA
20200217 20:43:39 Debug../../apps/lua_test/scripts/gateway/GatewayService.lua:97  
status: 	0	responce.Ok	nil
20200217 20:43:39 ErrorF:\Projects\unity\Moba\Server\lua_wrapper\service_export_to_lua.cpp:108  
[LUA ERROR] ../../apps/lua_test/scripts/gateway/GatewayService.lua:98: attempt to compare nil with number
20200217 20:44:36 Debug../../apps/lua_test/scripts/gateway/gateway_server_main.lua:28  
Gateway Server [tcp] listen at: 	6080
20200217 20:44:36 Debug../../apps/lua_test/scripts/gateway/gateway_server_main.lua:40  
register Gateway Service:[1] service success
20200217 20:44:37 Debug../../apps/lua_test/scripts/gateway/GatewayService.lua:21  
connect to server [Auth Server]127.0.0.18000 success
20200217 20:44:47 Debug../../apps/lua_test/scripts/gateway/gateway_server_main.lua:26  
new client come [127.0.0.1:55311]
20200217 20:44:50 Debug../../apps/lua_test/scripts/gateway/GatewayService.lua:156  
is loginRequest
20200217 20:44:50 Debug../../apps/lua_test/scripts/gateway/GatewayService.lua:173  
client tag: 1 send to server
20200217 20:44:50 Debug../../apps/lua_test/scripts/gateway/GatewayService.lua:84  
AAA
20200217 20:44:50 Debug../../apps/lua_test/scripts/gateway/GatewayService.lua:97  
status: 	0	responce.Ok	0
20200217 20:44:50 ErrorF:\Projects\unity\Moba\Server\lua_wrapper\service_export_to_lua.cpp:108  
[LUA ERROR] ../../apps/lua_test/scripts/gateway/GatewayService.lua:98: attempt to compare nil with number
20200217 20:45:58 Debug../../apps/lua_test/scripts/gateway/gateway_server_main.lua:28  
Gateway Server [tcp] listen at: 	6080
20200217 20:45:58 Debug../../apps/lua_test/scripts/gateway/gateway_server_main.lua:40  
register Gateway Service:[1] service success
20200217 20:46:00 Error../../apps/lua_test/scripts/gateway/GatewayService.lua:17  
connect to server [Auth Server]127.0.0.18000 failed, reconnecting...
20200217 20:46:05 Error../../apps/lua_test/scripts/gateway/GatewayService.lua:17  
connect to server [Auth Server]127.0.0.18000 failed, reconnecting...
20200217 20:46:10 Error../../apps/lua_test/scripts/gateway/GatewayService.lua:17  
connect to server [Auth Server]127.0.0.18000 failed, reconnecting...
20200217 20:46:14 Debug../../apps/lua_test/scripts/gateway/GatewayService.lua:21  
connect to server [Auth Server]127.0.0.18000 success
20200217 20:46:18 Debug../../apps/lua_test/scripts/gateway/gateway_server_main.lua:26  
new client come [127.0.0.1:55345]
20200217 20:46:21 Debug../../apps/lua_test/scripts/gateway/GatewayService.lua:156  
is loginRequest
20200217 20:46:21 Debug../../apps/lua_test/scripts/gateway/GatewayService.lua:173  
client tag: 1 send to server
20200217 20:46:21 Debug../../apps/lua_test/scripts/gateway/GatewayService.lua:84  
AAA
20200217 20:46:21 Debug../../apps/lua_test/scripts/gateway/GatewayService.lua:97  
status: 	0	responce.Ok	0
20200217 20:46:21 Debug../../apps/lua_test/scripts/gateway/GatewayService.lua:118  
remember uid: 	8
20200217 20:46:21 Debug../../apps/lua_test/scripts/gateway/GatewayService.lua:123  
send back to client
20200217 20:46:41 Debug../../apps/lua_test/scripts/gateway/GatewayService.lua:191  
client [127.0.0.1:55345] leave
20200217 20:48:09 Debug../../apps/lua_test/scripts/gateway/gateway_server_main.lua:28  
Gateway Server [tcp] listen at: 	6080
20200217 20:48:09 Debug../../apps/lua_test/scripts/gateway/gateway_server_main.lua:40  
register Gateway Service:[1] service success
20200217 20:48:10 Debug../../apps/lua_test/scripts/gateway/GatewayService.lua:21  
connect to server [Auth Server]127.0.0.18000 success
20200217 20:48:20 Debug../../apps/lua_test/scripts/gateway/gateway_server_main.lua:26  
new client come [127.0.0.1:55402]
20200217 20:48:28 Debug../../apps/lua_test/scripts/gateway/GatewayService.lua:156  
is loginRequest
20200217 20:48:28 Debug../../apps/lua_test/scripts/gateway/GatewayService.lua:173  
client tag: 1 send to server
20200217 20:48:49 Debug../../apps/lua_test/scripts/gateway/GatewayService.lua:191  
client [127.0.0.1:55402] leave
20200217 20:49:56 Debug../../apps/lua_test/scripts/gateway/gateway_server_main.lua:28  
Gateway Server [tcp] listen at: 	6080
20200217 20:49:56 Debug../../apps/lua_test/scripts/gateway/gateway_server_main.lua:40  
register Gateway Service:[1] service success
20200217 20:49:57 Debug../../apps/lua_test/scripts/gateway/GatewayService.lua:21  
connect to server [Auth Server]127.0.0.18000 success
20200217 20:50:04 Debug../../apps/lua_test/scripts/gateway/gateway_server_main.lua:26  
new client come [127.0.0.1:55429]
20200217 20:50:08 Debug../../apps/lua_test/scripts/gateway/GatewayService.lua:156  
is loginRequest
20200217 20:50:08 Debug../../apps/lua_test/scripts/gateway/GatewayService.lua:173  
client tag: 1 send to server
20200217 20:50:12 Error../../apps/lua_test/scripts/gateway/GatewayService.lua:182  
disconnected from: [Auth Server]
20200217 20:50:13 Error../../apps/lua_test/scripts/gateway/GatewayService.lua:17  
connect to server [Auth Server]127.0.0.18000 failed, reconnecting...
20200217 20:50:17 Debug../../apps/lua_test/scripts/gateway/GatewayService.lua:21  
connect to server [Auth Server]127.0.0.18000 success
20200217 20:50:20 Debug../../apps/lua_test/scripts/gateway/GatewayService.lua:173  
client tag: 1 send to server
20200217 20:50:20 Debug../../apps/lua_test/scripts/gateway/GatewayService.lua:84  
AAA
20200217 20:50:20 Debug../../apps/lua_test/scripts/gateway/GatewayService.lua:97  
status: 	0	responce.Ok	0
20200217 20:50:20 Debug../../apps/lua_test/scripts/gateway/GatewayService.lua:118  
remember uid: 	9
20200217 20:50:20 Debug../../apps/lua_test/scripts/gateway/GatewayService.lua:123  
send back to client
20200217 20:50:29 Debug../../apps/lua_test/scripts/gateway/GatewayService.lua:191  
client [127.0.0.1:55429] leave
20200217 20:50:34 Debug../../apps/lua_test/scripts/gateway/gateway_server_main.lua:26  
new client come [127.0.0.1:55447]
20200217 20:50:37 Debug../../apps/lua_test/scripts/gateway/GatewayService.lua:156  
is loginRequest
20200217 20:50:37 Debug../../apps/lua_test/scripts/gateway/GatewayService.lua:173  
client tag: 2 send to server
20200217 20:50:37 Debug../../apps/lua_test/scripts/gateway/GatewayService.lua:84  
AAA
20200217 20:50:37 Debug../../apps/lua_test/scripts/gateway/GatewayService.lua:97  
status: 	0	responce.Ok	0
20200217 20:50:37 Debug../../apps/lua_test/scripts/gateway/GatewayService.lua:118  
remember uid: 	9
20200217 20:50:37 Debug../../apps/lua_test/scripts/gateway/GatewayService.lua:123  
send back to client
20200217 20:51:22 Debug../../apps/lua_test/scripts/gateway/GatewayService.lua:191  
client [127.0.0.1:55447] leave
20200217 20:51:34 Debug../../apps/lua_test/scripts/gateway/gateway_server_main.lua:26  
new client come [127.0.0.1:55460]
20200217 20:51:36 Debug../../apps/lua_test/scripts/gateway/GatewayService.lua:156  
is loginRequest
20200217 20:51:36 Debug../../apps/lua_test/scripts/gateway/GatewayService.lua:173  
client tag: 3 send to server
20200217 20:57:23 Debug../../apps/lua_test/scripts/gateway/gateway_server_main.lua:28  
Gateway Server [tcp] listen at: 	6080
20200217 20:57:23 Debug../../apps/lua_test/scripts/gateway/gateway_server_main.lua:40  
register Gateway Service:[1] service success
20200217 20:57:24 Debug../../apps/lua_test/scripts/gateway/GatewayService.lua:21  
connect to server [Auth Server]127.0.0.18000 success
20200217 20:57:31 Error../../apps/lua_test/scripts/gateway/GatewayService.lua:182  
disconnected from: [Auth Server]
20200217 20:57:34 Debug../../apps/lua_test/scripts/gateway/GatewayService.lua:21  
connect to server [Auth Server]127.0.0.18000 success
20200217 20:57:46 Debug../../apps/lua_test/scripts/gateway/gateway_server_main.lua:26  
new client come [127.0.0.1:55554]
20200217 20:57:49 Debug../../apps/lua_test/scripts/gateway/GatewayService.lua:156  
is loginRequest
20200217 20:57:49 Debug../../apps/lua_test/scripts/gateway/GatewayService.lua:173  
client tag: 1 send to server
20200217 20:57:49 Debug../../apps/lua_test/scripts/gateway/GatewayService.lua:84  
AAA
20200217 20:57:49 Debug../../apps/lua_test/scripts/gateway/GatewayService.lua:97  
status: 	0	responce.Ok	0
20200217 20:57:49 Debug../../apps/lua_test/scripts/gateway/GatewayService.lua:118  
remember uid: 	9
20200217 20:57:49 Debug../../apps/lua_test/scripts/gateway/GatewayService.lua:123  
send back to client
20200217 20:59:58 Debug../../apps/lua_test/scripts/gateway/GatewayService.lua:191  
client [127.0.0.1:55554] leave
20200217 21:01:37 Debug../../apps/lua_test/scripts/gateway/gateway_server_main.lua:28  
Gateway Server [tcp] listen at: 	6080
20200217 21:01:37 Debug../../apps/lua_test/scripts/gateway/gateway_server_main.lua:40  
register Gateway Service:[1] service success
20200217 21:01:39 Error../../apps/lua_test/scripts/gateway/GatewayService.lua:17  
connect to server [Auth Server]127.0.0.18000 failed, reconnecting...
20200217 21:01:44 Error../../apps/lua_test/scripts/gateway/GatewayService.lua:17  
connect to server [Auth Server]127.0.0.18000 failed, reconnecting...
20200217 21:01:49 Error../../apps/lua_test/scripts/gateway/GatewayService.lua:17  
connect to server [Auth Server]127.0.0.18000 failed, reconnecting...
20200217 21:01:54 Error../../apps/lua_test/scripts/gateway/GatewayService.lua:17  
connect to server [Auth Server]127.0.0.18000 failed, reconnecting...
20200217 21:01:59 Error../../apps/lua_test/scripts/gateway/GatewayService.lua:17  
connect to server [Auth Server]127.0.0.18000 failed, reconnecting...
20200217 21:02:03 Debug../../apps/lua_test/scripts/gateway/GatewayService.lua:21  
connect to server [Auth Server]127.0.0.18000 success
20200217 21:02:11 Debug../../apps/lua_test/scripts/gateway/gateway_server_main.lua:26  
new client come [127.0.0.1:55609]
20200217 21:02:13 Debug../../apps/lua_test/scripts/gateway/GatewayService.lua:191  
client [127.0.0.1:55609] leave
20200217 21:02:18 Debug../../apps/lua_test/scripts/gateway/gateway_server_main.lua:26  
new client come [127.0.0.1:55612]
20200217 21:02:21 Debug../../apps/lua_test/scripts/gateway/GatewayService.lua:156  
is loginRequest
20200217 21:02:21 Debug../../apps/lua_test/scripts/gateway/GatewayService.lua:173  
client tag: 1 send to server
20200217 21:02:21 Debug../../apps/lua_test/scripts/gateway/GatewayService.lua:84  
AAA
20200217 21:02:21 Debug../../apps/lua_test/scripts/gateway/GatewayService.lua:97  
status: 	0	responce.Ok	0
20200217 21:02:21 Debug../../apps/lua_test/scripts/gateway/GatewayService.lua:118  
remember uid: 	9
20200217 21:02:21 Debug../../apps/lua_test/scripts/gateway/GatewayService.lua:123  
send back to client
20200217 21:02:28 Debug../../apps/lua_test/scripts/gateway/GatewayService.lua:191  
client [127.0.0.1:55612] leave
20200217 21:02:39 Debug../../apps/lua_test/scripts/gateway/gateway_server_main.lua:26  
new client come [127.0.0.1:55616]
20200217 21:02:43 Debug../../apps/lua_test/scripts/gateway/GatewayService.lua:156  
is loginRequest
20200217 21:02:43 Debug../../apps/lua_test/scripts/gateway/GatewayService.lua:173  
client tag: 2 send to server
20200217 21:02:43 Debug../../apps/lua_test/scripts/gateway/GatewayService.lua:84  
AAA
20200217 21:02:43 Debug../../apps/lua_test/scripts/gateway/GatewayService.lua:97  
status: 	0	responce.Ok	0
20200217 21:02:43 Debug../../apps/lua_test/scripts/gateway/GatewayService.lua:118  
remember uid: 	9
20200217 21:02:43 Debug../../apps/lua_test/scripts/gateway/GatewayService.lua:123  
send back to client
20200217 21:02:50 Debug../../apps/lua_test/scripts/gateway/GatewayService.lua:191  
client [127.0.0.1:55616] leave
20200217 21:03:36 Debug../../apps/lua_test/scripts/gateway/gateway_server_main.lua:26  
new client come [127.0.0.1:55628]
20200217 21:03:56 Debug../../apps/lua_test/scripts/gateway/GatewayService.lua:191  
client [127.0.0.1:55628] leave
