20200222 16:42:40 Debug../../apps/lua_test/scripts/gateway/gateway_server_main.lua:28  
Gateway Server [tcp] listen at: 	6080
20200222 16:42:40 Debug../../apps/lua_test/scripts/gateway/gateway_server_main.lua:40  
register Gateway Service:[1] service success
20200222 16:42:40 Debug../../apps/lua_test/scripts/gateway/gateway_server_main.lua:40  
register Gateway Service:[2] service success
20200222 16:42:40 Debug../../apps/lua_test/scripts/gateway/gateway_server_main.lua:40  
register Gateway Service:[3] service success
20200222 16:42:42 Error../../apps/lua_test/scripts/gateway/GatewayService.lua:17  
connect to server [Auth Server]127.0.0.18000 failed, reconnecting...
20200222 16:42:42 Error../../apps/lua_test/scripts/gateway/GatewayService.lua:17  
connect to server [System Server]127.0.0.18001 failed, reconnecting...
20200222 16:42:42 Error../../apps/lua_test/scripts/gateway/GatewayService.lua:17  
connect to server [Logic Server]127.0.0.18002 failed, reconnecting...
20200222 16:42:47 Error../../apps/lua_test/scripts/gateway/GatewayService.lua:17  
connect to server [Logic Server]127.0.0.18002 failed, reconnecting...
20200222 16:42:47 Error../../apps/lua_test/scripts/gateway/GatewayService.lua:17  
connect to server [System Server]127.0.0.18001 failed, reconnecting...
20200222 16:42:47 Error../../apps/lua_test/scripts/gateway/GatewayService.lua:17  
connect to server [Auth Server]127.0.0.18000 failed, reconnecting...
20200222 16:42:52 Error../../apps/lua_test/scripts/gateway/GatewayService.lua:17  
connect to server [Auth Server]127.0.0.18000 failed, reconnecting...
20200222 16:42:52 Error../../apps/lua_test/scripts/gateway/GatewayService.lua:17  
connect to server [System Server]127.0.0.18001 failed, reconnecting...
20200222 16:42:52 Error../../apps/lua_test/scripts/gateway/GatewayService.lua:17  
connect to server [Logic Server]127.0.0.18002 failed, reconnecting...
20200222 17:14:07 Debug../../apps/lua_test/scripts/gateway/gateway_server_main.lua:28  
Gateway Server [tcp] listen at: 	6080
20200222 17:14:07 Debug../../apps/lua_test/scripts/gateway/gateway_server_main.lua:40  
register Gateway Service:[1] service success
20200222 17:14:07 Debug../../apps/lua_test/scripts/gateway/gateway_server_main.lua:40  
register Gateway Service:[2] service success
20200222 17:14:07 Debug../../apps/lua_test/scripts/gateway/gateway_server_main.lua:40  
register Gateway Service:[3] service success
20200222 17:14:09 Error../../apps/lua_test/scripts/gateway/GatewayService.lua:17  
connect to server [System Server]127.0.0.18001 failed, reconnecting...
20200222 17:14:09 Error../../apps/lua_test/scripts/gateway/GatewayService.lua:17  
connect to server [Auth Server]127.0.0.18000 failed, reconnecting...
20200222 17:14:09 Error../../apps/lua_test/scripts/gateway/GatewayService.lua:17  
connect to server [Logic Server]127.0.0.18002 failed, reconnecting...
20200222 17:14:14 Error../../apps/lua_test/scripts/gateway/GatewayService.lua:17  
connect to server [Auth Server]127.0.0.18000 failed, reconnecting...
20200222 17:14:14 Error../../apps/lua_test/scripts/gateway/GatewayService.lua:17  
connect to server [System Server]127.0.0.18001 failed, reconnecting...
20200222 17:14:14 Error../../apps/lua_test/scripts/gateway/GatewayService.lua:17  
connect to server [Logic Server]127.0.0.18002 failed, reconnecting...
20200222 17:14:19 Error../../apps/lua_test/scripts/gateway/GatewayService.lua:17  
connect to server [Auth Server]127.0.0.18000 failed, reconnecting...
20200222 17:14:19 Error../../apps/lua_test/scripts/gateway/GatewayService.lua:17  
connect to server [System Server]127.0.0.18001 failed, reconnecting...
20200222 17:14:19 Error../../apps/lua_test/scripts/gateway/GatewayService.lua:17  
connect to server [Logic Server]127.0.0.18002 failed, reconnecting...
