20200201 17:38:23 DEBUG F:\Projects\unity\Moba\Server\apps\test\TestCpp.cpp:11  
hello
20200201 17:38:26 DEBUG F:\Projects\unity\Moba\Server\apps\test\TestCpp.cpp:11  
hello
20200201 17:38:29 DEBUG F:\Projects\unity\Moba\Server\apps\test\TestCpp.cpp:11  
hello
20200201 17:38:32 DEBUG F:\Projects\unity\Moba\Server\apps\test\TestCpp.cpp:11  
hello
20200201 19:48:43 DEBUG F:\Projects\unity\Moba\Server\apps\test\TestCpp.cpp:19  
当前时间戳1580557723
20200201 19:49:18 DEBUG F:\Projects\unity\Moba\Server\apps\test\TestCpp.cpp:19  
当前时间戳1580557758
20200201 19:49:48 DEBUG F:\Projects\unity\Moba\Server\apps\test\TestCpp.cpp:19  
当前时间戳1580557788
20200201 23:33:08 DebugF:\Projects\unity\Moba\Server\apps\test\TestCpp.cpp:19  
当前时间戳 1580571188
20200201 23:33:08 DebugF:\Projects\unity\Moba\Server\apps\test\TestCpp.cpp:20  
今天零时时间戳 1580486400
20200201 23:33:08 DebugF:\Projects\unity\Moba\Server\apps\test\TestCpp.cpp:21  
时间字符串转时间戳: 1580486400
20200201 23:35:58 DebugF:\Projects\unity\Moba\Server\apps\test\TestCpp.cpp:19  
当前时间戳 1580571358
20200201 23:35:58 DebugF:\Projects\unity\Moba\Server\apps\test\TestCpp.cpp:20  
今天零时时间戳 1580486400
20200201 23:35:58 DebugF:\Projects\unity\Moba\Server\apps\test\TestCpp.cpp:21  
时间字符串转时间戳: 1580486400
20200201 23:35:58 DebugF:\Projects\unity\Moba\Server\apps\test\TestCpp.cpp:25  
2020-02-01 00:00:00
