20200202 09:40:54 DebugF:\Projects\unity\Moba\Server\netbus\Netbus.cpp:339  
Tcp 服务器已开机
20200202 09:40:54 DebugF:\Projects\unity\Moba\Server\netbus\Netbus.cpp:364  
WebSocket 服务器已开机
20200202 09:40:54 DebugF:\Projects\unity\Moba\Server\netbus\Netbus.cpp:369  
开始监听
20200202 09:46:12 DebugF:\Projects\unity\Moba\Server\netbus\Netbus.cpp:339  
Tcp 服务器已开机
20200202 09:46:12 DebugF:\Projects\unity\Moba\Server\netbus\Netbus.cpp:364  
WebSocket 服务器已开机
20200202 09:46:12 DebugF:\Projects\unity\Moba\Server\netbus\Netbus.cpp:369  
开始监听
20200202 09:47:15 DebugF:\Projects\unity\Moba\Server\netbus\Netbus.cpp:339  
Tcp 服务器已开机
20200202 09:47:15 DebugF:\Projects\unity\Moba\Server\netbus\Netbus.cpp:364  
WebSocket 服务器已开机
20200202 09:47:15 DebugF:\Projects\unity\Moba\Server\netbus\Netbus.cpp:369  
开始监听
20200202 09:50:58 DebugF:\Projects\unity\Moba\Server\netbus\Netbus.cpp:339  
Tcp 服务器已开机
20200202 09:50:59 DebugF:\Projects\unity\Moba\Server\netbus\Netbus.cpp:364  
WebSocket 服务器已开机
20200202 09:50:59 DebugF:\Projects\unity\Moba\Server\netbus\Netbus.cpp:369  
开始监听
20200202 09:51:43 DebugF:\Projects\unity\Moba\Server\netbus\Netbus.cpp:339  
Tcp 服务器已开机
20200202 09:51:44 DebugF:\Projects\unity\Moba\Server\netbus\Netbus.cpp:364  
WebSocket 服务器已开机
20200202 09:51:45 DebugF:\Projects\unity\Moba\Server\netbus\Netbus.cpp:369  
开始监听
20200202 09:59:17 DebugF:\Projects\unity\Moba\Server\netbus\Netbus.cpp:339  
Tcp 服务器已开机
20200202 09:59:17 DebugF:\Projects\unity\Moba\Server\netbus\Netbus.cpp:364  
WebSocket 服务器已开机
20200202 09:59:17 DebugF:\Projects\unity\Moba\Server\netbus\Netbus.cpp:369  
开始监听
20200202 10:00:34 DebugF:\Projects\unity\Moba\Server\netbus\Netbus.cpp:339  
Tcp 服务器已开机
20200202 10:00:34 DebugF:\Projects\unity\Moba\Server\netbus\Netbus.cpp:364  
WebSocket 服务器已开机
20200202 10:00:34 DebugF:\Projects\unity\Moba\Server\netbus\Netbus.cpp:369  
开始监听
20200202 10:02:00 DebugF:\Projects\unity\Moba\Server\netbus\Netbus.cpp:339  
Tcp 服务器已开机
20200202 10:02:00 DebugF:\Projects\unity\Moba\Server\netbus\Netbus.cpp:364  
WebSocket 服务器已开机
20200202 10:02:00 DebugF:\Projects\unity\Moba\Server\netbus\Netbus.cpp:369  
开始监听
20200202 10:04:31 DebugF:\Projects\unity\Moba\Server\netbus\Netbus.cpp:339  
Tcp 服务器已开机
20200202 10:04:31 DebugF:\Projects\unity\Moba\Server\netbus\Netbus.cpp:364  
WebSocket 服务器已开机
20200202 10:04:31 DebugF:\Projects\unity\Moba\Server\netbus\Netbus.cpp:369  
开始监听
20200202 10:04:56 DebugF:\Projects\unity\Moba\Server\netbus\Netbus.cpp:339  
Tcp 服务器已开机
20200202 10:04:56 DebugF:\Projects\unity\Moba\Server\netbus\Netbus.cpp:364  
WebSocket 服务器已开机
20200202 10:04:56 DebugF:\Projects\unity\Moba\Server\netbus\Netbus.cpp:369  
开始监听
20200202 10:10:10 DebugF:\Projects\unity\Moba\Server\netbus\Netbus.cpp:339  
Tcp 服务器已开机
20200202 10:10:10 DebugF:\Projects\unity\Moba\Server\netbus\Netbus.cpp:364  
WebSocket 服务器已开机
20200202 10:10:10 DebugF:\Projects\unity\Moba\Server\netbus\Netbus.cpp:369  
开始监听
20200202 10:10:58 WarningF:\Projects\unity\Moba\Server\apps\test\TestCpp.cpp:25  
test warning
20200202 10:10:58 ErrorF:\Projects\unity\Moba\Server\apps\test\TestCpp.cpp:26  
test error
20200202 10:10:58 DebugF:\Projects\unity\Moba\Server\netbus\Netbus.cpp:339  
Tcp 服务器已开机
20200202 10:10:58 DebugF:\Projects\unity\Moba\Server\netbus\Netbus.cpp:364  
WebSocket 服务器已开机
20200202 10:10:58 DebugF:\Projects\unity\Moba\Server\netbus\Netbus.cpp:369  
开始监听
20200202 10:12:07 WarningF:\Projects\unity\Moba\Server\apps\test\TestCpp.cpp:25  
test warning
20200202 10:12:07 ErrorF:\Projects\unity\Moba\Server\apps\test\TestCpp.cpp:26  
test error
20200202 10:12:07 DebugF:\Projects\unity\Moba\Server\netbus\Netbus.cpp:339  
Tcp 服务器已开机
20200202 10:12:07 DebugF:\Projects\unity\Moba\Server\netbus\Netbus.cpp:364  
WebSocket 服务器已开机
20200202 10:12:07 DebugF:\Projects\unity\Moba\Server\netbus\Netbus.cpp:369  
开始监听
20200202 10:14:56 WarningF:\Projects\unity\Moba\Server\apps\test\TestCpp.cpp:25  
test warning
20200202 10:14:56 ErrorF:\Projects\unity\Moba\Server\apps\test\TestCpp.cpp:26  
test error
20200202 10:14:56 DebugF:\Projects\unity\Moba\Server\netbus\Netbus.cpp:339  
Tcp 服务器已开机
20200202 10:14:56 DebugF:\Projects\unity\Moba\Server\netbus\Netbus.cpp:364  
WebSocket 服务器已开机
20200202 10:14:56 DebugF:\Projects\unity\Moba\Server\netbus\Netbus.cpp:369  
开始监听
20200202 10:15:30 WarningF:\Projects\unity\Moba\Server\apps\test\TestCpp.cpp:25  
test warning
20200202 10:15:30 ErrorF:\Projects\unity\Moba\Server\apps\test\TestCpp.cpp:26  
test error
20200202 10:15:31 DebugF:\Projects\unity\Moba\Server\netbus\Netbus.cpp:339  
Tcp 服务器已开机
20200202 10:15:31 DebugF:\Projects\unity\Moba\Server\netbus\Netbus.cpp:364  
WebSocket 服务器已开机
20200202 10:15:31 DebugF:\Projects\unity\Moba\Server\netbus\Netbus.cpp:369  
开始监听
20200202 10:16:05 WarningF:\Projects\unity\Moba\Server\apps\test\TestCpp.cpp:25  
test warning
20200202 10:16:05 ErrorF:\Projects\unity\Moba\Server\apps\test\TestCpp.cpp:26  
test error
20200202 10:16:05 DebugF:\Projects\unity\Moba\Server\netbus\Netbus.cpp:339  
Tcp 服务器已开机
20200202 10:16:05 DebugF:\Projects\unity\Moba\Server\netbus\Netbus.cpp:364  
WebSocket 服务器已开机
20200202 10:16:05 DebugF:\Projects\unity\Moba\Server\netbus\Netbus.cpp:369  
开始监听
20200202 10:16:46 WarningF:\Projects\unity\Moba\Server\apps\test\TestCpp.cpp:25  
test warning
20200202 10:16:46 ErrorF:\Projects\unity\Moba\Server\apps\test\TestCpp.cpp:26  
test error
20200202 10:16:46 DebugF:\Projects\unity\Moba\Server\netbus\Netbus.cpp:339  
Tcp 服务器已开机
20200202 10:16:46 DebugF:\Projects\unity\Moba\Server\netbus\Netbus.cpp:364  
WebSocket 服务器已开机
20200202 10:16:46 DebugF:\Projects\unity\Moba\Server\netbus\Netbus.cpp:369  
开始监听
20200202 11:54:55 DebugF:\Projects\unity\Moba\Server\netbus\Netbus.cpp:398  
Tcp 服务器已开机
20200202 11:54:55 DebugF:\Projects\unity\Moba\Server\netbus\Netbus.cpp:423  
WebSocket 服务器已开机
20200202 11:54:55 DebugF:\Projects\unity\Moba\Server\netbus\Netbus.cpp:445  
开始监听
20200202 11:58:21 DebugF:\Projects\unity\Moba\Server\netbus\Netbus.cpp:398  
Tcp 服务器已开机
20200202 11:58:21 DebugF:\Projects\unity\Moba\Server\netbus\Netbus.cpp:423  
WebSocket 服务器已开机
20200202 11:58:21 DebugF:\Projects\unity\Moba\Server\netbus\Netbus.cpp:445  
开始监听
20200202 11:58:40 DebugF:\Projects\unity\Moba\Server\netbus\Netbus.cpp:223  
ip: 127.0.0.1:0 nread = 5
20200202 12:01:22 DebugF:\Projects\unity\Moba\Server\netbus\Netbus.cpp:398  
Tcp 服务器已开机
20200202 12:01:22 DebugF:\Projects\unity\Moba\Server\netbus\Netbus.cpp:423  
WebSocket 服务器已开机
20200202 12:01:22 DebugF:\Projects\unity\Moba\Server\netbus\Netbus.cpp:445  
开始监听
20200202 12:01:49 DebugF:\Projects\unity\Moba\Server\netbus\Netbus.cpp:398  
Tcp 服务器已开机
20200202 12:01:49 DebugF:\Projects\unity\Moba\Server\netbus\Netbus.cpp:423  
WebSocket 服务器已开机
20200202 12:01:49 DebugF:\Projects\unity\Moba\Server\netbus\Netbus.cpp:445  
开始监听
20200202 12:03:21 DebugF:\Projects\unity\Moba\Server\netbus\Netbus.cpp:398  
Tcp 服务器已开机	6080
20200202 12:03:21 DebugF:\Projects\unity\Moba\Server\netbus\Netbus.cpp:423  
WebSocket 服务器已开机	8001
20200202 12:03:21 DebugF:\Projects\unity\Moba\Server\netbus\Netbus.cpp:441  
Udp 服务器已开机	8002
20200202 12:03:21 DebugF:\Projects\unity\Moba\Server\netbus\Netbus.cpp:446  
开始监听
