20200210 17:03:09 DebugF:\Projects\unity\Moba\Server\database\mysqlwarpper.cpp:40  
connect 加锁
20200210 17:03:09 DebugF:\Projects\unity\Moba\Server\netbus\Netbus.cpp:398  
Tcp 服务器已开机 6080
20200210 17:03:09 DebugF:\Projects\unity\Moba\Server\netbus\Netbus.cpp:423  
WebSocket 服务器已开机 8001
20200210 17:03:09 DebugF:\Projects\unity\Moba\Server\netbus\Netbus.cpp:441  
Udp 服务器已开机 8002
20200210 17:03:09 DebugF:\Projects\unity\Moba\Server\netbus\Netbus.cpp:446  
开始监听
20200210 17:03:10 DebugF:\Projects\unity\Moba\Server\database\mysqlwarpper.cpp:59  
connect 释放
20200210 17:03:10 DebugF:\Projects\unity\Moba\Server\apps\test\TestCpp.cpp:19  
Database error:	Can't connect to MySQL server on '127.0.0.1' (10061)
20200210 17:03:14 DebugF:\Projects\unity\Moba\Server\apps\test\TestCpp.cpp:35  
系统试图将驱动器合并到合并驱动器上的目录。
20200210 17:04:37 DebugF:\Projects\unity\Moba\Server\netbus\Netbus.cpp:398  
Tcp 服务器已开机 6080
20200210 17:04:37 DebugF:\Projects\unity\Moba\Server\database\mysqlwarpper.cpp:40  
connect 加锁
20200210 17:04:37 DebugF:\Projects\unity\Moba\Server\netbus\Netbus.cpp:423  
WebSocket 服务器已开机 8001
20200210 17:04:37 DebugF:\Projects\unity\Moba\Server\netbus\Netbus.cpp:441  
Udp 服务器已开机 8002
20200210 17:04:37 DebugF:\Projects\unity\Moba\Server\netbus\Netbus.cpp:446  
开始监听
20200210 17:04:37 DebugF:\Projects\unity\Moba\Server\apps\test\TestCpp.cpp:38  
redis connect success
20200210 17:04:38 DebugF:\Projects\unity\Moba\Server\database\mysqlwarpper.cpp:59  
connect 释放
20200210 17:04:38 DebugF:\Projects\unity\Moba\Server\apps\test\TestCpp.cpp:19  
Database error:	Can't connect to MySQL server on '127.0.0.1' (10061)
20200210 17:19:14 DebugF:\Projects\unity\Moba\Server\netbus\Netbus.cpp:398  
Tcp 服务器已开机 6080
20200210 17:19:14 DebugF:\Projects\unity\Moba\Server\netbus\Netbus.cpp:423  
WebSocket 服务器已开机 8001
20200210 17:19:14 DebugF:\Projects\unity\Moba\Server\netbus\Netbus.cpp:441  
Udp 服务器已开机 8002
20200210 17:19:14 DebugF:\Projects\unity\Moba\Server\netbus\Netbus.cpp:446  
开始监听
20200210 17:19:14 DebugF:\Projects\unity\Moba\Server\apps\test\TestCpp.cpp:38  
redis connect success
20200210 17:19:14 DebugF:\Projects\unity\Moba\Server\database\rediswarpper.cpp:83  
close 加锁
20200210 17:19:14 DebugF:\Projects\unity\Moba\Server\database\rediswarpper.cpp:86  
close 释放
20200210 17:19:15 DebugF:\Projects\unity\Moba\Server\apps\test\TestCpp.cpp:19  
Database error:	Can't connect to MySQL server on '127.0.0.1' (10061)
20200210 17:26:40 DebugF:\Projects\unity\Moba\Server\netbus\Netbus.cpp:398  
Tcp 服务器已开机 6080
20200210 17:26:40 DebugF:\Projects\unity\Moba\Server\netbus\Netbus.cpp:423  
WebSocket 服务器已开机 8001
20200210 17:26:40 DebugF:\Projects\unity\Moba\Server\netbus\Netbus.cpp:441  
Udp 服务器已开机 8002
20200210 17:26:40 DebugF:\Projects\unity\Moba\Server\netbus\Netbus.cpp:446  
开始监听
20200210 17:26:40 DebugF:\Projects\unity\Moba\Server\apps\test\TestCpp.cpp:52  
redis connect success
20200210 17:26:40 DebugF:\Projects\unity\Moba\Server\database\rediswarpper.cpp:108  
query 加锁
20200210 17:26:40 DebugF:\Projects\unity\Moba\Server\database\rediswarpper.cpp:115  
query 释放
20200210 17:26:40 DebugF:\Projects\unity\Moba\Server\apps\test\TestCpp.cpp:25  
RedisQuery: OK
20200210 17:26:41 DebugF:\Projects\unity\Moba\Server\apps\test\TestCpp.cpp:33  
Database error:	Can't connect to MySQL server on '127.0.0.1' (10061)
20200210 17:31:00 DebugF:\Projects\unity\Moba\Server\netbus\Netbus.cpp:398  
Tcp 服务器已开机 6080
20200210 17:31:00 DebugF:\Projects\unity\Moba\Server\netbus\Netbus.cpp:423  
WebSocket 服务器已开机 8001
20200210 17:31:00 DebugF:\Projects\unity\Moba\Server\netbus\Netbus.cpp:441  
Udp 服务器已开机 8002
20200210 17:31:00 DebugF:\Projects\unity\Moba\Server\netbus\Netbus.cpp:446  
开始监听
20200210 17:31:00 DebugF:\Projects\unity\Moba\Server\apps\test\TestCpp.cpp:50  
redis connect success
20200210 17:31:00 DebugF:\Projects\unity\Moba\Server\database\rediswarpper.cpp:108  
query 加锁
20200210 17:31:00 DebugF:\Projects\unity\Moba\Server\database\rediswarpper.cpp:115  
query 释放
20200210 17:31:00 DebugF:\Projects\unity\Moba\Server\apps\test\TestCpp.cpp:24  
RedisQuery: OK
20200210 17:31:01 DebugF:\Projects\unity\Moba\Server\apps\test\TestCpp.cpp:31  
Database error:	Can't connect to MySQL server on '127.0.0.1' (10061)
20200210 19:22:16 DebugF:\Projects\unity\Moba\Server\netbus\Netbus.cpp:398  
Tcp 服务器已开机 6080
20200210 19:22:16 DebugF:\Projects\unity\Moba\Server\netbus\Netbus.cpp:423  
WebSocket 服务器已开机 8001
20200210 19:22:16 DebugF:\Projects\unity\Moba\Server\netbus\Netbus.cpp:441  
Udp 服务器已开机 8002
20200210 19:22:16 DebugF:\Projects\unity\Moba\Server\netbus\Netbus.cpp:446  
开始监听
20200210 19:37:42 DebugF:\Projects\unity\Moba\Server\netbus\Netbus.cpp:398  
Tcp 服务器已开机 6080
20200210 19:37:42 DebugF:\Projects\unity\Moba\Server\netbus\Netbus.cpp:423  
WebSocket 服务器已开机 8001
20200210 19:37:42 DebugF:\Projects\unity\Moba\Server\netbus\Netbus.cpp:441  
Udp 服务器已开机 8002
20200210 19:37:42 DebugF:\Projects\unity\Moba\Server\lua_wrapper\lua_wrapper.cpp:9  
???
20200210 19:37:42 DebugF:\Projects\unity\Moba\Server\netbus\Netbus.cpp:446  
开始监听
20200210 19:47:52 DebugF:\Projects\unity\Moba\Server\netbus\Netbus.cpp:398  
Tcp 服务器已开机 6080
20200210 19:47:52 DebugF:\Projects\unity\Moba\Server\netbus\Netbus.cpp:423  
WebSocket 服务器已开机 8001
20200210 19:47:52 DebugF:\Projects\unity\Moba\Server\netbus\Netbus.cpp:441  
Udp 服务器已开机 8002
20200210 19:47:52 Debug./main.lua:1  
hello world
20200210 19:47:52 DebugF:\Projects\unity\Moba\Server\netbus\Netbus.cpp:446  
开始监听
20200210 19:55:23 DebugF:\Projects\unity\Moba\Server\netbus\Netbus.cpp:398  
Tcp 服务器已开机 6080
20200210 19:55:23 DebugF:\Projects\unity\Moba\Server\netbus\Netbus.cpp:423  
WebSocket 服务器已开机 8001
20200210 19:55:23 DebugF:\Projects\unity\Moba\Server\netbus\Netbus.cpp:441  
Udp 服务器已开机 8002
20200210 19:55:23 Errortrunk:0  
./main.lua:3: syntax error near <eof>
20200210 19:55:23 DebugF:\Projects\unity\Moba\Server\netbus\Netbus.cpp:446  
开始监听
20200210 19:57:36 DebugF:\Projects\unity\Moba\Server\netbus\Netbus.cpp:398  
Tcp 服务器已开机 6080
20200210 19:57:36 DebugF:\Projects\unity\Moba\Server\netbus\Netbus.cpp:423  
WebSocket 服务器已开机 8001
20200210 19:57:36 DebugF:\Projects\unity\Moba\Server\netbus\Netbus.cpp:441  
Udp 服务器已开机 8002
20200210 19:57:36 Debug./main.lua:1  
hello world
20200210 19:57:36 Warning./main.lua:2  
warning!!
20200210 19:57:36 DebugF:\Projects\unity\Moba\Server\netbus\Netbus.cpp:446  
开始监听
20200210 21:26:37 DebugF:\Projects\unity\Moba\Server\netbus\Netbus.cpp:398  
Tcp 服务器已开机 6080
20200210 21:26:37 DebugF:\Projects\unity\Moba\Server\netbus\Netbus.cpp:423  
WebSocket 服务器已开机 8001
20200210 21:26:37 DebugF:\Projects\unity\Moba\Server\netbus\Netbus.cpp:441  
Udp 服务器已开机 8002
20200210 21:26:37 Debug./main.lua:1  
hello world
20200210 21:26:37 DebugF:\Projects\unity\Moba\Server\netbus\Netbus.cpp:446  
开始监听
20200210 21:26:38 Debug./main.lua:4  
event call
20200210 21:30:33 DebugF:\Projects\unity\Moba\Server\netbus\Netbus.cpp:398  
Tcp 服务器已开机 6080
20200210 21:30:33 DebugF:\Projects\unity\Moba\Server\netbus\Netbus.cpp:423  
WebSocket 服务器已开机 8001
20200210 21:30:33 DebugF:\Projects\unity\Moba\Server\netbus\Netbus.cpp:441  
Udp 服务器已开机 8002
20200210 21:30:33 Debug./main.lua:1  
hello world
20200210 21:30:33 DebugF:\Projects\unity\Moba\Server\netbus\Netbus.cpp:446  
开始监听
20200210 21:30:33 Debug./main.lua:4  
event call
20200210 21:34:10 DebugF:\Projects\unity\Moba\Server\netbus\Netbus.cpp:398  
Tcp 服务器已开机 6080
20200210 21:34:10 DebugF:\Projects\unity\Moba\Server\netbus\Netbus.cpp:423  
WebSocket 服务器已开机 8001
20200210 21:34:10 DebugF:\Projects\unity\Moba\Server\netbus\Netbus.cpp:441  
Udp 服务器已开机 8002
20200210 21:34:10 Debug./main.lua:1  
hello world
20200210 21:34:10 DebugF:\Projects\unity\Moba\Server\netbus\Netbus.cpp:446  
开始监听
20200210 21:34:10 DebugF:\Projects\unity\Moba\Server\database\mysqlwarpper.cpp:68  
Mysql 数据库链接成功
20200210 21:34:10 Debug./main.lua:4  
event call
