20200216 11:30:36 Debug../../apps/lua_test/scripts/auth_server/auth_server_main.lua:31  
Auth server [tcp] listen at: 	8000
20200216 11:30:36 Debug../../apps/lua_test/scripts/auth_server/auth_server_main.lua:37  
register Auth Service:[1] service success
20200216 11:32:24 Debug../../apps/lua_test/scripts/auth_server/auth_server_main.lua:31  
Auth server [tcp] listen at: 	8000
20200216 11:32:24 Debug../../apps/lua_test/scripts/auth_server/auth_server_main.lua:37  
register Auth Service:[1] service success
20200216 11:32:24 DebugF:\Projects\unity\Moba\Server\database\mysqlwarpper.cpp:85  
Mysql 数据库链接成功
20200216 11:32:24 Debug../../apps/lua_test/scripts/datebase/mysql_auth_center.lua:18  
connect to auth_center_db success
20200216 20:33:20 Debug../../apps/lua_test/scripts/auth_server/auth_server_main.lua:31  
Auth server [tcp] listen at: 	8000
20200216 20:33:20 Debug../../apps/lua_test/scripts/auth_server/auth_server_main.lua:37  
register Auth Service:[1] service success
20200216 20:33:20 Debug../../apps/lua_test/scripts/datebase/mysql_auth_center.lua:18  
connect to auth_center_db success
20200216 20:33:20 DebugF:\Projects\unity\Moba\Server\netbus\Netbus.cpp:171  
new client comming:	127.0.0.1:59325
20200216 20:36:07 DebugF:\Projects\unity\Moba\Server\netbus\protocol\CmdPackageProtocol.cpp:52  
加载.proto: ChatProtocol.proto
20200216 20:36:07 DebugF:\Projects\unity\Moba\Server\netbus\protocol\CmdPackageProtocol.cpp:52  
加载.proto: chatroom.proto
20200216 20:36:07 DebugF:\Projects\unity\Moba\Server\netbus\protocol\CmdPackageProtocol.cpp:52  
加载.proto: Login.proto
20200216 20:36:07 DebugF:\Projects\unity\Moba\Server\netbus\protocol\CmdPackageProtocol.cpp:52  
加载.proto: LoginProtocol.proto
20200216 20:36:07 DebugF:\Projects\unity\Moba\Server\netbus\protocol\CmdPackageProtocol.cpp:52  
加载.proto: ServiceProtocol.proto
20200216 20:36:07 Debug../../apps/lua_test/scripts/auth_server/auth_server_main.lua:31  
Auth server [tcp] listen at: 	8000
20200216 20:36:07 Debug../../apps/lua_test/scripts/auth_server/auth_server_main.lua:37  
register Auth Service:[1] service success
20200216 20:36:07 Debug../../apps/lua_test/scripts/datebase/mysql_auth_center.lua:18  
connect to auth_center_db success
20200216 20:39:37 DebugF:\Projects\unity\Moba\Server\netbus\protocol\CmdPackageProtocol.cpp:52  
加载.proto: ChatProtocol.proto
20200216 20:39:37 DebugF:\Projects\unity\Moba\Server\netbus\protocol\CmdPackageProtocol.cpp:52  
加载.proto: LoginProtocol.proto
20200216 20:39:37 DebugF:\Projects\unity\Moba\Server\netbus\protocol\CmdPackageProtocol.cpp:52  
加载.proto: ServiceProtocol.proto
20200216 20:39:37 Debug../../apps/lua_test/scripts/auth_server/auth_server_main.lua:31  
Auth server [tcp] listen at: 	8000
20200216 20:39:37 Debug../../apps/lua_test/scripts/auth_server/auth_server_main.lua:37  
register Auth Service:[1] service success
20200216 20:39:37 Debug../../apps/lua_test/scripts/datebase/mysql_auth_center.lua:18  
connect to auth_center_db success
20200216 20:40:16 DebugF:\Projects\unity\Moba\Server\netbus\Netbus.cpp:171  
new client comming:	127.0.0.1:59412
20200216 20:40:39 DebugF:\Projects\unity\Moba\Server\netbus\session\TcpSession.cpp:47  
用户断开链接
20200216 20:42:19 DebugF:\Projects\unity\Moba\Server\netbus\protocol\CmdPackageProtocol.cpp:52  
加载.proto: ChatProtocol.proto
20200216 20:42:19 DebugF:\Projects\unity\Moba\Server\netbus\protocol\CmdPackageProtocol.cpp:52  
加载.proto: LoginProtocol.proto
20200216 20:42:19 DebugF:\Projects\unity\Moba\Server\netbus\protocol\CmdPackageProtocol.cpp:52  
加载.proto: ServiceProtocol.proto
20200216 20:42:19 Debug../../apps/lua_test/scripts/auth_server/auth_server_main.lua:31  
Auth server [tcp] listen at: 	8000
20200216 20:42:19 Debug../../apps/lua_test/scripts/auth_server/auth_server_main.lua:37  
register Auth Service:[1] service success
20200216 20:42:19 Debug../../apps/lua_test/scripts/datebase/mysql_auth_center.lua:18  
connect to auth_center_db success
20200216 20:42:19 DebugF:\Projects\unity\Moba\Server\netbus\Netbus.cpp:171  
new client comming:	127.0.0.1:59453
20200216 20:43:20 DebugF:\Projects\unity\Moba\Server\netbus\Netbus.cpp:240  
client command!!
20200216 20:43:20 DebugF:\Projects\unity\Moba\Server\netbus\protocol\CmdPackageProtocol.cpp:152  
获取Message类型为空：GuestLoginReq
20200216 20:43:20 DebugF:\Projects\unity\Moba\Server\netbus\session\TcpSession.cpp:47  
用户断开链接
20200216 20:52:52 DebugF:\Projects\unity\Moba\Server\netbus\protocol\CmdPackageProtocol.cpp:52  
加载.proto: ChatProtocol.proto
20200216 20:52:52 DebugF:\Projects\unity\Moba\Server\netbus\protocol\CmdPackageProtocol.cpp:52  
加载.proto: LoginProtocol.proto
20200216 20:52:52 DebugF:\Projects\unity\Moba\Server\netbus\protocol\CmdPackageProtocol.cpp:52  
加载.proto: ServiceProtocol.proto
20200216 20:52:52 Debug../../apps/lua_test/scripts/auth_server/auth_server_main.lua:31  
Auth server [tcp] listen at: 	8000
20200216 20:52:52 Debug../../apps/lua_test/scripts/auth_server/auth_server_main.lua:37  
register Auth Service:[1] service success
20200216 20:52:52 DebugF:\Projects\unity\Moba\Server\apps\lua_test\TestLua.cpp:61  
获取：GuestLoginReq
20200216 20:52:52 Debug../../apps/lua_test/scripts/datebase/mysql_auth_center.lua:18  
connect to auth_center_db success
20200216 20:55:19 DebugF:\Projects\unity\Moba\Server\netbus\protocol\CmdPackageProtocol.cpp:52  
加载.proto: ChatProtocol.proto
20200216 20:55:19 DebugF:\Projects\unity\Moba\Server\netbus\protocol\CmdPackageProtocol.cpp:52  
加载.proto: LoginProtocol.proto
20200216 20:55:19 DebugF:\Projects\unity\Moba\Server\netbus\protocol\CmdPackageProtocol.cpp:52  
加载.proto: ServiceProtocol.proto
20200216 20:55:19 Debug../../apps/lua_test/scripts/auth_server/auth_server_main.lua:31  
Auth server [tcp] listen at: 	8000
20200216 20:55:19 Debug../../apps/lua_test/scripts/auth_server/auth_server_main.lua:37  
register Auth Service:[1] service success
20200216 20:55:19 DebugF:\Projects\unity\Moba\Server\apps\lua_test\TestLua.cpp:69  
获取：LoginRes
20200216 20:55:19 Debug../../apps/lua_test/scripts/datebase/mysql_auth_center.lua:18  
connect to auth_center_db success
20200216 20:57:55 DebugF:\Projects\unity\Moba\Server\netbus\protocol\CmdPackageProtocol.cpp:52  
加载.proto: ChatProtocol.proto
20200216 20:57:55 DebugF:\Projects\unity\Moba\Server\netbus\protocol\CmdPackageProtocol.cpp:52  
加载.proto: LoginProtocol.proto
20200216 20:57:55 DebugF:\Projects\unity\Moba\Server\netbus\protocol\CmdPackageProtocol.cpp:52  
加载.proto: ServiceProtocol.proto
20200216 20:57:56 Debug../../apps/lua_test/scripts/auth_server/auth_server_main.lua:31  
Auth server [tcp] listen at: 	8000
20200216 20:57:56 Debug../../apps/lua_test/scripts/auth_server/auth_server_main.lua:37  
register Auth Service:[1] service success
20200216 20:57:56 DebugF:\Projects\unity\Moba\Server\apps\lua_test\TestLua.cpp:69  
获取：LoginRes
20200216 20:57:56 Debug../../apps/lua_test/scripts/datebase/mysql_auth_center.lua:18  
connect to auth_center_db success
20200216 21:00:19 DebugF:\Projects\unity\Moba\Server\netbus\protocol\CmdPackageProtocol.cpp:52  
加载.proto: ChatProtocol.proto
20200216 21:00:19 DebugF:\Projects\unity\Moba\Server\netbus\protocol\CmdPackageProtocol.cpp:52  
加载.proto: LoginProtocol.proto
20200216 21:00:19 DebugF:\Projects\unity\Moba\Server\netbus\protocol\CmdPackageProtocol.cpp:52  
加载.proto: ServiceProtocol.proto
20200216 21:00:19 Debug../../apps/lua_test/scripts/auth_server/auth_server_main.lua:31  
Auth server [tcp] listen at: 	8000
20200216 21:00:19 Debug../../apps/lua_test/scripts/auth_server/auth_server_main.lua:37  
register Auth Service:[1] service success
20200216 21:00:19 DebugF:\Projects\unity\Moba\Server\apps\lua_test\TestLua.cpp:69  
获取：LoginRes
20200216 21:00:19 Debug../../apps/lua_test/scripts/datebase/mysql_auth_center.lua:18  
connect to auth_center_db success
20200216 21:00:59 DebugF:\Projects\unity\Moba\Server\netbus\protocol\CmdPackageProtocol.cpp:52  
加载.proto: ChatProtocol.proto
20200216 21:00:59 DebugF:\Projects\unity\Moba\Server\netbus\protocol\CmdPackageProtocol.cpp:52  
加载.proto: LoginProtocol.proto
20200216 21:00:59 DebugF:\Projects\unity\Moba\Server\netbus\protocol\CmdPackageProtocol.cpp:52  
加载.proto: ServiceProtocol.proto
20200216 21:00:59 Debug../../apps/lua_test/scripts/auth_server/auth_server_main.lua:31  
Auth server [tcp] listen at: 	8000
20200216 21:00:59 Debug../../apps/lua_test/scripts/auth_server/auth_server_main.lua:37  
register Auth Service:[1] service success
20200216 21:00:59 DebugF:\Projects\unity\Moba\Server\apps\lua_test\TestLua.cpp:69  
获取：LoginRes
20200216 21:00:59 Debug../../apps/lua_test/scripts/datebase/mysql_auth_center.lua:18  
connect to auth_center_db success
20200216 21:01:44 DebugF:\Projects\unity\Moba\Server\netbus\protocol\CmdPackageProtocol.cpp:52  
加载.proto: ChatProtocol.proto
20200216 21:01:44 DebugF:\Projects\unity\Moba\Server\netbus\protocol\CmdPackageProtocol.cpp:52  
加载.proto: LoginProtocol.proto
20200216 21:01:44 DebugF:\Projects\unity\Moba\Server\netbus\protocol\CmdPackageProtocol.cpp:52  
加载.proto: ServiceProtocol.proto
20200216 21:01:44 Debug../../apps/lua_test/scripts/auth_server/auth_server_main.lua:31  
Auth server [tcp] listen at: 	8000
20200216 21:01:44 Debug../../apps/lua_test/scripts/auth_server/auth_server_main.lua:37  
register Auth Service:[1] service success
20200216 21:01:44 DebugF:\Projects\unity\Moba\Server\apps\lua_test\TestLua.cpp:62  
获取：LoginRes
20200216 21:01:44 Debug../../apps/lua_test/scripts/datebase/mysql_auth_center.lua:18  
connect to auth_center_db success
20200216 21:02:28 DebugF:\Projects\unity\Moba\Server\netbus\protocol\CmdPackageProtocol.cpp:52  
加载.proto: ChatProtocol.proto
20200216 21:02:28 DebugF:\Projects\unity\Moba\Server\netbus\protocol\CmdPackageProtocol.cpp:52  
加载.proto: LoginProtocol.proto
20200216 21:02:28 DebugF:\Projects\unity\Moba\Server\netbus\protocol\CmdPackageProtocol.cpp:52  
加载.proto: ServiceProtocol.proto
20200216 21:02:28 Debug../../apps/lua_test/scripts/auth_server/auth_server_main.lua:31  
Auth server [tcp] listen at: 	8000
20200216 21:02:28 Debug../../apps/lua_test/scripts/auth_server/auth_server_main.lua:37  
register Auth Service:[1] service success
20200216 21:02:28 DebugF:\Projects\unity\Moba\Server\apps\lua_test\TestLua.cpp:62  
获取：LoginRes
20200216 21:02:28 DebugF:\Projects\unity\Moba\Server\apps\lua_test\TestLua.cpp:69  
获取：GuestLoginReq
20200216 21:02:28 Debug../../apps/lua_test/scripts/datebase/mysql_auth_center.lua:18  
connect to auth_center_db success
20200216 21:06:22 DebugF:\Projects\unity\Moba\Server\netbus\protocol\CmdPackageProtocol.cpp:54  
加载: ChatProtocol.proto success
20200216 21:06:22 DebugF:\Projects\unity\Moba\Server\netbus\protocol\CmdPackageProtocol.cpp:58  
加载: LoginProtocol.proto failed
20200216 21:06:22 Debug../../apps/lua_test/scripts/auth_server/auth_server_main.lua:31  
Auth server [tcp] listen at: 	8000
20200216 21:06:22 Debug../../apps/lua_test/scripts/auth_server/auth_server_main.lua:37  
register Auth Service:[1] service success
20200216 21:06:22 DebugF:\Projects\unity\Moba\Server\apps\lua_test\TestLua.cpp:62  
获取：LoginRes
20200216 21:06:22 DebugF:\Projects\unity\Moba\Server\apps\lua_test\TestLua.cpp:69  
获取：GuestLoginReq
20200216 21:06:22 Debug../../apps/lua_test/scripts/datebase/mysql_auth_center.lua:18  
connect to auth_center_db success
20200216 21:07:20 DebugF:\Projects\unity\Moba\Server\netbus\protocol\CmdPackageProtocol.cpp:54  
加载: ChatProtocol.proto success
20200216 21:07:20 ErrorF:\Projects\unity\Moba\Server\netbus\protocol\CmdPackageProtocol.cpp:58  
加载: LoginProtocol.proto failed
20200216 21:07:21 Debug../../apps/lua_test/scripts/auth_server/auth_server_main.lua:31  
Auth server [tcp] listen at: 	8000
20200216 21:07:21 Debug../../apps/lua_test/scripts/auth_server/auth_server_main.lua:37  
register Auth Service:[1] service success
20200216 21:07:21 DebugF:\Projects\unity\Moba\Server\apps\lua_test\TestLua.cpp:62  
获取：LoginRes
20200216 21:07:21 Debug../../apps/lua_test/scripts/datebase/mysql_auth_center.lua:18  
connect to auth_center_db success
20200216 21:09:16 ErrorF:\Projects\unity\Moba\Server\netbus\protocol\CmdPackageProtocol.cpp:54  
加载: LoginProtocol.proto failed
20200216 21:09:16 Debug../../apps/lua_test/scripts/auth_server/auth_server_main.lua:31  
Auth server [tcp] listen at: 	8000
20200216 21:09:16 Debug../../apps/lua_test/scripts/auth_server/auth_server_main.lua:37  
register Auth Service:[1] service success
20200216 21:09:16 DebugF:\Projects\unity\Moba\Server\apps\lua_test\TestLua.cpp:62  
获取：LoginRes
20200216 21:09:16 Debug../../apps/lua_test/scripts/datebase/mysql_auth_center.lua:18  
connect to auth_center_db success
20200216 21:44:02 ErrorF:\Projects\unity\Moba\Server\apps\lua_test\scripts\protos\LoginProtocol.proto:3  
"INVALID_CMD" is already defined in file "ChatProtocol.proto".
20200216 21:44:02 ErrorF:\Projects\unity\Moba\Server\apps\lua_test\scripts\protos\LoginProtocol.proto:3  
Note that enum values use C++ scoping rules, meaning that enum values are siblings of their type, not children of it.  Therefore, "INVALID_CMD" must be unique within the global scope, not just within "LoginCmd".
20200216 21:44:02 ErrorF:\Projects\unity\Moba\Server\netbus\protocol\CmdPackageProtocol.cpp:73  
加载: LoginProtocol.proto failed
20200216 21:44:02 Debug../../apps/lua_test/scripts/auth_server/auth_server_main.lua:31  
Auth server [tcp] listen at: 	8000
20200216 21:44:02 Debug../../apps/lua_test/scripts/auth_server/auth_server_main.lua:37  
register Auth Service:[1] service success
20200216 21:44:02 DebugF:\Projects\unity\Moba\Server\apps\lua_test\TestLua.cpp:62  
获取：LoginRes
20200216 21:44:02 Debug../../apps/lua_test/scripts/datebase/mysql_auth_center.lua:18  
connect to auth_center_db success
20200216 21:46:05 Debug../../apps/lua_test/scripts/auth_server/auth_server_main.lua:31  
Auth server [tcp] listen at: 	8000
20200216 21:46:05 Debug../../apps/lua_test/scripts/auth_server/auth_server_main.lua:37  
register Auth Service:[1] service success
20200216 21:46:05 DebugF:\Projects\unity\Moba\Server\apps\lua_test\TestLua.cpp:62  
获取：LoginRes
20200216 21:46:05 DebugF:\Projects\unity\Moba\Server\apps\lua_test\TestLua.cpp:69  
获取：GuestLoginReq
20200216 21:46:05 Debug../../apps/lua_test/scripts/datebase/mysql_auth_center.lua:18  
connect to auth_center_db success
