  base64_decoder.c
  base64_encoder.c
  md5.c
  sha1.c
F:\Projects\unity\Moba\Server\3rd\crypto\base64_decoder.c(28,1): warning C4267: “初始化”: 从“size_t”转换到“int”，可能丢失数据
F:\Projects\unity\Moba\Server\3rd\crypto\sha1.c(199,36): warning C4267: “+=”: 从“size_t”转换到“uint32_t”，可能丢失数据
  http_parser.c
F:\Projects\unity\Moba\Server\3rd\crypto\sha1.c(200,34): warning C4267: “+=”: 从“size_t”转换到“uint32_t”，可能丢失数据
F:\Projects\unity\Moba\Server\3rd\http_parser\http_parser.c(1410,9): warning C4244: “+=”: 从“__int64”转换到“uint32_t”，可能丢失数据
F:\Projects\unity\Moba\Server\3rd\http_parser\http_parser.c(1521,13): warning C4244: “+=”: 从“__int64”转换到“uint32_t”，可能丢失数据
F:\Projects\unity\Moba\Server\3rd\http_parser\http_parser.c(1690,9): warning C4244: “+=”: 从“__int64”转换到“uint32_t”，可能丢失数据
F:\Projects\unity\Moba\Server\3rd\http_parser\http_parser.c(2278,47): warning C4244: “=”: 从“__int64”转换到“uint16_t”，可能丢失数据
F:\Projects\unity\Moba\Server\3rd\http_parser\http_parser.c(2285,47): warning C4244: “=”: 从“__int64”转换到“uint16_t”，可能丢失数据
F:\Projects\unity\Moba\Server\3rd\http_parser\http_parser.c(2297,47): warning C4244: “=”: 从“__int64”转换到“uint16_t”，可能丢失数据
F:\Projects\unity\Moba\Server\3rd\http_parser\http_parser.c(2306,52): warning C4244: “=”: 从“__int64”转换到“uint16_t”，可能丢失数据
  fs-poll.c
F:\Projects\unity\Moba\Server\3rd\http_parser\http_parser.c(2406,36): warning C4244: “=”: 从“__int64”转换到“uint16_t”，可能丢失数据
  inet.c
F:\Projects\unity\Moba\Server\3rd\libuv\src\fs-poll.c(22,10): fatal error C1083: 无法打开包括文件: “uv.h”: No such file or directory
  threadpool.c
F:\Projects\unity\Moba\Server\3rd\libuv\src\inet.c(27,10): fatal error C1083: 无法打开包括文件: “uv.h”: No such file or directory
  uv-common.c
F:\Projects\unity\Moba\Server\3rd\libuv\src\uv-common.h(40,10): fatal error C1083: 无法打开包括文件: “uv.h”: No such file or directory
  version.c
F:\Projects\unity\Moba\Server\3rd\libuv\src\uv-common.c(22,10): fatal error C1083: 无法打开包括文件: “uv.h”: No such file or directory
  async.c
F:\Projects\unity\Moba\Server\3rd\libuv\src\version.c(22,10): fatal error C1083: 无法打开包括文件: “uv.h”: No such file or directory
  core.c
F:\Projects\unity\Moba\Server\3rd\libuv\src\win\async.c(24,10): fatal error C1083: 无法打开包括文件: “uv.h”: No such file or directory
  dl.c
F:\Projects\unity\Moba\Server\3rd\libuv\src\win\core.c(32,10): fatal error C1083: 无法打开包括文件: “uv.h”: No such file or directory
  error.c
F:\Projects\unity\Moba\Server\3rd\libuv\src\win\dl.c(22,10): fatal error C1083: 无法打开包括文件: “uv.h”: No such file or directory
  fs-event.c
F:\Projects\unity\Moba\Server\3rd\libuv\src\win\error.c(28,10): fatal error C1083: 无法打开包括文件: “uv.h”: No such file or directory
  fs.c
F:\Projects\unity\Moba\Server\3rd\libuv\src\win\fs-event.c(27,10): fatal error C1083: 无法打开包括文件: “uv.h”: No such file or directory
  getaddrinfo.c
F:\Projects\unity\Moba\Server\3rd\libuv\src\win\fs.c(33,10): fatal error C1083: 无法打开包括文件: “uv.h”: No such file or directory
  getnameinfo.c
F:\Projects\unity\Moba\Server\3rd\libuv\src\win\getaddrinfo.c(24,10): fatal error C1083: 无法打开包括文件: “uv.h”: No such file or directory
  handle.c
F:\Projects\unity\Moba\Server\3rd\libuv\src\win\getnameinfo.c(25,10): fatal error C1083: 无法打开包括文件: “uv.h”: No such file or directory
  loop-watcher.c
F:\Projects\unity\Moba\Server\3rd\libuv\src\win\handle.c(26,10): fatal error C1083: 无法打开包括文件: “uv.h”: No such file or directory
  正在编译...
  pipe.c
F:\Projects\unity\Moba\Server\3rd\libuv\src\win\loop-watcher.c(24,10): fatal error C1083: 无法打开包括文件: “uv.h”: No such file or directory
  poll.c
F:\Projects\unity\Moba\Server\3rd\libuv\src\win\pipe.c(28,10): fatal error C1083: 无法打开包括文件: “uv.h”: No such file or directory
  process-stdio.c
F:\Projects\unity\Moba\Server\3rd\libuv\src\win\poll.c(25,10): fatal error C1083: 无法打开包括文件: “uv.h”: No such file or directory
  process.c
F:\Projects\unity\Moba\Server\3rd\libuv\src\win\process-stdio.c(27,10): fatal error C1083: 无法打开包括文件: “uv.h”: No such file or directory
  req.c
F:\Projects\unity\Moba\Server\3rd\libuv\src\win\process.c(31,10): fatal error C1083: 无法打开包括文件: “uv.h”: No such file or directory
  signal.c
F:\Projects\unity\Moba\Server\3rd\libuv\src\win\req.c(24,10): fatal error C1083: 无法打开包括文件: “uv.h”: No such file or directory
  snprintf.c
  stream.c
F:\Projects\unity\Moba\Server\3rd\libuv\src\win\signal.c(24,10): fatal error C1083: 无法打开包括文件: “uv.h”: No such file or directory
  tcp.c
F:\Projects\unity\Moba\Server\3rd\libuv\src\win\stream.c(24,10): fatal error C1083: 无法打开包括文件: “uv.h”: No such file or directory
  thread.c
F:\Projects\unity\Moba\Server\3rd\libuv\src\win\tcp.c(25,10): fatal error C1083: 无法打开包括文件: “uv.h”: No such file or directory
  timer.c
F:\Projects\unity\Moba\Server\3rd\libuv\src\win\thread.c(26,10): fatal error C1083: 无法打开包括文件: “uv.h”: No such file or directory
  tty.c
F:\Projects\unity\Moba\Server\3rd\libuv\src\win\timer.c(25,10): fatal error C1083: 无法打开包括文件: “uv.h”: No such file or directory
  udp.c
F:\Projects\unity\Moba\Server\3rd\libuv\src\win\tty.c(37,10): fatal error C1083: 无法打开包括文件: “uv.h”: No such file or directory
  util.c
F:\Projects\unity\Moba\Server\3rd\libuv\src\win\udp.c(25,10): fatal error C1083: 无法打开包括文件: “uv.h”: No such file or directory
  winapi.c
F:\Projects\unity\Moba\Server\3rd\libuv\src\win\util.c(30,10): fatal error C1083: 无法打开包括文件: “uv.h”: No such file or directory
  winsock.c
F:\Projects\unity\Moba\Server\3rd\libuv\src\win\winapi.c(24,10): fatal error C1083: 无法打开包括文件: “uv.h”: No such file or directory
  lapi.c
  lauxlib.c
  lbaselib.c
  lbitlib.c
  正在编译...
  lcode.c
  lcorolib.c
  lctype.c
  ldblib.c
  ldebug.c
  ldo.c
  ldump.c
  lfunc.c
  lgc.c
  linit.c
  liolib.c
  llex.c
  lmathlib.c
  lmem.c
  loadlib.c
  lobject.c
  lopcodes.c
  loslib.c
  lparser.c
  lstate.c
  正在编译...
  lstring.c
  lstrlib.c
  ltable.c
  ltablib.c
  ltm.c
  lundump.c
  lutf8lib.c
  lvm.c
  lzio.c
  json.c
F:\Projects\unity\Moba\Server\3rd\libuv\src\win\winsock.c(25,10): fatal error C1083: 无法打开包括文件: “uv.h”: No such file or directory
F:\Projects\unity\Moba\Server\3rd\mjson\json.c(132,1): error C4996: 'strncpy': This function or variable may be unsafe. Consider using strncpy_s instead. To disable deprecation, use _CRT_SECURE_NO_WARNINGS. See online help for details.
F:\Windows Kits\10\Include\10.0.18362.0\ucrt\string.h(338): message : 参见“strncpy”的声明
F:\Projects\unity\Moba\Server\3rd\mjson\json.c(281,1): error C4996: 'strncpy': This function or variable may be unsafe. Consider using strncpy_s instead. To disable deprecation, use _CRT_SECURE_NO_WARNINGS. See online help for details.
F:\Windows Kits\10\Include\10.0.18362.0\ucrt\string.h(338): message : 参见“strncpy”的声明
F:\Projects\unity\Moba\Server\3rd\mjson\json.c(313,1): error C4996: 'strncpy': This function or variable may be unsafe. Consider using strncpy_s instead. To disable deprecation, use _CRT_SECURE_NO_WARNINGS. See online help for details.
F:\Windows Kits\10\Include\10.0.18362.0\ucrt\string.h(338): message : 参见“strncpy”的声明
F:\Projects\unity\Moba\Server\3rd\mjson\json.c(1190,1): error C4996: 'sprintf': This function or variable may be unsafe. Consider using sprintf_s instead. To disable deprecation, use _CRT_SECURE_NO_WARNINGS. See online help for details.
F:\Windows Kits\10\Include\10.0.18362.0\ucrt\stdio.h(1774): message : 参见“sprintf”的声明
F:\Projects\unity\Moba\Server\3rd\mjson\json.c(1338,24): warning C4477: “fprintf”: 格式字符串“%lX”需要类型“unsigned long”的参数，但可变参数 1 拥有了类型“int64_t”
F:\Projects\unity\Moba\Server\3rd\mjson\json.c(1338,24): message : 请考虑在格式字符串中使用“%llX”
F:\Projects\unity\Moba\Server\3rd\mjson\json.c(1338,24): message : 请考虑在格式字符串中使用“%IX”
  tolua_event.c
F:\Projects\unity\Moba\Server\3rd\mjson\json.c(1338,24): message : 请考虑在格式字符串中使用“%I64X”
  tolua_is.c
F:\Projects\unity\Moba\Server\3rd\tolua\tolua++.h(46,10): fatal error C1083: 无法打开包括文件: “lua.h”: No such file or directory
  tolua_map.c
F:\Projects\unity\Moba\Server\3rd\tolua\tolua++.h(46,10): fatal error C1083: 无法打开包括文件: “lua.h”: No such file or directory
  tolua_push.c
F:\Projects\unity\Moba\Server\3rd\tolua\tolua++.h(46,10): fatal error C1083: 无法打开包括文件: “lua.h”: No such file or directory
  tolua_to.c
F:\Projects\unity\Moba\Server\3rd\tolua\tolua++.h(46,10): fatal error C1083: 无法打开包括文件: “lua.h”: No such file or directory
  cache_alloc.c
  time_list.c
F:\Projects\unity\Moba\Server\3rd\tolua\tolua++.h(46,10): fatal error C1083: 无法打开包括文件: “lua.h”: No such file or directory
  timestamp.c
F:\Projects\unity\Moba\Server\utils\timer\time_list.c(5,10): fatal error C1083: 无法打开包括文件: “uv.h”: No such file or directory
F:\Projects\unity\Moba\Server\utils\timestamp\timestamp.c(428,1): error C4996: 'localtime': This function or variable may be unsafe. Consider using localtime_s instead. To disable deprecation, use _CRT_SECURE_NO_WARNINGS. See online help for details.
F:\Windows Kits\10\Include\10.0.18362.0\ucrt\time.h(506): message : 参见“localtime”的声明
F:\Projects\unity\Moba\Server\utils\timestamp\timestamp.c(437,1): error C4996: 'localtime': This function or variable may be unsafe. Consider using localtime_s instead. To disable deprecation, use _CRT_SECURE_NO_WARNINGS. See online help for details.
F:\Windows Kits\10\Include\10.0.18362.0\ucrt\time.h(506): message : 参见“localtime”的声明
