
=== Thu Mar 18 21:22:45 2021

Packages were changed.
Update Mode: updateDependencies

The following packages were updated:
  com.unity.ext.nunit from version 1.0.0 to 1.0.6
  com.unity.ide.visualstudio from version 2.0.5 to 2.0.7
  com.unity.postprocessing from version 2.2.2 to 2.3.0
  com.unity.recorder from version 2.0.3-preview.1 to 2.5.4
  com.unity.render-pipelines.universal from version 10.2.2 to 10.3.2
  com.unity.test-framework from version 1.1.20 to 1.1.22
  com.unity.timeline from version 1.4.5 to 1.4.6

=== Fri Apr  2 16:52:23 2021

Packages were changed.
Update Mode: updateDependencies

The following packages were updated:
  com.unity.render-pipelines.universal from version 10.3.2 to 10.4.0
  com.unity.test-framework from version 1.1.22 to 1.1.24

=== Tue Apr 13 22:43:01 2021

Packages were changed.
Update Mode: updateDependencies

The following packages were updated:
  com.unity.recorder from version 2.5.4 to 2.5.5
