20200215 10:27:41 DebugF:\Projects\unity\Moba\Server\apps\lua_test\TestLua.cpp:16  
F:\Projects\unity\Moba\Server\build\proj_win32\x64\Debug\MobaServer.exe
20200215 10:27:41 DebugF:\Projects\unity\Moba\Server\apps\lua_test\TestLua.cpp:21  
F:\Projects\unity\Moba\Server\build\proj_win32\x64\Debug\MobaServer.exe
20200215 10:27:41 DebugF:\Projects\unity\Moba\Server\apps\lua_test\TestLua.cpp:23  
F:\Projects\unity\Moba\Server\build\proj_win32\x64\Debug\MobaServer.exe
20200215 10:27:41 DebugF:\Projects\unity\Moba\Server\apps\lua_test\TestLua.cpp:52  
·þÎñÆ÷ÍË³ö
20200215 10:33:09 DebugF:\Projects\unity\Moba\Server\apps\lua_test\TestLua.cpp:16  
F:\Projects\unity\Moba\Server\build\proj_win32\x64\Debug\MobaServer.exe
20200215 10:33:09 DebugF:\Projects\unity\Moba\Server\apps\lua_test\TestLua.cpp:22  
`0ód¤
20200215 10:33:09 DebugF:\Projects\unity\Moba\Server\apps\lua_test\TestLua.cpp:54  
·þÎñÆ÷ÍË³ö
20200215 10:33:55 DebugF:\Projects\unity\Moba\Server\apps\lua_test\TestLua.cpp:16  
F:\Projects\unity\Moba\Server\build\proj_win32\x64\Debug\MobaServer.exe
20200215 10:33:55 DebugF:\Projects\unity\Moba\Server\apps\lua_test\TestLua.cpp:22  
F:\Projects\unity\Moba\Server\build\proj_win32\x64\Debug\MobaServer.exe
20200215 10:33:55 DebugF:\Projects\unity\Moba\Server\apps\lua_test\TestLua.cpp:54  
·þÎñÆ÷ÍË³ö
20200215 10:34:45 DebugF:\Projects\unity\Moba\Server\apps\lua_test\TestLua.cpp:16  
F:\Projects\unity\Moba\Server\build\proj_win32\x64\Debug\MobaServer.exe
20200215 10:34:45 DebugF:\Projects\unity\Moba\Server\apps\lua_test\TestLua.cpp:20  
-1
20200215 10:34:45 DebugF:\Projects\unity\Moba\Server\apps\lua_test\TestLua.cpp:23  
F:\Projects\unity\Moba\Server\build\proj_win32\x64\Debug\MobaServer.exe
20200215 10:34:45 DebugF:\Projects\unity\Moba\Server\apps\lua_test\TestLua.cpp:55  
·þÎñÆ÷ÍË³ö
20200215 10:35:15 DebugF:\Projects\unity\Moba\Server\apps\lua_test\TestLua.cpp:16  
F:\Projects\unity\Moba\Server\build\proj_win32\x64\Debug\MobaServer.exe
20200215 10:35:15 DebugF:\Projects\unity\Moba\Server\apps\lua_test\TestLua.cpp:20  
56
20200215 10:35:15 DebugF:\Projects\unity\Moba\Server\apps\lua_test\TestLua.cpp:23  
F:\Projects\uni
20200215 10:35:15 DebugF:\Projects\unity\Moba\Server\apps\lua_test\TestLua.cpp:55  
·þÎñÆ÷ÍË³ö
20200215 10:35:54 DebugF:\Projects\unity\Moba\Server\apps\lua_test\TestLua.cpp:16  
F:\Projects\unity\Moba\Server\build\proj_win32\x64\Debug\MobaServer.exe
20200215 10:35:54 DebugF:\Projects\unity\Moba\Server\apps\lua_test\TestLua.cpp:20  
56
20200215 10:35:54 DebugF:\Projects\unity\Moba\Server\apps\lua_test\TestLua.cpp:23  
F:\Projects\unity\Moba\Server\build\proj_win32\x64\Debug
20200215 10:35:54 DebugF:\Projects\unity\Moba\Server\apps\lua_test\TestLua.cpp:55  
·þÎñÆ÷ÍË³ö
20200215 10:39:36 DebugF:\Projects\unity\Moba\Server\apps\lua_test\TestLua.cpp:17  
F:\Projects\unity\Moba\Server\build\proj_win32\x64\Debug
20200215 10:39:36 DebugF:\Projects\unity\Moba\Server\apps\lua_test\TestLua.cpp:49  
·þÎñÆ÷ÍË³ö
20200215 11:07:23 DebugF:\Projects\unity\Moba\Server\apps\lua_test\TestLua.cpp:17  
F:\Projects\unity\Moba\Server\build\proj_win32\x64\Debug
20200215 11:07:23 DebugF:\Projects\unity\Moba\Server\apps\lua_test\TestLua.cpp:58  
·þÎñÆ÷ÍË³ö
20200215 11:09:26 DebugF:\Projects\unity\Moba\Server\apps\lua_test\TestLua.cpp:17  
F:\Projects\unity\Moba\Server\build\proj_win32\x64\Debug
20200215 11:09:26 DebugF:\Projects\unity\Moba\Server\apps\lua_test\TestLua.cpp:58  
·þÎñÆ÷ÍË³ö
20200215 11:11:10 DebugF:\Projects\unity\Moba\Server\apps\lua_test\TestLua.cpp:17  
F:\Projects\unity\Moba\Server\build\proj_win32\x64\Debug
20200215 11:11:10 DebugF:\Projects\unity\Moba\Server\apps\lua_test\TestLua.cpp:58  
·þÎñÆ÷ÍË³ö
20200215 11:12:44 DebugF:\Projects\unity\Moba\Server\apps\lua_test\TestLua.cpp:17  
F:\Projects\unity\Moba\Server\build\proj_win32\x64\Debug
20200215 11:12:44 DebugF:\Projects\unity\Moba\Server\apps\lua_test\TestLua.cpp:58  
·þÎñÆ÷ÍË³ö
20200215 11:13:48 DebugF:\Projects\unity\Moba\Server\apps\lua_test\TestLua.cpp:17  
F:\Projects\unity\Moba\Server\build\proj_win32\x64\Debug\
20200215 11:13:48 DebugF:\Projects\unity\Moba\Server\apps\lua_test\TestLua.cpp:24  
F:\Projects\unity\Moba\Server\build\proj_win32\x64\Debug\
20200215 11:13:48 DebugF:\Projects\unity\Moba\Server\apps\lua_test\TestLua.cpp:24  
F:\Projects\unity\Moba\Server\build\proj_win32\x64\Debug\
20200215 11:13:48 DebugF:\Projects\unity\Moba\Server\apps\lua_test\TestLua.cpp:24  
F:\Projects\unity\Moba\Server\build\proj_win32\x64\Debug\
20200215 11:13:48 DebugF:\Projects\unity\Moba\Server\apps\lua_test\TestLua.cpp:24  
F:\Projects\unity\Moba\Server\build\proj_win32\x64\Debug\
20200215 11:13:48 DebugF:\Projects\unity\Moba\Server\apps\lua_test\TestLua.cpp:24  
F:\Projects\unity\Moba\Server\build\proj_win32\x64\Debug\
20200215 11:13:48 DebugF:\Projects\unity\Moba\Server\apps\lua_test\TestLua.cpp:24  
F:\Projects\unity\Moba\Server\build\proj_win32\x64\Debug\
20200215 11:13:48 DebugF:\Projects\unity\Moba\Server\apps\lua_test\TestLua.cpp:24  
F:\Projects\unity\Moba\Server\build\proj_win32\x64\Debug\
20200215 11:13:48 DebugF:\Projects\unity\Moba\Server\apps\lua_test\TestLua.cpp:24  
F:\Projects\unity\Moba\Server\build\proj_win32\x64\Debug\
20200215 11:13:48 DebugF:\Projects\unity\Moba\Server\apps\lua_test\TestLua.cpp:24  
F:\Projects\unity\Moba\Server\build\proj_win32\x64\Debug\
20200215 11:13:48 DebugF:\Projects\unity\Moba\Server\apps\lua_test\TestLua.cpp:24  
F:\Projects\unity\Moba\Server\build\proj_win32\x64\Debug\
20200215 11:13:48 DebugF:\Projects\unity\Moba\Server\apps\lua_test\TestLua.cpp:24  
F:\Projects\unity\Moba\Server\build\proj_win32\x64\Debug\
20200215 11:13:48 DebugF:\Projects\unity\Moba\Server\apps\lua_test\TestLua.cpp:24  
F:\Projects\unity\Moba\Server\build\proj_win32\x64\Debug\
20200215 11:13:48 DebugF:\Projects\unity\Moba\Server\apps\lua_test\TestLua.cpp:24  
F:\Projects\unity\Moba\Server\build\proj_win32\x64\Debug\
20200215 11:13:48 DebugF:\Projects\unity\Moba\Server\apps\lua_test\TestLua.cpp:24  
F:\Projects\unity\Moba\Server\build\proj_win32\x64\Debug\
20200215 11:13:48 DebugF:\Projects\unity\Moba\Server\apps\lua_test\TestLua.cpp:24  
F:\Projects\unity\Moba\Server\build\proj_win32\x64\Debug\
20200215 11:13:48 DebugF:\Projects\unity\Moba\Server\apps\lua_test\TestLua.cpp:24  
F:\Projects\unity\Moba\Server\build\proj_win32\x64\Debug\
20200215 11:13:48 DebugF:\Projects\unity\Moba\Server\apps\lua_test\TestLua.cpp:24  
F:\Projects\unity\Moba\Server\build\proj_win32\x64\Debug\
20200215 11:13:48 DebugF:\Projects\unity\Moba\Server\apps\lua_test\TestLua.cpp:24  
F:\Projects\unity\Moba\Server\build\proj_win32\x64\Debug\
20200215 11:13:48 DebugF:\Projects\unity\Moba\Server\apps\lua_test\TestLua.cpp:24  
F:\Projects\unity\Moba\Server\build\proj_win32\x64\Debug\
20200215 11:13:48 DebugF:\Projects\unity\Moba\Server\apps\lua_test\TestLua.cpp:24  
F:\Projects\unity\Moba\Server\build\proj_win32\x64\Debug\
20200215 11:13:48 DebugF:\Projects\unity\Moba\Server\apps\lua_test\TestLua.cpp:24  
F:\Projects\unity\Moba\Server\build\proj_win32\x64\Debug\
20200215 11:13:48 DebugF:\Projects\unity\Moba\Server\apps\lua_test\TestLua.cpp:24  
F:\Projects\unity\Moba\Server\build\proj_win32\x64\Debug\
20200215 11:13:48 DebugF:\Projects\unity\Moba\Server\apps\lua_test\TestLua.cpp:24  
F:\Projects\unity\Moba\Server\build\proj_win32\x64\Debug\
20200215 11:13:48 DebugF:\Projects\unity\Moba\Server\apps\lua_test\TestLua.cpp:24  
F:\Projects\unity\Moba\Server\build\proj_win32\x64\Debug\
20200215 11:13:48 DebugF:\Projects\unity\Moba\Server\apps\lua_test\TestLua.cpp:24  
F:\Projects\unity\Moba\Server\build\proj_win32\x64\Debug\
20200215 11:13:48 DebugF:\Projects\unity\Moba\Server\apps\lua_test\TestLua.cpp:24  
F:\Projects\unity\Moba\Server\build\proj_win32\x64\Debug\
20200215 11:13:48 DebugF:\Projects\unity\Moba\Server\apps\lua_test\TestLua.cpp:24  
F:\Projects\unity\Moba\Server\build\proj_win32\x64\Debug\
20200215 11:13:48 DebugF:\Projects\unity\Moba\Server\apps\lua_test\TestLua.cpp:24  
F:\Projects\unity\Moba\Server\build\proj_win32\x64\Debug\
20200215 11:13:48 DebugF:\Projects\unity\Moba\Server\apps\lua_test\TestLua.cpp:24  
F:\Projects\unity\Moba\Server\build\proj_win32\x64\Debug\
20200215 11:13:48 DebugF:\Projects\unity\Moba\Server\apps\lua_test\TestLua.cpp:24  
F:\Projects\unity\Moba\Server\build\proj_win32\x64\Debug\
20200215 11:13:48 DebugF:\Projects\unity\Moba\Server\apps\lua_test\TestLua.cpp:24  
F:\Projects\unity\Moba\Server\build\proj_win32\x64\Debug\
20200215 11:13:48 DebugF:\Projects\unity\Moba\Server\apps\lua_test\TestLua.cpp:24  
F:\Projects\unity\Moba\Server\build\proj_win32\x64\Debug\
20200215 11:13:48 DebugF:\Projects\unity\Moba\Server\apps\lua_test\TestLua.cpp:24  
F:\Projects\unity\Moba\Server\build\proj_win32\x64\Debug\
20200215 11:13:48 DebugF:\Projects\unity\Moba\Server\apps\lua_test\TestLua.cpp:24  
F:\Projects\unity\Moba\Server\build\proj_win32\x64\Debug\
20200215 11:13:48 DebugF:\Projects\unity\Moba\Server\apps\lua_test\TestLua.cpp:24  
F:\Projects\unity\Moba\Server\build\proj_win32\x64\Debug\
20200215 11:13:48 DebugF:\Projects\unity\Moba\Server\apps\lua_test\TestLua.cpp:24  
F:\Projects\unity\Moba\Server\build\proj_win32\x64\Debug\
20200215 11:13:48 DebugF:\Projects\unity\Moba\Server\apps\lua_test\TestLua.cpp:24  
F:\Projects\unity\Moba\Server\build\proj_win32\x64\Debug\
20200215 11:13:48 DebugF:\Projects\unity\Moba\Server\apps\lua_test\TestLua.cpp:24  
F:\Projects\unity\Moba\Server\build\proj_win32\x64\Debug\
20200215 11:13:48 DebugF:\Projects\unity\Moba\Server\apps\lua_test\TestLua.cpp:24  
F:\Projects\unity\Moba\Server\build\proj_win32\x64\Debug\
20200215 11:13:48 DebugF:\Projects\unity\Moba\Server\apps\lua_test\TestLua.cpp:24  
F:\Projects\unity\Moba\Server\build\proj_win32\x64\Debug\
20200215 11:13:48 DebugF:\Projects\unity\Moba\Server\apps\lua_test\TestLua.cpp:24  
F:\Projects\unity\Moba\Server\build\proj_win32\x64\Debug\
20200215 11:13:48 DebugF:\Projects\unity\Moba\Server\apps\lua_test\TestLua.cpp:24  
F:\Projects\unity\Moba\Server\build\proj_win32\x64\Debug\
20200215 11:13:48 DebugF:\Projects\unity\Moba\Server\apps\lua_test\TestLua.cpp:24  
F:\Projects\unity\Moba\Server\build\proj_win32\x64\Debug\
20200215 11:13:48 DebugF:\Projects\unity\Moba\Server\apps\lua_test\TestLua.cpp:24  
F:\Projects\unity\Moba\Server\build\proj_win32\x64\Debug\
20200215 11:13:48 DebugF:\Projects\unity\Moba\Server\apps\lua_test\TestLua.cpp:24  
F:\Projects\unity\Moba\Server\build\proj_win32\x64\Debug\
20200215 11:13:48 DebugF:\Projects\unity\Moba\Server\apps\lua_test\TestLua.cpp:24  
F:\Projects\unity\Moba\Server\build\proj_win32\x64\Debug\
20200215 11:13:48 DebugF:\Projects\unity\Moba\Server\apps\lua_test\TestLua.cpp:24  
F:\Projects\unity\Moba\Server\build\proj_win32\x64\Debug\
20200215 11:13:48 DebugF:\Projects\unity\Moba\Server\apps\lua_test\TestLua.cpp:24  
F:\Projects\unity\Moba\Server\build\proj_win32\x64\Debug\
20200215 11:13:48 DebugF:\Projects\unity\Moba\Server\apps\lua_test\TestLua.cpp:24  
F:\Projects\unity\Moba\Server\build\proj_win32\x64\Debug\
20200215 11:13:48 DebugF:\Projects\unity\Moba\Server\apps\lua_test\TestLua.cpp:24  
F:\Projects\unity\Moba\Server\build\proj_win32\x64\Debug\
20200215 11:13:48 DebugF:\Projects\unity\Moba\Server\apps\lua_test\TestLua.cpp:24  
F:\Projects\unity\Moba\Server\build\proj_win32\x64\Debug\
20200215 11:13:48 DebugF:\Projects\unity\Moba\Server\apps\lua_test\TestLua.cpp:24  
F:\Projects\unity\Moba\Server\build\proj_win32\x64\Debug\
20200215 11:13:48 DebugF:\Projects\unity\Moba\Server\apps\lua_test\TestLua.cpp:24  
F:\Projects\unity\Moba\Server\build\proj_win32\x64\Debug\
20200215 11:13:48 DebugF:\Projects\unity\Moba\Server\apps\lua_test\TestLua.cpp:24  
F:\Projects\unity\Moba\Server\build\proj_win32\x64\Debug\
20200215 11:13:48 DebugF:\Projects\unity\Moba\Server\apps\lua_test\TestLua.cpp:24  
F:\Projects\unity\Moba\Server\build\proj_win32\x64\Debug\
20200215 11:13:48 DebugF:\Projects\unity\Moba\Server\apps\lua_test\TestLua.cpp:24  
F:\Projects\unity\Moba\Server\build\proj_win32\x64\Debug\
20200215 11:13:48 DebugF:\Projects\unity\Moba\Server\apps\lua_test\TestLua.cpp:24  
F:\Projects\unity\Moba\Server\build\proj_win32\x64\Debug\
20200215 11:13:48 DebugF:\Projects\unity\Moba\Server\apps\lua_test\TestLua.cpp:24  
F:\Projects\unity\Moba\Server\build\proj_win32\x64\Debug\
20200215 11:13:48 DebugF:\Projects\unity\Moba\Server\apps\lua_test\TestLua.cpp:24  
F:\Projects\unity\Moba\Server\build\proj_win32\x64\Debug\
20200215 11:13:48 DebugF:\Projects\unity\Moba\Server\apps\lua_test\TestLua.cpp:24  
F:\Projects\unity\Moba\Server\build\proj_win32\x64\Debug\
20200215 11:13:48 DebugF:\Projects\unity\Moba\Server\apps\lua_test\TestLua.cpp:24  
F:\Projects\unity\Moba\Server\build\proj_win32\x64\Debug\
20200215 11:13:48 DebugF:\Projects\unity\Moba\Server\apps\lua_test\TestLua.cpp:24  
F:\Projects\unity\Moba\Server\build\proj_win32\x64\Debug\
20200215 11:13:48 DebugF:\Projects\unity\Moba\Server\apps\lua_test\TestLua.cpp:24  
F:\Projects\unity\Moba\Server\build\proj_win32\x64\Debug\
20200215 11:13:48 DebugF:\Projects\unity\Moba\Server\apps\lua_test\TestLua.cpp:24  
F:\Projects\unity\Moba\Server\build\proj_win32\x64\Debug\
20200215 11:13:48 DebugF:\Projects\unity\Moba\Server\apps\lua_test\TestLua.cpp:24  
F:\Projects\unity\Moba\Server\build\proj_win32\x64\Debug\
20200215 11:13:48 DebugF:\Projects\unity\Moba\Server\apps\lua_test\TestLua.cpp:24  
F:\Projects\unity\Moba\Server\build\proj_win32\x64\Debug\
20200215 11:13:48 DebugF:\Projects\unity\Moba\Server\apps\lua_test\TestLua.cpp:24  
F:\Projects\unity\Moba\Server\build\proj_win32\x64\Debug\
20200215 11:13:48 DebugF:\Projects\unity\Moba\Server\apps\lua_test\TestLua.cpp:24  
F:\Projects\unity\Moba\Server\build\proj_win32\x64\Debug\
20200215 11:13:48 DebugF:\Projects\unity\Moba\Server\apps\lua_test\TestLua.cpp:24  
F:\Projects\unity\Moba\Server\build\proj_win32\x64\Debug\
20200215 11:13:48 DebugF:\Projects\unity\Moba\Server\apps\lua_test\TestLua.cpp:24  
F:\Projects\unity\Moba\Server\build\proj_win32\x64\Debug\
20200215 11:13:48 DebugF:\Projects\unity\Moba\Server\apps\lua_test\TestLua.cpp:24  
F:\Projects\unity\Moba\Server\build\proj_win32\x64\Debug\
20200215 11:13:48 DebugF:\Projects\unity\Moba\Server\apps\lua_test\TestLua.cpp:24  
F:\Projects\unity\Moba\Server\build\proj_win32\x64\Debug\
20200215 11:13:48 DebugF:\Projects\unity\Moba\Server\apps\lua_test\TestLua.cpp:24  
F:\Projects\unity\Moba\Server\build\proj_win32\x64\Debug\
20200215 11:13:48 DebugF:\Projects\unity\Moba\Server\apps\lua_test\TestLua.cpp:24  
F:\Projects\unity\Moba\Server\build\proj_win32\x64\Debug\
20200215 11:13:48 DebugF:\Projects\unity\Moba\Server\apps\lua_test\TestLua.cpp:24  
F:\Projects\unity\Moba\Server\build\proj_win32\x64\Debug\
20200215 11:13:48 DebugF:\Projects\unity\Moba\Server\apps\lua_test\TestLua.cpp:24  
F:\Projects\unity\Moba\Server\build\proj_win32\x64\Debug\
20200215 11:13:48 DebugF:\Projects\unity\Moba\Server\apps\lua_test\TestLua.cpp:24  
F:\Projects\unity\Moba\Server\build\proj_win32\x64\Debug\
20200215 11:13:48 DebugF:\Projects\unity\Moba\Server\apps\lua_test\TestLua.cpp:24  
F:\Projects\unity\Moba\Server\build\proj_win32\x64\Debug\
20200215 11:13:48 DebugF:\Projects\unity\Moba\Server\apps\lua_test\TestLua.cpp:24  
F:\Projects\unity\Moba\Server\build\proj_win32\x64\Debug\
20200215 11:13:48 DebugF:\Projects\unity\Moba\Server\apps\lua_test\TestLua.cpp:24  
F:\Projects\unity\Moba\Server\build\proj_win32\x64\Debug\
20200215 11:13:48 DebugF:\Projects\unity\Moba\Server\apps\lua_test\TestLua.cpp:24  
F:\Projects\unity\Moba\Server\build\proj_win32\x64\Debug\
20200215 11:13:48 DebugF:\Projects\unity\Moba\Server\apps\lua_test\TestLua.cpp:24  
F:\Projects\unity\Moba\Server\build\proj_win32\x64\Debug\
20200215 11:13:48 DebugF:\Projects\unity\Moba\Server\apps\lua_test\TestLua.cpp:24  
F:\Projects\unity\Moba\Server\build\proj_win32\x64\Debug\
20200215 11:13:48 DebugF:\Projects\unity\Moba\Server\apps\lua_test\TestLua.cpp:24  
F:\Projects\unity\Moba\Server\build\proj_win32\x64\Debug\
20200215 11:13:48 DebugF:\Projects\unity\Moba\Server\apps\lua_test\TestLua.cpp:24  
F:\Projects\unity\Moba\Server\build\proj_win32\x64\Debug\
20200215 11:13:48 DebugF:\Projects\unity\Moba\Server\apps\lua_test\TestLua.cpp:24  
F:\Projects\unity\Moba\Server\build\proj_win32\x64\Debug\
20200215 11:13:48 DebugF:\Projects\unity\Moba\Server\apps\lua_test\TestLua.cpp:24  
F:\Projects\unity\Moba\Server\build\proj_win32\x64\Debug\
20200215 11:13:48 DebugF:\Projects\unity\Moba\Server\apps\lua_test\TestLua.cpp:24  
F:\Projects\unity\Moba\Server\build\proj_win32\x64\Debug\
20200215 11:13:48 DebugF:\Projects\unity\Moba\Server\apps\lua_test\TestLua.cpp:24  
F:\Projects\unity\Moba\Server\build\proj_win32\x64\Debug\
20200215 11:13:48 DebugF:\Projects\unity\Moba\Server\apps\lua_test\TestLua.cpp:24  
F:\Projects\unity\Moba\Server\build\proj_win32\x64\Debug\
20200215 11:13:48 DebugF:\Projects\unity\Moba\Server\apps\lua_test\TestLua.cpp:24  
F:\Projects\unity\Moba\Server\build\proj_win32\x64\Debug\
20200215 11:13:48 DebugF:\Projects\unity\Moba\Server\apps\lua_test\TestLua.cpp:24  
F:\Projects\unity\Moba\Server\build\proj_win32\x64\Debug\
20200215 11:13:48 DebugF:\Projects\unity\Moba\Server\apps\lua_test\TestLua.cpp:24  
F:\Projects\unity\Moba\Server\build\proj_win32\x64\Debug\
20200215 11:13:48 DebugF:\Projects\unity\Moba\Server\apps\lua_test\TestLua.cpp:24  
F:\Projects\unity\Moba\Server\build\proj_win32\x64\Debug\
20200215 11:13:48 DebugF:\Projects\unity\Moba\Server\apps\lua_test\TestLua.cpp:24  
F:\Projects\unity\Moba\Server\build\proj_win32\x64\Debug\
20200215 11:13:48 DebugF:\Projects\unity\Moba\Server\apps\lua_test\TestLua.cpp:24  
F:\Projects\unity\Moba\Server\build\proj_win32\x64\Debug\
20200215 11:13:48 DebugF:\Projects\unity\Moba\Server\apps\lua_test\TestLua.cpp:24  
F:\Projects\unity\Moba\Server\build\proj_win32\x64\Debug\
20200215 11:13:48 DebugF:\Projects\unity\Moba\Server\apps\lua_test\TestLua.cpp:24  
F:\Projects\unity\Moba\Server\build\proj_win32\x64\Debug\
20200215 11:13:48 DebugF:\Projects\unity\Moba\Server\apps\lua_test\TestLua.cpp:24  
F:\Projects\unity\Moba\Server\build\proj_win32\x64\Debug\
20200215 11:13:48 DebugF:\Projects\unity\Moba\Server\apps\lua_test\TestLua.cpp:24  
F:\Projects\unity\Moba\Server\build\proj_win32\x64\Debug\
20200215 11:13:48 DebugF:\Projects\unity\Moba\Server\apps\lua_test\TestLua.cpp:24  
F:\Projects\unity\Moba\Server\build\proj_win32\x64\Debug\
20200215 11:13:48 DebugF:\Projects\unity\Moba\Server\apps\lua_test\TestLua.cpp:24  
F:\Projects\unity\Moba\Server\build\proj_win32\x64\Debug\
20200215 11:13:48 DebugF:\Projects\unity\Moba\Server\apps\lua_test\TestLua.cpp:24  
F:\Projects\unity\Moba\Server\build\proj_win32\x64\Debug\
20200215 11:13:48 DebugF:\Projects\unity\Moba\Server\apps\lua_test\TestLua.cpp:24  
F:\Projects\unity\Moba\Server\build\proj_win32\x64\Debug\
20200215 11:13:48 DebugF:\Projects\unity\Moba\Server\apps\lua_test\TestLua.cpp:24  
F:\Projects\unity\Moba\Server\build\proj_win32\x64\Debug\
20200215 11:13:48 DebugF:\Projects\unity\Moba\Server\apps\lua_test\TestLua.cpp:24  
F:\Projects\unity\Moba\Server\build\proj_win32\x64\Debug\
20200215 11:13:48 DebugF:\Projects\unity\Moba\Server\apps\lua_test\TestLua.cpp:58  
·þÎñÆ÷ÍË³ö
20200215 11:20:44 DebugF:\Projects\unity\Moba\Server\apps\lua_test\TestLua.cpp:18  
F:\Projects\unity\Moba\Server\build\proj_win32\x64\Debug
20200215 11:20:44 DebugF:\Projects\unity\Moba\Server\apps\lua_test\TestLua.cpp:26  
AbstractService.obj
20200215 11:20:44 DebugF:\Projects\unity\Moba\Server\apps\lua_test\TestLua.cpp:26  
AbstractSession.obj
20200215 11:20:44 DebugF:\Projects\unity\Moba\Server\apps\lua_test\TestLua.cpp:26  
async.obj
20200215 11:20:44 DebugF:\Projects\unity\Moba\Server\apps\lua_test\TestLua.cpp:26  
base64_decoder.obj
20200215 11:20:44 DebugF:\Projects\unity\Moba\Server\apps\lua_test\TestLua.cpp:26  
base64_encoder.obj
20200215 11:20:44 DebugF:\Projects\unity\Moba\Server\apps\lua_test\TestLua.cpp:26  
cache_alloc.obj
20200215 11:20:44 DebugF:\Projects\unity\Moba\Server\apps\lua_test\TestLua.cpp:26  
CmdPackageProtocol.obj
20200215 11:20:44 DebugF:\Projects\unity\Moba\Server\apps\lua_test\TestLua.cpp:26  
cmd_package_proto_export_to_lua.obj
20200215 11:20:44 DebugF:\Projects\unity\Moba\Server\apps\lua_test\TestLua.cpp:26  
core.obj
20200215 11:20:44 DebugF:\Projects\unity\Moba\Server\apps\lua_test\TestLua.cpp:26  
dl.obj
20200215 11:20:44 DebugF:\Projects\unity\Moba\Server\apps\lua_test\TestLua.cpp:26  
Encoding.obj
20200215 11:20:44 DebugF:\Projects\unity\Moba\Server\apps\lua_test\TestLua.cpp:26  
error.obj
20200215 11:20:44 DebugF:\Projects\unity\Moba\Server\apps\lua_test\TestLua.cpp:26  
FileSearcher.obj
20200215 11:20:44 DebugF:\Projects\unity\Moba\Server\apps\lua_test\TestLua.cpp:26  
fs-event.obj
20200215 11:20:44 DebugF:\Projects\unity\Moba\Server\apps\lua_test\TestLua.cpp:26  
fs-poll.obj
20200215 11:20:44 DebugF:\Projects\unity\Moba\Server\apps\lua_test\TestLua.cpp:26  
fs.obj
20200215 11:20:44 DebugF:\Projects\unity\Moba\Server\apps\lua_test\TestLua.cpp:26  
game.pb.obj
20200215 11:20:44 DebugF:\Projects\unity\Moba\Server\apps\lua_test\TestLua.cpp:26  
getaddrinfo.obj
20200215 11:20:44 DebugF:\Projects\unity\Moba\Server\apps\lua_test\TestLua.cpp:26  
getnameinfo.obj
20200215 11:20:44 DebugF:\Projects\unity\Moba\Server\apps\lua_test\TestLua.cpp:26  
handle.obj
20200215 11:20:44 DebugF:\Projects\unity\Moba\Server\apps\lua_test\TestLua.cpp:26  
http_parser.obj
20200215 11:20:44 DebugF:\Projects\unity\Moba\Server\apps\lua_test\TestLua.cpp:26  
inet.obj
20200215 11:20:44 DebugF:\Projects\unity\Moba\Server\apps\lua_test\TestLua.cpp:26  
json.obj
20200215 11:20:44 DebugF:\Projects\unity\Moba\Server\apps\lua_test\TestLua.cpp:26  
lapi.obj
20200215 11:20:44 DebugF:\Projects\unity\Moba\Server\apps\lua_test\TestLua.cpp:26  
lauxlib.obj
20200215 11:20:44 DebugF:\Projects\unity\Moba\Server\apps\lua_test\TestLua.cpp:26  
lbaselib.obj
20200215 11:20:44 DebugF:\Projects\unity\Moba\Server\apps\lua_test\TestLua.cpp:26  
lbitlib.obj
20200215 11:20:44 DebugF:\Projects\unity\Moba\Server\apps\lua_test\TestLua.cpp:26  
lcode.obj
20200215 11:20:44 DebugF:\Projects\unity\Moba\Server\apps\lua_test\TestLua.cpp:26  
lcorolib.obj
20200215 11:20:44 DebugF:\Projects\unity\Moba\Server\apps\lua_test\TestLua.cpp:26  
lctype.obj
20200215 11:20:44 DebugF:\Projects\unity\Moba\Server\apps\lua_test\TestLua.cpp:26  
ldblib.obj
20200215 11:20:44 DebugF:\Projects\unity\Moba\Server\apps\lua_test\TestLua.cpp:26  
ldebug.obj
20200215 11:20:44 DebugF:\Projects\unity\Moba\Server\apps\lua_test\TestLua.cpp:26  
ldo.obj
20200215 11:20:44 DebugF:\Projects\unity\Moba\Server\apps\lua_test\TestLua.cpp:26  
ldump.obj
20200215 11:20:44 DebugF:\Projects\unity\Moba\Server\apps\lua_test\TestLua.cpp:26  
lfunc.obj
20200215 11:20:44 DebugF:\Projects\unity\Moba\Server\apps\lua_test\TestLua.cpp:26  
lgc.obj
20200215 11:20:44 DebugF:\Projects\unity\Moba\Server\apps\lua_test\TestLua.cpp:26  
linit.obj
20200215 11:20:44 DebugF:\Projects\unity\Moba\Server\apps\lua_test\TestLua.cpp:26  
liolib.obj
20200215 11:20:44 DebugF:\Projects\unity\Moba\Server\apps\lua_test\TestLua.cpp:26  
llex.obj
20200215 11:20:44 DebugF:\Projects\unity\Moba\Server\apps\lua_test\TestLua.cpp:26  
lmathlib.obj
20200215 11:20:44 DebugF:\Projects\unity\Moba\Server\apps\lua_test\TestLua.cpp:26  
lmem.obj
20200215 11:20:44 DebugF:\Projects\unity\Moba\Server\apps\lua_test\TestLua.cpp:26  
loadlib.obj
20200215 11:20:44 DebugF:\Projects\unity\Moba\Server\apps\lua_test\TestLua.cpp:26  
lobject.obj
20200215 11:20:44 DebugF:\Projects\unity\Moba\Server\apps\lua_test\TestLua.cpp:26  
logger.obj
20200215 11:20:44 DebugF:\Projects\unity\Moba\Server\apps\lua_test\TestLua.cpp:26  
logger_export_to_lua.obj
20200215 11:20:44 DebugF:\Projects\unity\Moba\Server\apps\lua_test\TestLua.cpp:26  
loop-watcher.obj
20200215 11:20:44 DebugF:\Projects\unity\Moba\Server\apps\lua_test\TestLua.cpp:26  
lopcodes.obj
20200215 11:20:44 DebugF:\Projects\unity\Moba\Server\apps\lua_test\TestLua.cpp:26  
loslib.obj
20200215 11:20:44 DebugF:\Projects\unity\Moba\Server\apps\lua_test\TestLua.cpp:26  
lparser.obj
20200215 11:20:44 DebugF:\Projects\unity\Moba\Server\apps\lua_test\TestLua.cpp:26  
lstate.obj
20200215 11:20:44 DebugF:\Projects\unity\Moba\Server\apps\lua_test\TestLua.cpp:26  
lstring.obj
20200215 11:20:44 DebugF:\Projects\unity\Moba\Server\apps\lua_test\TestLua.cpp:26  
lstrlib.obj
20200215 11:20:44 DebugF:\Projects\unity\Moba\Server\apps\lua_test\TestLua.cpp:26  
ltable.obj
20200215 11:20:44 DebugF:\Projects\unity\Moba\Server\apps\lua_test\TestLua.cpp:26  
ltablib.obj
20200215 11:20:44 DebugF:\Projects\unity\Moba\Server\apps\lua_test\TestLua.cpp:26  
ltm.obj
20200215 11:20:44 DebugF:\Projects\unity\Moba\Server\apps\lua_test\TestLua.cpp:26  
lua_wrapper.obj
20200215 11:20:44 DebugF:\Projects\unity\Moba\Server\apps\lua_test\TestLua.cpp:26  
lundump.obj
20200215 11:20:44 DebugF:\Projects\unity\Moba\Server\apps\lua_test\TestLua.cpp:26  
lutf8lib.obj
20200215 11:20:44 DebugF:\Projects\unity\Moba\Server\apps\lua_test\TestLua.cpp:26  
lvm.obj
20200215 11:20:44 DebugF:\Projects\unity\Moba\Server\apps\lua_test\TestLua.cpp:26  
lzio.obj
20200215 11:20:44 DebugF:\Projects\unity\Moba\Server\apps\lua_test\TestLua.cpp:26  
md5.obj
20200215 11:20:44 DebugF:\Projects\unity\Moba\Server\apps\lua_test\TestLua.cpp:26  
mysqlwarpper.obj
20200215 11:20:44 DebugF:\Projects\unity\Moba\Server\apps\lua_test\TestLua.cpp:26  
mysql_export_to_lua.obj
20200215 11:20:44 DebugF:\Projects\unity\Moba\Server\apps\lua_test\TestLua.cpp:26  
Netbus.obj
20200215 11:20:44 DebugF:\Projects\unity\Moba\Server\apps\lua_test\TestLua.cpp:26  
netbus_export_to_lua.obj
20200215 11:20:44 DebugF:\Projects\unity\Moba\Server\apps\lua_test\TestLua.cpp:26  
pipe.obj
20200215 11:20:44 DebugF:\Projects\unity\Moba\Server\apps\lua_test\TestLua.cpp:26  
poll.obj
20200215 11:20:44 DebugF:\Projects\unity\Moba\Server\apps\lua_test\TestLua.cpp:26  
process-stdio.obj
20200215 11:20:44 DebugF:\Projects\unity\Moba\Server\apps\lua_test\TestLua.cpp:26  
process.obj
20200215 11:20:44 DebugF:\Projects\unity\Moba\Server\apps\lua_test\TestLua.cpp:26  
rediswarpper.obj
20200215 11:20:44 DebugF:\Projects\unity\Moba\Server\apps\lua_test\TestLua.cpp:26  
redis_export_to_lua.obj
20200215 11:20:44 DebugF:\Projects\unity\Moba\Server\apps\lua_test\TestLua.cpp:26  
req.obj
20200215 11:20:44 DebugF:\Projects\unity\Moba\Server\apps\lua_test\TestLua.cpp:26  
ServiceManager.obj
20200215 11:20:44 DebugF:\Projects\unity\Moba\Server\apps\lua_test\TestLua.cpp:26  
service_export_to_lua.obj
20200215 11:20:44 DebugF:\Projects\unity\Moba\Server\apps\lua_test\TestLua.cpp:26  
session_export_to_lua.obj
20200215 11:20:44 DebugF:\Projects\unity\Moba\Server\apps\lua_test\TestLua.cpp:26  
sha1.obj
20200215 11:20:44 DebugF:\Projects\unity\Moba\Server\apps\lua_test\TestLua.cpp:26  
signal.obj
20200215 11:20:44 DebugF:\Projects\unity\Moba\Server\apps\lua_test\TestLua.cpp:26  
small_alloc.obj
20200215 11:20:44 DebugF:\Projects\unity\Moba\Server\apps\lua_test\TestLua.cpp:26  
snprintf.obj
20200215 11:20:44 DebugF:\Projects\unity\Moba\Server\apps\lua_test\TestLua.cpp:26  
stream.obj
20200215 11:20:44 DebugF:\Projects\unity\Moba\Server\apps\lua_test\TestLua.cpp:26  
tcp.obj
20200215 11:20:44 DebugF:\Projects\unity\Moba\Server\apps\lua_test\TestLua.cpp:26  
TcpPackageProtocol.obj
20200215 11:20:44 DebugF:\Projects\unity\Moba\Server\apps\lua_test\TestLua.cpp:26  
TcpSession.obj
20200215 11:20:44 DebugF:\Projects\unity\Moba\Server\apps\lua_test\TestLua.cpp:26  
TestLua.obj
20200215 11:20:44 DebugF:\Projects\unity\Moba\Server\apps\lua_test\TestLua.cpp:26  
thread.obj
20200215 11:20:44 DebugF:\Projects\unity\Moba\Server\apps\lua_test\TestLua.cpp:26  
threadpool.obj
20200215 11:20:44 DebugF:\Projects\unity\Moba\Server\apps\lua_test\TestLua.cpp:26  
timer.obj
20200215 11:20:44 DebugF:\Projects\unity\Moba\Server\apps\lua_test\TestLua.cpp:26  
timer_export_to_lua.obj
20200215 11:20:44 DebugF:\Projects\unity\Moba\Server\apps\lua_test\TestLua.cpp:26  
timestamp.obj
20200215 11:20:44 DebugF:\Projects\unity\Moba\Server\apps\lua_test\TestLua.cpp:26  
time_list.obj
20200215 11:20:44 DebugF:\Projects\unity\Moba\Server\apps\lua_test\TestLua.cpp:26  
tolua_event.obj
20200215 11:20:44 DebugF:\Projects\unity\Moba\Server\apps\lua_test\TestLua.cpp:26  
tolua_fix.obj
20200215 11:20:44 DebugF:\Projects\unity\Moba\Server\apps\lua_test\TestLua.cpp:26  
tolua_is.obj
20200215 11:20:44 DebugF:\Projects\unity\Moba\Server\apps\lua_test\TestLua.cpp:26  
tolua_map.obj
20200215 11:20:44 DebugF:\Projects\unity\Moba\Server\apps\lua_test\TestLua.cpp:26  
tolua_push.obj
20200215 11:20:44 DebugF:\Projects\unity\Moba\Server\apps\lua_test\TestLua.cpp:26  
tolua_to.obj
20200215 11:20:44 DebugF:\Projects\unity\Moba\Server\apps\lua_test\TestLua.cpp:26  
tty.obj
20200215 11:20:44 DebugF:\Projects\unity\Moba\Server\apps\lua_test\TestLua.cpp:26  
udp.obj
20200215 11:20:44 DebugF:\Projects\unity\Moba\Server\apps\lua_test\TestLua.cpp:26  
UdpSession.obj
20200215 11:20:44 DebugF:\Projects\unity\Moba\Server\apps\lua_test\TestLua.cpp:26  
util.obj
20200215 11:20:44 DebugF:\Projects\unity\Moba\Server\apps\lua_test\TestLua.cpp:26  
uv-common.obj
20200215 11:20:44 DebugF:\Projects\unity\Moba\Server\apps\lua_test\TestLua.cpp:26  
version.obj
20200215 11:20:44 DebugF:\Projects\unity\Moba\Server\apps\lua_test\TestLua.cpp:26  
WebSocketProtocol.obj
20200215 11:20:44 DebugF:\Projects\unity\Moba\Server\apps\lua_test\TestLua.cpp:26  
winapi.obj
20200215 11:20:44 DebugF:\Projects\unity\Moba\Server\apps\lua_test\TestLua.cpp:26  
winsock.obj
20200215 11:20:44 DebugF:\Projects\unity\Moba\Server\apps\lua_test\TestLua.cpp:26  
WinUtil.obj
20200215 11:20:44 DebugF:\Projects\unity\Moba\Server\apps\lua_test\TestLua.cpp:60  
·þÎñÆ÷ÍË³ö
20200215 21:45:17 Errortrunk:0  
../../apps/lua_test/scripts/ChatRoom/chat_room_main.lua:17: syntax error near 'Netbus'
20200215 21:45:17 DebugF:\Projects\unity\Moba\Server\apps\lua_test\TestLua.cpp:40  
???
20200215 21:45:17 DebugF:\Projects\unity\Moba\Server\apps\lua_test\TestLua.cpp:73  
·þÎñÆ÷ÍË³ö
20200215 21:46:19 Debug../../apps/lua_test/scripts/ChatRoom/chat_room_main.lua:20  
start all service success
20200215 21:46:19 Debug../../apps/lua_test/scripts/ChatRoom/chat_room_main.lua:28  
register chat_server success
20200215 21:46:19 DebugF:\Projects\unity\Moba\Server\apps\lua_test\TestLua.cpp:40  
???
