  mysqlwarpper.cpp
F:\Projects\unity\Moba\Server\database\mysqlwarpper.cpp(57,1): warning C4996: 'strdup': The POSIX name for this item is deprecated. Instead, use the ISO C and C++ conformant name: _strdup. See online help for details.
F:\Windows Kits\10\Include\10.0.18362.0\ucrt\string.h(536): message : 参见“strdup”的声明
F:\Projects\unity\Moba\Server\database\mysqlwarpper.cpp(153,22): warning C4018: “<”: 有符号/无符号不匹配
F:\Projects\unity\Moba\Server\database\mysqlwarpper.cpp(128,1): warning C4996: 'strdup': The POSIX name for this item is deprecated. Instead, use the ISO C and C++ conformant name: _strdup. See online help for details.
F:\Windows Kits\10\Include\10.0.18362.0\ucrt\string.h(536): message : 参见“strdup”的声明
F:\Projects\unity\Moba\Server\database\mysqlwarpper.cpp(207,1): warning C4996: 'strdup': The POSIX name for this item is deprecated. Instead, use the ISO C and C++ conformant name: _strdup. See online help for details.
F:\Windows Kits\10\Include\10.0.18362.0\ucrt\string.h(536): message : 参见“strdup”的声明
F:\Projects\unity\Moba\Server\database\mysqlwarpper.cpp(209,1): warning C4996: 'strdup': The POSIX name for this item is deprecated. Instead, use the ISO C and C++ conformant name: _strdup. See online help for details.
F:\Windows Kits\10\Include\10.0.18362.0\ucrt\string.h(536): message : 参见“strdup”的声明
F:\Projects\unity\Moba\Server\database\mysqlwarpper.cpp(210,1): warning C4996: 'strdup': The POSIX name for this item is deprecated. Instead, use the ISO C and C++ conformant name: _strdup. See online help for details.
F:\Windows Kits\10\Include\10.0.18362.0\ucrt\string.h(536): message : 参见“strdup”的声明
F:\Projects\unity\Moba\Server\database\mysqlwarpper.cpp(211,1): warning C4996: 'strdup': The POSIX name for this item is deprecated. Instead, use the ISO C and C++ conformant name: _strdup. See online help for details.
F:\Windows Kits\10\Include\10.0.18362.0\ucrt\string.h(536): message : 参见“strdup”的声明
F:\Projects\unity\Moba\Server\database\mysqlwarpper.cpp(249,1): warning C4996: 'strdup': The POSIX name for this item is deprecated. Instead, use the ISO C and C++ conformant name: _strdup. See online help for details.
  rediswarpper.cpp
F:\Windows Kits\10\Include\10.0.18362.0\ucrt\string.h(536): message : 参见“strdup”的声明
F:\Application\VS2019\VC\Tools\MSVC\14.23.28105\include\string(91,35): warning C4244: “初始化”: 从“__int64”转换到“long”，可能丢失数据
F:\Application\VS2019\VC\Tools\MSVC\14.23.28105\include\string(91,21): warning C4244: “初始化”: 从“__int64”转换到“const long”，可能丢失数据
F:\Application\VS2019\VC\Tools\MSVC\14.23.28105\include\string(114,35): warning C4244: “初始化”: 从“__int64”转换到“long”，可能丢失数据
F:\Application\VS2019\VC\Tools\MSVC\14.23.28105\include\string(114,21): warning C4244: “初始化”: 从“__int64”转换到“const long”，可能丢失数据
F:\Application\VS2019\VC\Tools\MSVC\14.23.28105\include\string(137,45): warning C4244: “初始化”: 从“unsigned __int64”转换到“unsigned long”，可能丢失数据
F:\Application\VS2019\VC\Tools\MSVC\14.23.28105\include\string(137,30): warning C4244: “初始化”: 从“unsigned __int64”转换到“const unsigned long”，可能丢失数据
F:\Projects\unity\Moba\Server\database\rediswarpper.cpp(49,22): warning C4838: 从“double”转换到“long”需要收缩转换
F:\Projects\unity\Moba\Server\database\rediswarpper.cpp(49,22): warning C4244: “初始化”: 从“double”转换到“long”，可能丢失数据
F:\Projects\unity\Moba\Server\database\rediswarpper.cpp(53,1): warning C4996: 'strdup': The POSIX name for this item is deprecated. Instead, use the ISO C and C++ conformant name: _strdup. See online help for details.
F:\Windows Kits\10\Include\10.0.18362.0\ucrt\string.h(536): message : 参见“strdup”的声明
F:\Projects\unity\Moba\Server\database\rediswarpper.cpp(158,1): warning C4996: 'strdup': The POSIX name for this item is deprecated. Instead, use the ISO C and C++ conformant name: _strdup. See online help for details.
F:\Windows Kits\10\Include\10.0.18362.0\ucrt\string.h(536): message : 参见“strdup”的声明
F:\Projects\unity\Moba\Server\database\rediswarpper.cpp(195,1): warning C4996: 'strdup': The POSIX name for this item is deprecated. Instead, use the ISO C and C++ conformant name: _strdup. See online help for details.
  正在生成代码...
F:\Windows Kits\10\Include\10.0.18362.0\ucrt\string.h(536): message : 参见“strdup”的声明
  MobaServer.vcxproj -> F:\Projects\unity\Moba\Server\build\proj_win32\x64\Debug\MobaServer.exe
