f:\projects\unity\moba\server\build\proj_win32\x64\debug\vc142.pdb
f:\projects\unity\moba\server\build\proj_win32\x64\debug\vc142.idb
f:\projects\unity\moba\server\build\proj_win32\x64\debug\base64_decoder.sbr
f:\projects\unity\moba\server\build\proj_win32\x64\debug\base64_encoder.sbr
f:\projects\unity\moba\server\build\proj_win32\x64\debug\md5.sbr
f:\projects\unity\moba\server\build\proj_win32\x64\debug\sha1.sbr
f:\projects\unity\moba\server\build\proj_win32\x64\debug\http_parser.sbr
f:\projects\unity\moba\server\build\proj_win32\x64\debug\fs-poll.sbr
f:\projects\unity\moba\server\build\proj_win32\x64\debug\inet.sbr
f:\projects\unity\moba\server\build\proj_win32\x64\debug\threadpool.sbr
f:\projects\unity\moba\server\build\proj_win32\x64\debug\uv-common.sbr
f:\projects\unity\moba\server\build\proj_win32\x64\debug\version.sbr
f:\projects\unity\moba\server\build\proj_win32\x64\debug\async.sbr
f:\projects\unity\moba\server\build\proj_win32\x64\debug\core.sbr
f:\projects\unity\moba\server\build\proj_win32\x64\debug\dl.sbr
f:\projects\unity\moba\server\build\proj_win32\x64\debug\error.sbr
f:\projects\unity\moba\server\build\proj_win32\x64\debug\fs-event.sbr
f:\projects\unity\moba\server\build\proj_win32\x64\debug\fs.sbr
f:\projects\unity\moba\server\build\proj_win32\x64\debug\getaddrinfo.sbr
f:\projects\unity\moba\server\build\proj_win32\x64\debug\getnameinfo.sbr
f:\projects\unity\moba\server\build\proj_win32\x64\debug\handle.sbr
f:\projects\unity\moba\server\build\proj_win32\x64\debug\loop-watcher.sbr
f:\projects\unity\moba\server\build\proj_win32\x64\debug\loop-watcher.obj
f:\projects\unity\moba\server\build\proj_win32\x64\debug\handle.obj
f:\projects\unity\moba\server\build\proj_win32\x64\debug\getnameinfo.obj
f:\projects\unity\moba\server\build\proj_win32\x64\debug\getaddrinfo.obj
f:\projects\unity\moba\server\build\proj_win32\x64\debug\fs.obj
f:\projects\unity\moba\server\build\proj_win32\x64\debug\fs-event.obj
f:\projects\unity\moba\server\build\proj_win32\x64\debug\error.obj
f:\projects\unity\moba\server\build\proj_win32\x64\debug\dl.obj
f:\projects\unity\moba\server\build\proj_win32\x64\debug\core.obj
f:\projects\unity\moba\server\build\proj_win32\x64\debug\async.obj
f:\projects\unity\moba\server\build\proj_win32\x64\debug\version.obj
f:\projects\unity\moba\server\build\proj_win32\x64\debug\uv-common.obj
f:\projects\unity\moba\server\build\proj_win32\x64\debug\threadpool.obj
f:\projects\unity\moba\server\build\proj_win32\x64\debug\inet.obj
f:\projects\unity\moba\server\build\proj_win32\x64\debug\fs-poll.obj
f:\projects\unity\moba\server\build\proj_win32\x64\debug\http_parser.obj
f:\projects\unity\moba\server\build\proj_win32\x64\debug\sha1.obj
f:\projects\unity\moba\server\build\proj_win32\x64\debug\md5.obj
f:\projects\unity\moba\server\build\proj_win32\x64\debug\base64_encoder.obj
f:\projects\unity\moba\server\build\proj_win32\x64\debug\base64_decoder.obj
f:\projects\unity\moba\server\build\proj_win32\x64\debug\pipe.sbr
f:\projects\unity\moba\server\build\proj_win32\x64\debug\poll.sbr
f:\projects\unity\moba\server\build\proj_win32\x64\debug\process-stdio.sbr
f:\projects\unity\moba\server\build\proj_win32\x64\debug\process.sbr
f:\projects\unity\moba\server\build\proj_win32\x64\debug\req.sbr
f:\projects\unity\moba\server\build\proj_win32\x64\debug\signal.sbr
f:\projects\unity\moba\server\build\proj_win32\x64\debug\snprintf.sbr
f:\projects\unity\moba\server\build\proj_win32\x64\debug\stream.sbr
f:\projects\unity\moba\server\build\proj_win32\x64\debug\tcp.sbr
f:\projects\unity\moba\server\build\proj_win32\x64\debug\thread.sbr
f:\projects\unity\moba\server\build\proj_win32\x64\debug\timer.sbr
f:\projects\unity\moba\server\build\proj_win32\x64\debug\tty.sbr
f:\projects\unity\moba\server\build\proj_win32\x64\debug\udp.sbr
f:\projects\unity\moba\server\build\proj_win32\x64\debug\util.sbr
f:\projects\unity\moba\server\build\proj_win32\x64\debug\winapi.sbr
f:\projects\unity\moba\server\build\proj_win32\x64\debug\winsock.sbr
f:\projects\unity\moba\server\build\proj_win32\x64\debug\lapi.sbr
f:\projects\unity\moba\server\build\proj_win32\x64\debug\lauxlib.sbr
f:\projects\unity\moba\server\build\proj_win32\x64\debug\lbaselib.sbr
f:\projects\unity\moba\server\build\proj_win32\x64\debug\lbitlib.sbr
f:\projects\unity\moba\server\build\proj_win32\x64\debug\lbitlib.obj
f:\projects\unity\moba\server\build\proj_win32\x64\debug\lbaselib.obj
f:\projects\unity\moba\server\build\proj_win32\x64\debug\lauxlib.obj
f:\projects\unity\moba\server\build\proj_win32\x64\debug\lapi.obj
f:\projects\unity\moba\server\build\proj_win32\x64\debug\winsock.obj
f:\projects\unity\moba\server\build\proj_win32\x64\debug\winapi.obj
f:\projects\unity\moba\server\build\proj_win32\x64\debug\util.obj
f:\projects\unity\moba\server\build\proj_win32\x64\debug\udp.obj
f:\projects\unity\moba\server\build\proj_win32\x64\debug\tty.obj
f:\projects\unity\moba\server\build\proj_win32\x64\debug\timer.obj
f:\projects\unity\moba\server\build\proj_win32\x64\debug\thread.obj
f:\projects\unity\moba\server\build\proj_win32\x64\debug\tcp.obj
f:\projects\unity\moba\server\build\proj_win32\x64\debug\stream.obj
f:\projects\unity\moba\server\build\proj_win32\x64\debug\snprintf.obj
f:\projects\unity\moba\server\build\proj_win32\x64\debug\signal.obj
f:\projects\unity\moba\server\build\proj_win32\x64\debug\req.obj
f:\projects\unity\moba\server\build\proj_win32\x64\debug\process.obj
f:\projects\unity\moba\server\build\proj_win32\x64\debug\process-stdio.obj
f:\projects\unity\moba\server\build\proj_win32\x64\debug\poll.obj
f:\projects\unity\moba\server\build\proj_win32\x64\debug\pipe.obj
f:\projects\unity\moba\server\build\proj_win32\x64\debug\lcode.sbr
f:\projects\unity\moba\server\build\proj_win32\x64\debug\lcorolib.sbr
f:\projects\unity\moba\server\build\proj_win32\x64\debug\lctype.sbr
f:\projects\unity\moba\server\build\proj_win32\x64\debug\ldblib.sbr
f:\projects\unity\moba\server\build\proj_win32\x64\debug\ldebug.sbr
f:\projects\unity\moba\server\build\proj_win32\x64\debug\ldo.sbr
f:\projects\unity\moba\server\build\proj_win32\x64\debug\ldump.sbr
f:\projects\unity\moba\server\build\proj_win32\x64\debug\lfunc.sbr
f:\projects\unity\moba\server\build\proj_win32\x64\debug\lgc.sbr
f:\projects\unity\moba\server\build\proj_win32\x64\debug\linit.sbr
f:\projects\unity\moba\server\build\proj_win32\x64\debug\liolib.sbr
f:\projects\unity\moba\server\build\proj_win32\x64\debug\llex.sbr
f:\projects\unity\moba\server\build\proj_win32\x64\debug\lmathlib.sbr
f:\projects\unity\moba\server\build\proj_win32\x64\debug\lmem.sbr
f:\projects\unity\moba\server\build\proj_win32\x64\debug\loadlib.sbr
f:\projects\unity\moba\server\build\proj_win32\x64\debug\lobject.sbr
f:\projects\unity\moba\server\build\proj_win32\x64\debug\lopcodes.sbr
f:\projects\unity\moba\server\build\proj_win32\x64\debug\loslib.sbr
f:\projects\unity\moba\server\build\proj_win32\x64\debug\lparser.sbr
f:\projects\unity\moba\server\build\proj_win32\x64\debug\lstate.sbr
f:\projects\unity\moba\server\build\proj_win32\x64\debug\lstate.obj
f:\projects\unity\moba\server\build\proj_win32\x64\debug\lparser.obj
f:\projects\unity\moba\server\build\proj_win32\x64\debug\loslib.obj
f:\projects\unity\moba\server\build\proj_win32\x64\debug\lopcodes.obj
f:\projects\unity\moba\server\build\proj_win32\x64\debug\lobject.obj
f:\projects\unity\moba\server\build\proj_win32\x64\debug\loadlib.obj
f:\projects\unity\moba\server\build\proj_win32\x64\debug\lmem.obj
f:\projects\unity\moba\server\build\proj_win32\x64\debug\lmathlib.obj
f:\projects\unity\moba\server\build\proj_win32\x64\debug\llex.obj
f:\projects\unity\moba\server\build\proj_win32\x64\debug\liolib.obj
f:\projects\unity\moba\server\build\proj_win32\x64\debug\linit.obj
f:\projects\unity\moba\server\build\proj_win32\x64\debug\lgc.obj
f:\projects\unity\moba\server\build\proj_win32\x64\debug\lfunc.obj
f:\projects\unity\moba\server\build\proj_win32\x64\debug\ldump.obj
f:\projects\unity\moba\server\build\proj_win32\x64\debug\ldo.obj
f:\projects\unity\moba\server\build\proj_win32\x64\debug\ldebug.obj
f:\projects\unity\moba\server\build\proj_win32\x64\debug\ldblib.obj
f:\projects\unity\moba\server\build\proj_win32\x64\debug\lctype.obj
f:\projects\unity\moba\server\build\proj_win32\x64\debug\lcorolib.obj
f:\projects\unity\moba\server\build\proj_win32\x64\debug\lcode.obj
f:\projects\unity\moba\server\build\proj_win32\x64\debug\lstring.sbr
f:\projects\unity\moba\server\build\proj_win32\x64\debug\lstrlib.sbr
f:\projects\unity\moba\server\build\proj_win32\x64\debug\ltable.sbr
f:\projects\unity\moba\server\build\proj_win32\x64\debug\ltablib.sbr
f:\projects\unity\moba\server\build\proj_win32\x64\debug\ltm.sbr
f:\projects\unity\moba\server\build\proj_win32\x64\debug\lua.sbr
f:\projects\unity\moba\server\build\proj_win32\x64\debug\luac.sbr
f:\projects\unity\moba\server\build\proj_win32\x64\debug\lundump.sbr
f:\projects\unity\moba\server\build\proj_win32\x64\debug\lutf8lib.sbr
f:\projects\unity\moba\server\build\proj_win32\x64\debug\lvm.sbr
f:\projects\unity\moba\server\build\proj_win32\x64\debug\lzio.sbr
f:\projects\unity\moba\server\build\proj_win32\x64\debug\json.sbr
f:\projects\unity\moba\server\build\proj_win32\x64\debug\cache_alloc.sbr
f:\projects\unity\moba\server\build\proj_win32\x64\debug\time_list.sbr
f:\projects\unity\moba\server\build\proj_win32\x64\debug\timestamp.sbr
f:\projects\unity\moba\server\build\proj_win32\x64\debug\timestamp.obj
f:\projects\unity\moba\server\build\proj_win32\x64\debug\time_list.obj
f:\projects\unity\moba\server\build\proj_win32\x64\debug\cache_alloc.obj
f:\projects\unity\moba\server\build\proj_win32\x64\debug\json.obj
f:\projects\unity\moba\server\build\proj_win32\x64\debug\lzio.obj
f:\projects\unity\moba\server\build\proj_win32\x64\debug\lvm.obj
f:\projects\unity\moba\server\build\proj_win32\x64\debug\lutf8lib.obj
f:\projects\unity\moba\server\build\proj_win32\x64\debug\lundump.obj
f:\projects\unity\moba\server\build\proj_win32\x64\debug\luac.obj
f:\projects\unity\moba\server\build\proj_win32\x64\debug\lua.obj
f:\projects\unity\moba\server\build\proj_win32\x64\debug\ltm.obj
f:\projects\unity\moba\server\build\proj_win32\x64\debug\ltablib.obj
f:\projects\unity\moba\server\build\proj_win32\x64\debug\ltable.obj
f:\projects\unity\moba\server\build\proj_win32\x64\debug\lstrlib.obj
f:\projects\unity\moba\server\build\proj_win32\x64\debug\lstring.obj
f:\projects\unity\moba\server\build\proj_win32\x64\debug\pf_cmd_map.sbr
f:\projects\unity\moba\server\build\proj_win32\x64\debug\game.pb.sbr
f:\projects\unity\moba\server\build\proj_win32\x64\debug\testcpp.sbr
f:\projects\unity\moba\server\build\proj_win32\x64\debug\mysqlwarpper.sbr
f:\projects\unity\moba\server\build\proj_win32\x64\debug\rediswarpper.sbr
f:\projects\unity\moba\server\build\proj_win32\x64\debug\netbus.sbr
f:\projects\unity\moba\server\build\proj_win32\x64\debug\cmdpackageprotocol.sbr
f:\projects\unity\moba\server\build\proj_win32\x64\debug\tcppackageprotocol.sbr
f:\projects\unity\moba\server\build\proj_win32\x64\debug\websocketprotocol.sbr
f:\projects\unity\moba\server\build\proj_win32\x64\debug\abstractservice.sbr
f:\projects\unity\moba\server\build\proj_win32\x64\debug\servicemanager.sbr
f:\projects\unity\moba\server\build\proj_win32\x64\debug\abstractsession.sbr
f:\projects\unity\moba\server\build\proj_win32\x64\debug\tcpsession.sbr
f:\projects\unity\moba\server\build\proj_win32\x64\debug\udpsession.sbr
f:\projects\unity\moba\server\build\proj_win32\x64\debug\logger.sbr
f:\projects\unity\moba\server\build\proj_win32\x64\debug\logger.obj
f:\projects\unity\moba\server\build\proj_win32\x64\debug\udpsession.obj
f:\projects\unity\moba\server\build\proj_win32\x64\debug\tcpsession.obj
f:\projects\unity\moba\server\build\proj_win32\x64\debug\abstractsession.obj
f:\projects\unity\moba\server\build\proj_win32\x64\debug\servicemanager.obj
f:\projects\unity\moba\server\build\proj_win32\x64\debug\abstractservice.obj
f:\projects\unity\moba\server\build\proj_win32\x64\debug\websocketprotocol.obj
f:\projects\unity\moba\server\build\proj_win32\x64\debug\tcppackageprotocol.obj
f:\projects\unity\moba\server\build\proj_win32\x64\debug\cmdpackageprotocol.obj
f:\projects\unity\moba\server\build\proj_win32\x64\debug\netbus.obj
f:\projects\unity\moba\server\build\proj_win32\x64\debug\rediswarpper.obj
f:\projects\unity\moba\server\build\proj_win32\x64\debug\mysqlwarpper.obj
f:\projects\unity\moba\server\build\proj_win32\x64\debug\testcpp.obj
f:\projects\unity\moba\server\build\proj_win32\x64\debug\game.pb.obj
f:\projects\unity\moba\server\build\proj_win32\x64\debug\pf_cmd_map.obj
f:\projects\unity\moba\server\build\proj_win32\x64\debug\lua_wrapper.sbr
f:\projects\unity\moba\server\build\proj_win32\x64\debug\lua_wrapper.obj
f:\projects\unity\moba\server\build\proj_win32\x64\debug\tolua_event.sbr
f:\projects\unity\moba\server\build\proj_win32\x64\debug\tolua_is.sbr
f:\projects\unity\moba\server\build\proj_win32\x64\debug\tolua_map.sbr
f:\projects\unity\moba\server\build\proj_win32\x64\debug\tolua_push.sbr
f:\projects\unity\moba\server\build\proj_win32\x64\debug\tolua_to.sbr
f:\projects\unity\moba\server\build\proj_win32\x64\debug\tolua_to.obj
f:\projects\unity\moba\server\build\proj_win32\x64\debug\tolua_push.obj
f:\projects\unity\moba\server\build\proj_win32\x64\debug\tolua_map.obj
f:\projects\unity\moba\server\build\proj_win32\x64\debug\tolua_is.obj
f:\projects\unity\moba\server\build\proj_win32\x64\debug\tolua_event.obj
f:\projects\unity\moba\server\build\proj_win32\x64\debug\tolua_fix.sbr
f:\projects\unity\moba\server\build\proj_win32\x64\debug\mysql_export_to_lua.sbr
f:\projects\unity\moba\server\build\proj_win32\x64\debug\tolua_fix.obj
f:\projects\unity\moba\server\build\proj_win32\x64\debug\mysql_export_to_lua.obj
f:\projects\unity\moba\server\build\proj_win32\x64\debug\mobaserver.exe
f:\projects\unity\moba\server\build\proj_win32\x64\debug\mobaserver.ilk
f:\projects\unity\moba\server\build\proj_win32\x64\debug\mobaserver.pdb
f:\projects\unity\moba\server\build\proj_win32\x64\debug\mobaserver.bsc
f:\projects\unity\moba\server\build\proj_win32\x64\debug\mobaserver.tlog\bscmake.command.1.tlog
f:\projects\unity\moba\server\build\proj_win32\x64\debug\mobaserver.tlog\bscmake.read.1.tlog
f:\projects\unity\moba\server\build\proj_win32\x64\debug\mobaserver.tlog\cl.command.1.tlog
f:\projects\unity\moba\server\build\proj_win32\x64\debug\mobaserver.tlog\cl.read.1.tlog
f:\projects\unity\moba\server\build\proj_win32\x64\debug\mobaserver.tlog\cl.write.1.tlog
f:\projects\unity\moba\server\build\proj_win32\x64\debug\mobaserver.tlog\link.command.1.tlog
f:\projects\unity\moba\server\build\proj_win32\x64\debug\mobaserver.tlog\link.read.1.tlog
f:\projects\unity\moba\server\build\proj_win32\x64\debug\mobaserver.tlog\link.write.1.tlog
